<?xml version="1.0" encoding="UTF-8"?>
<coverage generated="1607965475264" clover="3.2.0">
  <project timestamp="1607965475264" name="All files">
    <metrics statements="200" coveredstatements="193" conditionals="456" coveredconditionals="344" methods="120" coveredmethods="103" elements="776" coveredelements="640" complexity="0" loc="200" ncloc="200" packages="4" files="10" classes="10"/>
    <package name="_mocks_.react-native-keychain">
      <metrics statements="2" coveredstatements="2" conditionals="0" coveredconditionals="0" methods="0" coveredmethods="0"/>
      <file name="index.js" path="C:\Users\Admin\javaScript\FundooNotes\_mocks_\react-native-keychain\index.js">
        <metrics statements="2" coveredstatements="2" conditionals="0" coveredconditionals="0" methods="0" coveredmethods="0"/>
        <line num="1" count="3" type="stmt"/>
        <line num="9" count="3" type="stmt"/>
      </file>
    </package>
    <package name="src.assets">
      <metrics statements="3" coveredstatements="3" conditionals="0" coveredconditionals="0" methods="0" coveredmethods="0"/>
      <file name="FundoIcon.png" path="C:\Users\Admin\javaScript\FundooNotes\src\assets\FundoIcon.png">
        <metrics statements="1" coveredstatements="1" conditionals="0" coveredconditionals="0" methods="0" coveredmethods="0"/>
        <line num="1" count="3" type="stmt"/>
      </file>
      <file name="hidePasswordIcon.png" path="C:\Users\Admin\javaScript\FundooNotes\src\assets\hidePasswordIcon.png">
        <metrics statements="1" coveredstatements="1" conditionals="0" coveredconditionals="0" methods="0" coveredmethods="0"/>
        <line num="1" count="3" type="stmt"/>
      </file>
      <file name="showPasswordIcon.png" path="C:\Users\Admin\javaScript\FundooNotes\src\assets\showPasswordIcon.png">
        <metrics statements="1" coveredstatements="1" conditionals="0" coveredconditionals="0" methods="0" coveredmethods="0"/>
        <line num="1" count="3" type="stmt"/>
      </file>
    </package>
    <package name="src.components">
      <metrics statements="183" coveredstatements="176" conditionals="444" coveredconditionals="335" methods="117" coveredmethods="100"/>
      <file name="ForgotPasswordScreen.js" path="C:\Users\Admin\javaScript\FundooNotes\src\components\ForgotPasswordScreen.js">
        <metrics statements="63" coveredstatements="60" conditionals="148" coveredconditionals="112" methods="42" coveredmethods="35"/>
        <line num="1" count="1" type="stmt"/>
        <line num="2" count="1" type="stmt"/>
        <line num="3" count="1" type="stmt"/>
        <line num="4" count="28" type="cond" truecount="45" falsecount="28"/>
        <line num="6" count="1" type="stmt"/>
        <line num="7" count="11" type="stmt"/>
        <line num="8" count="11" type="stmt"/>
        <line num="23" count="2" type="cond" truecount="4" falsecount="0"/>
        <line num="28" count="11" type="stmt"/>
        <line num="30" count="3" type="cond" truecount="5" falsecount="0"/>
        <line num="32" count="1" type="stmt"/>
        <line num="33" count="1" type="cond" truecount="0" falsecount="2"/>
        <line num="34" count="0" type="stmt"/>
        <line num="38" count="0" type="stmt"/>
        <line num="41" count="11" type="stmt"/>
        <line num="47" count="2" type="cond" truecount="4" falsecount="0"/>
        <line num="52" count="11" type="stmt"/>
        <line num="55" count="3" type="cond" truecount="3" falsecount="0"/>
        <line num="56" count="3" type="stmt"/>
        <line num="57" count="3" type="cond" truecount="2" falsecount="0"/>
        <line num="58" count="2" type="stmt"/>
        <line num="63" count="1" type="stmt"/>
        <line num="66" count="11" type="stmt"/>
        <line num="69" count="0" type="cond" truecount="0" falsecount="3"/>
        <line num="71" count="11" type="stmt"/>
        <line num="75" count="2" type="cond" truecount="3" falsecount="0"/>
        <line num="76" count="2" type="stmt"/>
        <line num="77" count="2" type="stmt"/>
        <line num="78" count="2" type="cond" truecount="2" falsecount="0"/>
        <line num="79" count="1" type="stmt"/>
        <line num="84" count="1" type="stmt"/>
        <line num="88" count="11" type="stmt"/>
        <line num="91" count="2" type="cond" truecount="3" falsecount="0"/>
        <line num="92" count="2" type="stmt"/>
        <line num="93" count="2" type="stmt"/>
        <line num="94" count="2" type="cond" truecount="2" falsecount="0"/>
        <line num="95" count="1" type="stmt"/>
        <line num="100" count="1" type="stmt"/>
        <line num="104" count="11" type="stmt"/>
        <line num="107" count="2" type="cond" truecount="3" falsecount="0"/>
        <line num="110" count="11" type="stmt"/>
        <line num="114" count="2" type="cond" truecount="3" falsecount="0"/>
        <line num="115" count="2" type="stmt"/>
        <line num="116" count="2" type="cond" truecount="7" falsecount="0"/>
        <line num="122" count="1" type="stmt"/>
        <line num="123" count="1" type="stmt"/>
        <line num="125" count="1" type="cond" truecount="1" falsecount="1"/>
        <line num="126" count="1" type="stmt"/>
        <line num="130" count="1" type="cond" truecount="1" falsecount="1"/>
        <line num="131" count="1" type="stmt"/>
        <line num="135" count="1" type="cond" truecount="1" falsecount="1"/>
        <line num="136" count="1" type="stmt"/>
        <line num="141" count="11" type="stmt"/>
        <line num="144" count="2" type="cond" truecount="3" falsecount="0"/>
        <line num="145" count="1" type="stmt"/>
        <line num="146" count="1" type="stmt"/>
        <line num="147" count="11" type="stmt"/>
        <line num="151" count="1" type="stmt"/>
        <line num="152" count="1" type="stmt"/>
        <line num="153" count="1" type="stmt"/>
        <line num="154" count="11" type="stmt"/>
        <line num="157" count="28" type="stmt"/>
        <line num="262" count="1" type="stmt"/>
      </file>
      <file name="LogInScreen.js" path="C:\Users\Admin\javaScript\FundooNotes\src\components\LogInScreen.js">
        <metrics statements="47" coveredstatements="43" conditionals="121" coveredconditionals="87" methods="31" coveredmethods="26"/>
        <line num="1" count="1" type="stmt"/>
        <line num="2" count="1" type="stmt"/>
        <line num="3" count="1" type="stmt"/>
        <line num="4" count="28" type="cond" truecount="45" falsecount="28"/>
        <line num="6" count="1" type="stmt"/>
        <line num="7" count="8" type="stmt"/>
        <line num="8" count="8" type="stmt"/>
        <line num="20" count="4" type="cond" truecount="6" falsecount="0"/>
        <line num="23" count="1" type="stmt"/>
        <line num="27" count="1" type="stmt"/>
        <line num="28" count="1" type="cond" truecount="0" falsecount="2"/>
        <line num="29" count="0" type="stmt"/>
        <line num="33" count="0" type="stmt"/>
        <line num="36" count="8" type="stmt"/>
        <line num="42" count="4" type="cond" truecount="6" falsecount="0"/>
        <line num="45" count="1" type="stmt"/>
        <line num="49" count="1" type="stmt"/>
        <line num="50" count="1" type="cond" truecount="0" falsecount="2"/>
        <line num="51" count="0" type="stmt"/>
        <line num="55" count="0" type="stmt"/>
        <line num="58" count="8" type="stmt"/>
        <line num="64" count="2" type="cond" truecount="3" falsecount="0"/>
        <line num="65" count="2" type="stmt"/>
        <line num="66" count="2" type="stmt"/>
        <line num="67" count="2" type="cond" truecount="2" falsecount="0"/>
        <line num="68" count="1" type="stmt"/>
        <line num="73" count="1" type="stmt"/>
        <line num="77" count="8" type="stmt"/>
        <line num="80" count="2" type="cond" truecount="3" falsecount="0"/>
        <line num="81" count="2" type="stmt"/>
        <line num="82" count="2" type="cond" truecount="6" falsecount="0"/>
        <line num="86" count="1" type="stmt"/>
        <line num="88" count="1" type="cond" truecount="1" falsecount="1"/>
        <line num="89" count="1" type="stmt"/>
        <line num="93" count="1" type="cond" truecount="1" falsecount="1"/>
        <line num="94" count="1" type="stmt"/>
        <line num="99" count="8" type="stmt"/>
        <line num="103" count="1" type="stmt"/>
        <line num="104" count="1" type="stmt"/>
        <line num="105" count="1" type="stmt"/>
        <line num="106" count="8" type="stmt"/>
        <line num="108" count="1" type="stmt"/>
        <line num="109" count="1" type="stmt"/>
        <line num="110" count="1" type="stmt"/>
        <line num="111" count="8" type="stmt"/>
        <line num="114" count="16" type="stmt"/>
        <line num="185" count="1" type="stmt"/>
      </file>
      <file name="SignUpScreen.js" path="C:\Users\Admin\javaScript\FundooNotes\src\components\SignUpScreen.js">
        <metrics statements="73" coveredstatements="73" conditionals="175" coveredconditionals="136" methods="44" coveredmethods="39"/>
        <line num="1" count="1" type="stmt"/>
        <line num="2" count="1" type="stmt"/>
        <line num="3" count="1" type="stmt"/>
        <line num="4" count="28" type="cond" truecount="45" falsecount="28"/>
        <line num="6" count="1" type="stmt"/>
        <line num="7" count="15" type="stmt"/>
        <line num="8" count="15" type="stmt"/>
        <line num="29" count="2" type="cond" truecount="4" falsecount="0"/>
        <line num="35" count="1" type="stmt"/>
        <line num="36" count="1" type="cond" truecount="1" falsecount="1"/>
        <line num="38" count="15" type="stmt"/>
        <line num="41" count="2" type="cond" truecount="4" falsecount="0"/>
        <line num="47" count="1" type="stmt"/>
        <line num="48" count="1" type="cond" truecount="1" falsecount="1"/>
        <line num="50" count="15" type="stmt"/>
        <line num="53" count="2" type="cond" truecount="4" falsecount="0"/>
        <line num="58" count="15" type="stmt"/>
        <line num="61" count="3" type="cond" truecount="3" falsecount="0"/>
        <line num="62" count="3" type="stmt"/>
        <line num="63" count="3" type="cond" truecount="2" falsecount="0"/>
        <line num="64" count="2" type="stmt"/>
        <line num="69" count="1" type="stmt"/>
        <line num="72" count="15" type="stmt"/>
        <line num="75" count="2" type="cond" truecount="4" falsecount="0"/>
        <line num="80" count="15" type="stmt"/>
        <line num="83" count="3" type="cond" truecount="3" falsecount="0"/>
        <line num="84" count="3" type="stmt"/>
        <line num="85" count="3" type="cond" truecount="2" falsecount="0"/>
        <line num="86" count="2" type="stmt"/>
        <line num="91" count="1" type="stmt"/>
        <line num="94" count="15" type="stmt"/>
        <line num="97" count="2" type="cond" truecount="3" falsecount="0"/>
        <line num="100" count="15" type="stmt"/>
        <line num="104" count="2" type="cond" truecount="3" falsecount="0"/>
        <line num="105" count="2" type="stmt"/>
        <line num="106" count="2" type="stmt"/>
        <line num="108" count="2" type="cond" truecount="2" falsecount="0"/>
        <line num="109" count="1" type="stmt"/>
        <line num="113" count="1" type="stmt"/>
        <line num="117" count="15" type="stmt"/>
        <line num="120" count="2" type="cond" truecount="3" falsecount="0"/>
        <line num="121" count="2" type="stmt"/>
        <line num="122" count="2" type="stmt"/>
        <line num="124" count="2" type="cond" truecount="2" falsecount="0"/>
        <line num="125" count="1" type="stmt"/>
        <line num="129" count="1" type="stmt"/>
        <line num="133" count="15" type="stmt"/>
        <line num="136" count="2" type="cond" truecount="3" falsecount="0"/>
        <line num="137" count="2" type="stmt"/>
        <line num="138" count="2" type="cond" truecount="11" falsecount="0"/>
        <line num="148" count="1" type="stmt"/>
        <line num="149" count="1" type="stmt"/>
        <line num="151" count="1" type="cond" truecount="1" falsecount="1"/>
        <line num="152" count="1" type="stmt"/>
        <line num="156" count="1" type="cond" truecount="1" falsecount="1"/>
        <line num="157" count="1" type="stmt"/>
        <line num="161" count="1" type="cond" truecount="1" falsecount="1"/>
        <line num="162" count="1" type="stmt"/>
        <line num="166" count="1" type="cond" truecount="1" falsecount="1"/>
        <line num="167" count="1" type="stmt"/>
        <line num="171" count="1" type="cond" truecount="1" falsecount="1"/>
        <line num="172" count="1" type="stmt"/>
        <line num="177" count="15" type="stmt"/>
        <line num="180" count="2" type="cond" truecount="3" falsecount="0"/>
        <line num="181" count="1" type="stmt"/>
        <line num="182" count="1" type="stmt"/>
        <line num="183" count="15" type="stmt"/>
        <line num="187" count="1" type="stmt"/>
        <line num="188" count="1" type="stmt"/>
        <line num="189" count="1" type="stmt"/>
        <line num="190" count="15" type="stmt"/>
        <line num="193" count="43" type="stmt"/>
        <line num="334" count="1" type="stmt"/>
      </file>
    </package>
    <package name="src.styles">
      <metrics statements="12" coveredstatements="12" conditionals="12" coveredconditionals="9" methods="3" coveredmethods="3"/>
      <file name="ForgotPasswordScreenStyles.js" path="C:\Users\Admin\javaScript\FundooNotes\src\styles\ForgotPasswordScreenStyles.js">
        <metrics statements="4" coveredstatements="4" conditionals="4" coveredconditionals="3" methods="1" coveredmethods="1"/>
        <line num="1" count="1" type="stmt"/>
        <line num="2" count="1" type="cond" truecount="3" falsecount="1"/>
        <line num="4" count="1" type="stmt"/>
        <line num="84" count="1" type="stmt"/>
      </file>
      <file name="LogInPageStyles.js" path="C:\Users\Admin\javaScript\FundooNotes\src\styles\LogInPageStyles.js">
        <metrics statements="4" coveredstatements="4" conditionals="4" coveredconditionals="3" methods="1" coveredmethods="1"/>
        <line num="1" count="1" type="stmt"/>
        <line num="2" count="1" type="cond" truecount="3" falsecount="1"/>
        <line num="4" count="1" type="stmt"/>
        <line num="87" count="1" type="stmt"/>
      </file>
      <file name="SignUpStyles.js" path="C:\Users\Admin\javaScript\FundooNotes\src\styles\SignUpStyles.js">
        <metrics statements="4" coveredstatements="4" conditionals="4" coveredconditionals="3" methods="1" coveredmethods="1"/>
        <line num="1" count="1" type="stmt"/>
        <line num="2" count="1" type="cond" truecount="3" falsecount="1"/>
        <line num="4" count="1" type="stmt"/>
        <line num="90" count="1" type="stmt"/>
      </file>
    </package>
  </project>
</coverage>
