{"C:\\Users\\Admin\\javaScript\\FundooNotes\\src\\assets\\FundoIcon.png": {"path":"C:\\Users\\Admin\\javaScript\\FundooNotes\\src\\assets\\FundoIcon.png","statementMap":{"0":{"start":{"line":1,"column":0},"end":{"line":4,"column":6}}},"fnMap":{},"branchMap":{},"s":{"0":2},"f":{},"b":{},"inputSourceMap":null,"_coverageSchema":"1a1c01bbd47fc00a2c39e90264f33305004495a9","hash":"8d501d0dff78316b3c003b397e6e9f3cd5bed2dc"}
,"C:\\Users\\Admin\\javaScript\\FundooNotes\\src\\assets\\hidePasswordIcon.png": {"path":"C:\\Users\\Admin\\javaScript\\FundooNotes\\src\\assets\\hidePasswordIcon.png","statementMap":{"0":{"start":{"line":1,"column":0},"end":{"line":4,"column":6}}},"fnMap":{},"branchMap":{},"s":{"0":1},"f":{},"b":{},"inputSourceMap":null,"_coverageSchema":"1a1c01bbd47fc00a2c39e90264f33305004495a9","hash":"30dd2757206350c26bf7de6f97f52a2392ae756a"}
,"C:\\Users\\Admin\\javaScript\\FundooNotes\\src\\assets\\showPasswordIcon.png": {"path":"C:\\Users\\Admin\\javaScript\\FundooNotes\\src\\assets\\showPasswordIcon.png","statementMap":{"0":{"start":{"line":1,"column":0},"end":{"line":4,"column":6}}},"fnMap":{},"branchMap":{},"s":{"0":2},"f":{},"b":{},"inputSourceMap":null,"_coverageSchema":"1a1c01bbd47fc00a2c39e90264f33305004495a9","hash":"bdececfc2156e0b718ffc4b4b0392188731933c2"}
,"C:\\Users\\Admin\\javaScript\\FundooNotes\\src\\components\\LogInScreen.js": {"path":"C:\\Users\\Admin\\javaScript\\FundooNotes\\src\\components\\LogInScreen.js","statementMap":{"0":{"start":{"line":1,"column":13},"end":{"line":1,"column":75}},"1":{"start":{"line":1,"column":75},"end":{"line":1,"column":100}},"2":{"start":{"line":1,"column":113},"end":{"line":1,"column":154}},"3":{"start":{"line":2,"column":19},"end":{"line":2,"column":42}},"4":{"start":{"line":3,"column":23},"end":{"line":3,"column":83}},"5":{"start":{"line":3,"column":103},"end":{"line":3,"column":179}},"6":{"start":{"line":3,"column":218},"end":{"line":3,"column":272}},"7":{"start":{"line":3,"column":310},"end":{"line":3,"column":357}},"8":{"start":{"line":3,"column":345},"end":{"line":3,"column":357}},"9":{"start":{"line":3,"column":369},"end":{"line":3,"column":382}},"10":{"start":{"line":3,"column":383},"end":{"line":3,"column":462}},"11":{"start":{"line":3,"column":447},"end":{"line":3,"column":460}},"12":{"start":{"line":3,"column":462},"end":{"line":3,"column":475}},"13":{"start":{"line":3,"column":515},"end":{"line":3,"column":555}},"14":{"start":{"line":3,"column":543},"end":{"line":3,"column":554}},"15":{"start":{"line":3,"column":555},"end":{"line":3,"column":655}},"16":{"start":{"line":3,"column":630},"end":{"line":3,"column":654}},"17":{"start":{"line":3,"column":667},"end":{"line":3,"column":693}},"18":{"start":{"line":3,"column":694},"end":{"line":3,"column":747}},"19":{"start":{"line":3,"column":724},"end":{"line":3,"column":746}},"20":{"start":{"line":3,"column":760},"end":{"line":3,"column":762}},"21":{"start":{"line":3,"column":791},"end":{"line":3,"column":847}},"22":{"start":{"line":3,"column":848},"end":{"line":3,"column":1119}},"23":{"start":{"line":3,"column":870},"end":{"line":3,"column":1118}},"24":{"start":{"line":3,"column":934},"end":{"line":3,"column":1006}},"25":{"start":{"line":3,"column":1007},"end":{"line":3,"column":1117}},"26":{"start":{"line":3,"column":1044},"end":{"line":3,"column":1085}},"27":{"start":{"line":3,"column":1093},"end":{"line":3,"column":1116}},"28":{"start":{"line":3,"column":1119},"end":{"line":3,"column":1140}},"29":{"start":{"line":3,"column":1140},"end":{"line":3,"column":1176}},"30":{"start":{"line":3,"column":1152},"end":{"line":3,"column":1175}},"31":{"start":{"line":3,"column":1176},"end":{"line":3,"column":1190}},"32":{"start":{"line":3,"column":1240},"end":{"line":3,"column":1339}},"33":{"start":{"line":3,"column":1281},"end":{"line":3,"column":1338}},"34":{"start":{"line":3,"column":1383},"end":{"line":3,"column":1648}},"35":{"start":{"line":3,"column":1396},"end":{"line":3,"column":1397}},"36":{"start":{"line":3,"column":1440},"end":{"line":3,"column":1448}},"37":{"start":{"line":3,"column":1449},"end":{"line":3,"column":1504}},"38":{"start":{"line":3,"column":1504},"end":{"line":3,"column":1535}},"39":{"start":{"line":3,"column":1535},"end":{"line":3,"column":1589}},"40":{"start":{"line":3,"column":1562},"end":{"line":3,"column":1589}},"41":{"start":{"line":3,"column":1589},"end":{"line":3,"column":1647}},"42":{"start":{"line":3,"column":1710},"end":{"line":3,"column":1779}},"43":{"start":{"line":3,"column":1726},"end":{"line":3,"column":1779}},"44":{"start":{"line":3,"column":1779},"end":{"line":3,"column":1840}},"45":{"start":{"line":3,"column":1796},"end":{"line":3,"column":1840}},"46":{"start":{"line":3,"column":1840},"end":{"line":3,"column":1859}},"47":{"start":{"line":3,"column":1902},"end":{"line":3,"column":2039}},"48":{"start":{"line":3,"column":1964},"end":{"line":3,"column":2038}},"49":{"start":{"line":3,"column":2039},"end":{"line":3,"column":2184}},"50":{"start":{"line":3,"column":2184},"end":{"line":3,"column":2238}},"51":{"start":{"line":3,"column":2200},"end":{"line":3,"column":2238}},"52":{"start":{"line":3,"column":2271},"end":{"line":3,"column":2373}},"53":{"start":{"line":3,"column":2346},"end":{"line":3,"column":2362}},"54":{"start":{"line":3,"column":2362},"end":{"line":3,"column":2371}},"55":{"start":{"line":3,"column":2373},"end":{"line":3,"column":2402}},"56":{"start":{"line":3,"column":2467},"end":{"line":3,"column":2494}},"57":{"start":{"line":3,"column":2495},"end":{"line":3,"column":2814}},"58":{"start":{"line":3,"column":2547},"end":{"line":3,"column":2571}},"59":{"start":{"line":3,"column":2579},"end":{"line":3,"column":2764}},"60":{"start":{"line":3,"column":2627},"end":{"line":3,"column":2660}},"61":{"start":{"line":3,"column":2661},"end":{"line":3,"column":2717}},"62":{"start":{"line":3,"column":2725},"end":{"line":3,"column":2763}},"63":{"start":{"line":3,"column":2764},"end":{"line":3,"column":2812}},"64":{"start":{"line":3,"column":2864},"end":{"line":3,"column":2948}},"65":{"start":{"line":3,"column":2935},"end":{"line":3,"column":2947}},"66":{"start":{"line":3,"column":2948},"end":{"line":3,"column":2984}},"67":{"start":{"line":3,"column":3024},"end":{"line":3,"column":3133}},"68":{"start":{"line":3,"column":3046},"end":{"line":3,"column":3132}},"69":{"start":{"line":3,"column":3133},"end":{"line":3,"column":3145}},"70":{"start":{"line":3,"column":3184},"end":{"line":3,"column":3255}},"71":{"start":{"line":3,"column":3242},"end":{"line":3,"column":3255}},"72":{"start":{"line":3,"column":3255},"end":{"line":3,"column":3296}},"73":{"start":{"line":3,"column":3283},"end":{"line":3,"column":3296}},"74":{"start":{"line":3,"column":3296},"end":{"line":3,"column":3341}},"75":{"start":{"line":3,"column":3329},"end":{"line":3,"column":3341}},"76":{"start":{"line":3,"column":3341},"end":{"line":3,"column":3459}},"77":{"start":{"line":3,"column":3346},"end":{"line":3,"column":3420}},"78":{"start":{"line":3,"column":3420},"end":{"line":3,"column":3432}},"79":{"start":{"line":3,"column":3445},"end":{"line":3,"column":3458}},"80":{"start":{"line":3,"column":3489},"end":{"line":3,"column":3633}},"81":{"start":{"line":3,"column":3584},"end":{"line":3,"column":3631}},"82":{"start":{"line":3,"column":3633},"end":{"line":3,"column":3659}},"83":{"start":{"line":5,"column":14},"end":{"line":139,"column":48}},"84":{"start":{"line":5,"column":37},"end":{"line":5,"column":72}},"85":{"start":{"line":5,"column":85},"end":{"line":5,"column":110}},"86":{"start":{"line":6,"column":41},"end":{"line":6,"column":76}},"87":{"start":{"line":7,"column":4},"end":{"line":7,"column":37}},"88":{"start":{"line":7,"column":37},"end":{"line":22,"column":108}},"89":{"start":{"line":18,"column":51},"end":{"line":22,"column":106}},"90":{"start":{"line":18,"column":112},"end":{"line":22,"column":76}},"91":{"start":{"line":18,"column":123},"end":{"line":22,"column":75}},"92":{"start":{"line":18,"column":170},"end":{"line":18,"column":188}},"93":{"start":{"line":18,"column":188},"end":{"line":20,"column":40}},"94":{"start":{"line":22,"column":14},"end":{"line":22,"column":33}},"95":{"start":{"line":22,"column":51},"end":{"line":22,"column":74}},"96":{"start":{"line":22,"column":108},"end":{"line":35,"column":91}},"97":{"start":{"line":24,"column":53},"end":{"line":35,"column":89}},"98":{"start":{"line":24,"column":116},"end":{"line":35,"column":59}},"99":{"start":{"line":24,"column":127},"end":{"line":35,"column":58}},"100":{"start":{"line":25,"column":14},"end":{"line":25,"column":125}},"101":{"start":{"line":26,"column":14},"end":{"line":35,"column":15}},"102":{"start":{"line":27,"column":16},"end":{"line":28,"column":43}},"103":{"start":{"line":32,"column":16},"end":{"line":33,"column":44}},"104":{"start":{"line":35,"column":33},"end":{"line":35,"column":57}},"105":{"start":{"line":35,"column":91},"end":{"line":42,"column":112}},"106":{"start":{"line":38,"column":58},"end":{"line":42,"column":110}},"107":{"start":{"line":38,"column":121},"end":{"line":42,"column":80}},"108":{"start":{"line":38,"column":132},"end":{"line":42,"column":79}},"109":{"start":{"line":38,"column":181},"end":{"line":38,"column":200}},"110":{"start":{"line":38,"column":200},"end":{"line":40,"column":46}},"111":{"start":{"line":42,"column":14},"end":{"line":42,"column":36}},"112":{"start":{"line":42,"column":54},"end":{"line":42,"column":78}},"113":{"start":{"line":42,"column":112},"end":{"line":55,"column":91}},"114":{"start":{"line":44,"column":57},"end":{"line":55,"column":89}},"115":{"start":{"line":44,"column":120},"end":{"line":55,"column":59}},"116":{"start":{"line":44,"column":131},"end":{"line":55,"column":58}},"117":{"start":{"line":45,"column":14},"end":{"line":45,"column":107}},"118":{"start":{"line":46,"column":14},"end":{"line":55,"column":15}},"119":{"start":{"line":47,"column":16},"end":{"line":48,"column":46}},"120":{"start":{"line":52,"column":16},"end":{"line":53,"column":47}},"121":{"start":{"line":55,"column":33},"end":{"line":55,"column":57}},"122":{"start":{"line":55,"column":91},"end":{"line":69,"column":91}},"123":{"start":{"line":57,"column":72},"end":{"line":69,"column":89}},"124":{"start":{"line":57,"column":135},"end":{"line":69,"column":59}},"125":{"start":{"line":57,"column":146},"end":{"line":69,"column":58}},"126":{"start":{"line":59,"column":14},"end":{"line":59,"column":62}},"127":{"start":{"line":60,"column":14},"end":{"line":69,"column":15}},"128":{"start":{"line":61,"column":16},"end":{"line":62,"column":45}},"129":{"start":{"line":66,"column":16},"end":{"line":67,"column":44}},"130":{"start":{"line":69,"column":33},"end":{"line":69,"column":57}},"131":{"start":{"line":69,"column":91},"end":{"line":69,"column":230}},"132":{"start":{"line":69,"column":230},"end":{"line":69,"column":243}},"133":{"start":{"line":69,"column":244},"end":{"line":139,"column":10}},"134":{"start":{"line":73,"column":18},"end":{"line":73,"column":22}},"135":{"start":{"line":74,"column":6},"end":{"line":133,"column":105}},"136":{"start":{"line":86,"column":54},"end":{"line":86,"column":88}},"137":{"start":{"line":98,"column":57},"end":{"line":98,"column":97}},"138":{"start":{"line":139,"column":10},"end":{"line":139,"column":29}},"139":{"start":{"line":139,"column":49},"end":{"line":139,"column":79}}},"fnMap":{"0":{"name":"_interopRequireDefault","decl":{"start":{"line":3,"column":189},"end":{"line":3,"column":211}},"loc":{"start":{"line":3,"column":217},"end":{"line":3,"column":273}},"line":3},"1":{"name":"_getRequireWildcardCache","decl":{"start":{"line":3,"column":282},"end":{"line":3,"column":306}},"loc":{"start":{"line":3,"column":309},"end":{"line":3,"column":476}},"line":3},"2":{"name":"_getRequireWildcardCache","decl":{"start":{"line":3,"column":419},"end":{"line":3,"column":443}},"loc":{"start":{"line":3,"column":446},"end":{"line":3,"column":461}},"line":3},"3":{"name":"_interopRequireWildcard","decl":{"start":{"line":3,"column":485},"end":{"line":3,"column":508}},"loc":{"start":{"line":3,"column":514},"end":{"line":3,"column":1191}},"line":3},"4":{"name":"_classCallCheck","decl":{"start":{"line":3,"column":1200},"end":{"line":3,"column":1215}},"loc":{"start":{"line":3,"column":1239},"end":{"line":3,"column":1340}},"line":3},"5":{"name":"_defineProperties","decl":{"start":{"line":3,"column":1349},"end":{"line":3,"column":1366}},"loc":{"start":{"line":3,"column":1382},"end":{"line":3,"column":1649}},"line":3},"6":{"name":"_createClass","decl":{"start":{"line":3,"column":1658},"end":{"line":3,"column":1670}},"loc":{"start":{"line":3,"column":1709},"end":{"line":3,"column":1860}},"line":3},"7":{"name":"_inherits","decl":{"start":{"line":3,"column":1869},"end":{"line":3,"column":1878}},"loc":{"start":{"line":3,"column":1901},"end":{"line":3,"column":2239}},"line":3},"8":{"name":"_setPrototypeOf","decl":{"start":{"line":3,"column":2248},"end":{"line":3,"column":2263}},"loc":{"start":{"line":3,"column":2270},"end":{"line":3,"column":2403}},"line":3},"9":{"name":"_setPrototypeOf","decl":{"start":{"line":3,"column":2323},"end":{"line":3,"column":2338}},"loc":{"start":{"line":3,"column":2345},"end":{"line":3,"column":2372}},"line":3},"10":{"name":"_createSuper","decl":{"start":{"line":3,"column":2412},"end":{"line":3,"column":2424}},"loc":{"start":{"line":3,"column":2434},"end":{"line":3,"column":2815}},"line":3},"11":{"name":"_createSuperInternal","decl":{"start":{"line":3,"column":2511},"end":{"line":3,"column":2531}},"loc":{"start":{"line":3,"column":2534},"end":{"line":3,"column":2813}},"line":3},"12":{"name":"_possibleConstructorReturn","decl":{"start":{"line":3,"column":2824},"end":{"line":3,"column":2850}},"loc":{"start":{"line":3,"column":2863},"end":{"line":3,"column":2985}},"line":3},"13":{"name":"_assertThisInitialized","decl":{"start":{"line":3,"column":2994},"end":{"line":3,"column":3016}},"loc":{"start":{"line":3,"column":3023},"end":{"line":3,"column":3146}},"line":3},"14":{"name":"_isNativeReflectConstruct","decl":{"start":{"line":3,"column":3155},"end":{"line":3,"column":3180}},"loc":{"start":{"line":3,"column":3183},"end":{"line":3,"column":3460}},"line":3},"15":{"name":"(anonymous_15)","decl":{"start":{"line":3,"column":3403},"end":{"line":3,"column":3404}},"loc":{"start":{"line":3,"column":3415},"end":{"line":3,"column":3417}},"line":3},"16":{"name":"_getPrototypeOf","decl":{"start":{"line":3,"column":3469},"end":{"line":3,"column":3484}},"loc":{"start":{"line":3,"column":3488},"end":{"line":3,"column":3660}},"line":3},"17":{"name":"_getPrototypeOf","decl":{"start":{"line":3,"column":3564},"end":{"line":3,"column":3579}},"loc":{"start":{"line":3,"column":3583},"end":{"line":3,"column":3632}},"line":3},"18":{"name":"(anonymous_18)","decl":{"start":{"line":5,"column":14},"end":{"line":5,"column":15}},"loc":{"start":{"line":5,"column":36},"end":{"line":139,"column":30}},"line":5},"19":{"name":"LogInScreen","decl":{"start":{"line":6,"column":11},"end":{"line":6,"column":22}},"loc":{"start":{"line":6,"column":30},"end":{"line":69,"column":244}},"line":6},"20":{"name":"_callee","decl":{"start":{"line":18,"column":28},"end":{"line":18,"column":35}},"loc":{"start":{"line":18,"column":50},"end":{"line":22,"column":107}},"line":18},"21":{"name":"_callee$","decl":{"start":{"line":18,"column":92},"end":{"line":18,"column":100}},"loc":{"start":{"line":18,"column":111},"end":{"line":22,"column":77}},"line":18},"22":{"name":"_callee2","decl":{"start":{"line":24,"column":26},"end":{"line":24,"column":34}},"loc":{"start":{"line":24,"column":37},"end":{"line":35,"column":90}},"line":24},"23":{"name":"_callee2$","decl":{"start":{"line":24,"column":94},"end":{"line":24,"column":103}},"loc":{"start":{"line":24,"column":115},"end":{"line":35,"column":60}},"line":24},"24":{"name":"_callee3","decl":{"start":{"line":38,"column":31},"end":{"line":38,"column":39}},"loc":{"start":{"line":38,"column":57},"end":{"line":42,"column":111}},"line":38},"25":{"name":"_callee3$","decl":{"start":{"line":38,"column":99},"end":{"line":38,"column":108}},"loc":{"start":{"line":38,"column":120},"end":{"line":42,"column":81}},"line":38},"26":{"name":"_callee4","decl":{"start":{"line":44,"column":29},"end":{"line":44,"column":37}},"loc":{"start":{"line":44,"column":40},"end":{"line":55,"column":90}},"line":44},"27":{"name":"_callee4$","decl":{"start":{"line":44,"column":98},"end":{"line":44,"column":107}},"loc":{"start":{"line":44,"column":119},"end":{"line":55,"column":60}},"line":44},"28":{"name":"_callee5","decl":{"start":{"line":57,"column":39},"end":{"line":57,"column":47}},"loc":{"start":{"line":57,"column":50},"end":{"line":69,"column":90}},"line":57},"29":{"name":"_callee5$","decl":{"start":{"line":57,"column":113},"end":{"line":57,"column":122}},"loc":{"start":{"line":57,"column":134},"end":{"line":69,"column":60}},"line":57},"30":{"name":"render","decl":{"start":{"line":69,"column":304},"end":{"line":69,"column":310}},"loc":{"start":{"line":73,"column":4},"end":{"line":139,"column":5}},"line":73},"31":{"name":"onChangeText","decl":{"start":{"line":86,"column":33},"end":{"line":86,"column":45}},"loc":{"start":{"line":86,"column":53},"end":{"line":86,"column":89}},"line":86},"32":{"name":"onChangeText","decl":{"start":{"line":98,"column":33},"end":{"line":98,"column":45}},"loc":{"start":{"line":98,"column":56},"end":{"line":98,"column":98}},"line":98}},"branchMap":{"0":{"loc":{"start":{"line":3,"column":225},"end":{"line":3,"column":271}},"type":"cond-expr","locations":[{"start":{"line":3,"column":249},"end":{"line":3,"column":252}},{"start":{"line":3,"column":255},"end":{"line":3,"column":271}}],"line":3},"1":{"loc":{"start":{"line":3,"column":225},"end":{"line":3,"column":246}},"type":"binary-expr","locations":[{"start":{"line":3,"column":225},"end":{"line":3,"column":228}},{"start":{"line":3,"column":232},"end":{"line":3,"column":246}}],"line":3},"2":{"loc":{"start":{"line":3,"column":310},"end":{"line":3,"column":357}},"type":"if","locations":[{"start":{"line":3,"column":310},"end":{"line":3,"column":357}},{"start":{"line":3,"column":310},"end":{"line":3,"column":357}}],"line":3},"3":{"loc":{"start":{"line":3,"column":515},"end":{"line":3,"column":555}},"type":"if","locations":[{"start":{"line":3,"column":515},"end":{"line":3,"column":555}},{"start":{"line":3,"column":515},"end":{"line":3,"column":555}}],"line":3},"4":{"loc":{"start":{"line":3,"column":519},"end":{"line":3,"column":540}},"type":"binary-expr","locations":[{"start":{"line":3,"column":519},"end":{"line":3,"column":522}},{"start":{"line":3,"column":526},"end":{"line":3,"column":540}}],"line":3},"5":{"loc":{"start":{"line":3,"column":555},"end":{"line":3,"column":655}},"type":"if","locations":[{"start":{"line":3,"column":555},"end":{"line":3,"column":655}},{"start":{"line":3,"column":555},"end":{"line":3,"column":655}}],"line":3},"6":{"loc":{"start":{"line":3,"column":559},"end":{"line":3,"column":627}},"type":"binary-expr","locations":[{"start":{"line":3,"column":559},"end":{"line":3,"column":571}},{"start":{"line":3,"column":575},"end":{"line":3,"column":598}},{"start":{"line":3,"column":602},"end":{"line":3,"column":627}}],"line":3},"7":{"loc":{"start":{"line":3,"column":694},"end":{"line":3,"column":747}},"type":"if","locations":[{"start":{"line":3,"column":694},"end":{"line":3,"column":747}},{"start":{"line":3,"column":694},"end":{"line":3,"column":747}}],"line":3},"8":{"loc":{"start":{"line":3,"column":698},"end":{"line":3,"column":721}},"type":"binary-expr","locations":[{"start":{"line":3,"column":698},"end":{"line":3,"column":703}},{"start":{"line":3,"column":707},"end":{"line":3,"column":721}}],"line":3},"9":{"loc":{"start":{"line":3,"column":791},"end":{"line":3,"column":847}},"type":"binary-expr","locations":[{"start":{"line":3,"column":791},"end":{"line":3,"column":812}},{"start":{"line":3,"column":816},"end":{"line":3,"column":847}}],"line":3},"10":{"loc":{"start":{"line":3,"column":870},"end":{"line":3,"column":1118}},"type":"if","locations":[{"start":{"line":3,"column":870},"end":{"line":3,"column":1118}},{"start":{"line":3,"column":870},"end":{"line":3,"column":1118}}],"line":3},"11":{"loc":{"start":{"line":3,"column":934},"end":{"line":3,"column":1006}},"type":"cond-expr","locations":[{"start":{"line":3,"column":958},"end":{"line":3,"column":999}},{"start":{"line":3,"column":1002},"end":{"line":3,"column":1006}}],"line":3},"12":{"loc":{"start":{"line":3,"column":1007},"end":{"line":3,"column":1117}},"type":"if","locations":[{"start":{"line":3,"column":1007},"end":{"line":3,"column":1117}},{"start":{"line":3,"column":1007},"end":{"line":3,"column":1117}}],"line":3},"13":{"loc":{"start":{"line":3,"column":1011},"end":{"line":3,"column":1041}},"type":"binary-expr","locations":[{"start":{"line":3,"column":1011},"end":{"line":3,"column":1015}},{"start":{"line":3,"column":1020},"end":{"line":3,"column":1028}},{"start":{"line":3,"column":1032},"end":{"line":3,"column":1040}}],"line":3},"14":{"loc":{"start":{"line":3,"column":1140},"end":{"line":3,"column":1176}},"type":"if","locations":[{"start":{"line":3,"column":1140},"end":{"line":3,"column":1176}},{"start":{"line":3,"column":1140},"end":{"line":3,"column":1176}}],"line":3},"15":{"loc":{"start":{"line":3,"column":1240},"end":{"line":3,"column":1339}},"type":"if","locations":[{"start":{"line":3,"column":1240},"end":{"line":3,"column":1339}},{"start":{"line":3,"column":1240},"end":{"line":3,"column":1339}}],"line":3},"16":{"loc":{"start":{"line":3,"column":1473},"end":{"line":3,"column":1503}},"type":"binary-expr","locations":[{"start":{"line":3,"column":1473},"end":{"line":3,"column":1494}},{"start":{"line":3,"column":1498},"end":{"line":3,"column":1503}}],"line":3},"17":{"loc":{"start":{"line":3,"column":1535},"end":{"line":3,"column":1589}},"type":"if","locations":[{"start":{"line":3,"column":1535},"end":{"line":3,"column":1589}},{"start":{"line":3,"column":1535},"end":{"line":3,"column":1589}}],"line":3},"18":{"loc":{"start":{"line":3,"column":1710},"end":{"line":3,"column":1779}},"type":"if","locations":[{"start":{"line":3,"column":1710},"end":{"line":3,"column":1779}},{"start":{"line":3,"column":1710},"end":{"line":3,"column":1779}}],"line":3},"19":{"loc":{"start":{"line":3,"column":1779},"end":{"line":3,"column":1840}},"type":"if","locations":[{"start":{"line":3,"column":1779},"end":{"line":3,"column":1840}},{"start":{"line":3,"column":1779},"end":{"line":3,"column":1840}}],"line":3},"20":{"loc":{"start":{"line":3,"column":1902},"end":{"line":3,"column":2039}},"type":"if","locations":[{"start":{"line":3,"column":1902},"end":{"line":3,"column":2039}},{"start":{"line":3,"column":1902},"end":{"line":3,"column":2039}}],"line":3},"21":{"loc":{"start":{"line":3,"column":1906},"end":{"line":3,"column":1961}},"type":"binary-expr","locations":[{"start":{"line":3,"column":1906},"end":{"line":3,"column":1938}},{"start":{"line":3,"column":1942},"end":{"line":3,"column":1961}}],"line":3},"22":{"loc":{"start":{"line":3,"column":2074},"end":{"line":3,"column":2108}},"type":"binary-expr","locations":[{"start":{"line":3,"column":2074},"end":{"line":3,"column":2084}},{"start":{"line":3,"column":2088},"end":{"line":3,"column":2108}}],"line":3},"23":{"loc":{"start":{"line":3,"column":2184},"end":{"line":3,"column":2238}},"type":"if","locations":[{"start":{"line":3,"column":2184},"end":{"line":3,"column":2238}},{"start":{"line":3,"column":2184},"end":{"line":3,"column":2238}}],"line":3},"24":{"loc":{"start":{"line":3,"column":2289},"end":{"line":3,"column":2372}},"type":"binary-expr","locations":[{"start":{"line":3,"column":2289},"end":{"line":3,"column":2310}},{"start":{"line":3,"column":2314},"end":{"line":3,"column":2372}}],"line":3},"25":{"loc":{"start":{"line":3,"column":2579},"end":{"line":3,"column":2764}},"type":"if","locations":[{"start":{"line":3,"column":2579},"end":{"line":3,"column":2764}},{"start":{"line":3,"column":2579},"end":{"line":3,"column":2764}}],"line":3},"26":{"loc":{"start":{"line":3,"column":2864},"end":{"line":3,"column":2948}},"type":"if","locations":[{"start":{"line":3,"column":2864},"end":{"line":3,"column":2948}},{"start":{"line":3,"column":2864},"end":{"line":3,"column":2948}}],"line":3},"27":{"loc":{"start":{"line":3,"column":2868},"end":{"line":3,"column":2932}},"type":"binary-expr","locations":[{"start":{"line":3,"column":2868},"end":{"line":3,"column":2872}},{"start":{"line":3,"column":2877},"end":{"line":3,"column":2901}},{"start":{"line":3,"column":2905},"end":{"line":3,"column":2931}}],"line":3},"28":{"loc":{"start":{"line":3,"column":3024},"end":{"line":3,"column":3133}},"type":"if","locations":[{"start":{"line":3,"column":3024},"end":{"line":3,"column":3133}},{"start":{"line":3,"column":3024},"end":{"line":3,"column":3133}}],"line":3},"29":{"loc":{"start":{"line":3,"column":3184},"end":{"line":3,"column":3255}},"type":"if","locations":[{"start":{"line":3,"column":3184},"end":{"line":3,"column":3255}},{"start":{"line":3,"column":3184},"end":{"line":3,"column":3255}}],"line":3},"30":{"loc":{"start":{"line":3,"column":3188},"end":{"line":3,"column":3240}},"type":"binary-expr","locations":[{"start":{"line":3,"column":3188},"end":{"line":3,"column":3218}},{"start":{"line":3,"column":3222},"end":{"line":3,"column":3240}}],"line":3},"31":{"loc":{"start":{"line":3,"column":3255},"end":{"line":3,"column":3296}},"type":"if","locations":[{"start":{"line":3,"column":3255},"end":{"line":3,"column":3296}},{"start":{"line":3,"column":3255},"end":{"line":3,"column":3296}}],"line":3},"32":{"loc":{"start":{"line":3,"column":3296},"end":{"line":3,"column":3341}},"type":"if","locations":[{"start":{"line":3,"column":3296},"end":{"line":3,"column":3341}},{"start":{"line":3,"column":3296},"end":{"line":3,"column":3341}}],"line":3},"33":{"loc":{"start":{"line":3,"column":3507},"end":{"line":3,"column":3632}},"type":"cond-expr","locations":[{"start":{"line":3,"column":3531},"end":{"line":3,"column":3552}},{"start":{"line":3,"column":3555},"end":{"line":3,"column":3632}}],"line":3},"34":{"loc":{"start":{"line":3,"column":3591},"end":{"line":3,"column":3630}},"type":"binary-expr","locations":[{"start":{"line":3,"column":3591},"end":{"line":3,"column":3602}},{"start":{"line":3,"column":3606},"end":{"line":3,"column":3630}}],"line":3},"35":{"loc":{"start":{"line":18,"column":123},"end":{"line":22,"column":75}},"type":"switch","locations":[{"start":{"line":18,"column":163},"end":{"line":20,"column":40}},{"start":{"line":20,"column":40},"end":{"line":22,"column":33}},{"start":{"line":22,"column":33},"end":{"line":22,"column":40}},{"start":{"line":22,"column":40},"end":{"line":22,"column":74}}],"line":18},"36":{"loc":{"start":{"line":24,"column":127},"end":{"line":35,"column":58}},"type":"switch","locations":[{"start":{"line":24,"column":169},"end":{"line":35,"column":15}},{"start":{"line":35,"column":15},"end":{"line":35,"column":22}},{"start":{"line":35,"column":22},"end":{"line":35,"column":57}}],"line":24},"37":{"loc":{"start":{"line":26,"column":14},"end":{"line":35,"column":15}},"type":"if","locations":[{"start":{"line":26,"column":14},"end":{"line":35,"column":15}},{"start":{"line":26,"column":14},"end":{"line":35,"column":15}}],"line":26},"38":{"loc":{"start":{"line":38,"column":132},"end":{"line":42,"column":79}},"type":"switch","locations":[{"start":{"line":38,"column":174},"end":{"line":40,"column":46}},{"start":{"line":40,"column":46},"end":{"line":42,"column":36}},{"start":{"line":42,"column":36},"end":{"line":42,"column":43}},{"start":{"line":42,"column":43},"end":{"line":42,"column":78}}],"line":38},"39":{"loc":{"start":{"line":44,"column":131},"end":{"line":55,"column":58}},"type":"switch","locations":[{"start":{"line":44,"column":173},"end":{"line":55,"column":15}},{"start":{"line":55,"column":15},"end":{"line":55,"column":22}},{"start":{"line":55,"column":22},"end":{"line":55,"column":57}}],"line":44},"40":{"loc":{"start":{"line":46,"column":14},"end":{"line":55,"column":15}},"type":"if","locations":[{"start":{"line":46,"column":14},"end":{"line":55,"column":15}},{"start":{"line":46,"column":14},"end":{"line":55,"column":15}}],"line":46},"41":{"loc":{"start":{"line":57,"column":146},"end":{"line":69,"column":58}},"type":"switch","locations":[{"start":{"line":57,"column":188},"end":{"line":69,"column":15}},{"start":{"line":69,"column":15},"end":{"line":69,"column":22}},{"start":{"line":69,"column":22},"end":{"line":69,"column":57}}],"line":57},"42":{"loc":{"start":{"line":60,"column":14},"end":{"line":69,"column":15}},"type":"if","locations":[{"start":{"line":60,"column":14},"end":{"line":69,"column":15}},{"start":{"line":60,"column":14},"end":{"line":69,"column":15}}],"line":60},"43":{"loc":{"start":{"line":89,"column":8},"end":{"line":89,"column":87}},"type":"cond-expr","locations":[{"start":{"line":89,"column":63},"end":{"line":89,"column":67}},{"start":{"line":89,"column":70},"end":{"line":89,"column":87}}],"line":89},"44":{"loc":{"start":{"line":89,"column":8},"end":{"line":89,"column":60}},"type":"binary-expr","locations":[{"start":{"line":89,"column":8},"end":{"line":89,"column":34}},{"start":{"line":89,"column":38},"end":{"line":89,"column":60}}],"line":89},"45":{"loc":{"start":{"line":100,"column":8},"end":{"line":110,"column":150}},"type":"cond-expr","locations":[{"start":{"line":101,"column":8},"end":{"line":104,"column":150}},{"start":{"line":107,"column":8},"end":{"line":110,"column":150}}],"line":100},"46":{"loc":{"start":{"line":116,"column":8},"end":{"line":116,"column":93}},"type":"cond-expr","locations":[{"start":{"line":116,"column":69},"end":{"line":116,"column":73}},{"start":{"line":116,"column":76},"end":{"line":116,"column":93}}],"line":116},"47":{"loc":{"start":{"line":116,"column":8},"end":{"line":116,"column":66}},"type":"binary-expr","locations":[{"start":{"line":116,"column":8},"end":{"line":116,"column":37}},{"start":{"line":116,"column":41},"end":{"line":116,"column":66}}],"line":116}},"s":{"0":1,"1":1,"2":1,"3":1,"4":1,"5":1,"6":1,"7":1,"8":0,"9":1,"10":1,"11":0,"12":1,"13":1,"14":0,"15":1,"16":0,"17":1,"18":1,"19":0,"20":1,"21":1,"22":1,"23":28,"24":28,"25":28,"26":0,"27":28,"28":1,"29":1,"30":1,"31":1,"32":8,"33":0,"34":1,"35":1,"36":1,"37":1,"38":1,"39":1,"40":1,"41":1,"42":1,"43":1,"44":1,"45":0,"46":1,"47":1,"48":0,"49":1,"50":1,"51":1,"52":1,"53":0,"54":0,"55":1,"56":1,"57":1,"58":8,"59":8,"60":8,"61":8,"62":0,"63":8,"64":8,"65":8,"66":0,"67":0,"68":0,"69":0,"70":1,"71":0,"72":1,"73":0,"74":1,"75":1,"76":0,"77":0,"78":0,"79":0,"80":1,"81":0,"82":1,"83":1,"84":1,"85":1,"86":8,"87":8,"88":8,"89":1,"90":2,"91":2,"92":1,"93":1,"94":1,"95":1,"96":8,"97":3,"98":3,"99":3,"100":3,"101":3,"102":2,"103":1,"104":3,"105":8,"106":1,"107":2,"108":2,"109":1,"110":1,"111":1,"112":1,"113":8,"114":3,"115":3,"116":3,"117":3,"118":3,"119":2,"120":1,"121":3,"122":8,"123":0,"124":0,"125":0,"126":0,"127":0,"128":0,"129":0,"130":0,"131":8,"132":8,"133":1,"134":20,"135":20,"136":0,"137":0,"138":1,"139":1},"f":{"0":1,"1":1,"2":0,"3":1,"4":8,"5":1,"6":1,"7":1,"8":1,"9":0,"10":1,"11":8,"12":8,"13":0,"14":1,"15":0,"16":1,"17":0,"18":1,"19":8,"20":1,"21":2,"22":3,"23":3,"24":1,"25":2,"26":3,"27":3,"28":0,"29":0,"30":20,"31":0,"32":0},"b":{"0":[1,0],"1":[1,1],"2":[0,1],"3":[0,1],"4":[1,1],"5":[0,1],"6":[1,1,0],"7":[0,1],"8":[1,1],"9":[1,1],"10":[28,0],"11":[28,0],"12":[0,28],"13":[28,28,28],"14":[1,0],"15":[0,8],"16":[1,1],"17":[1,0],"18":[1,0],"19":[0,1],"20":[0,1],"21":[1,0],"22":[1,1],"23":[1,0],"24":[1,0],"25":[8,0],"26":[8,0],"27":[8,8,0],"28":[0,0],"29":[0,1],"30":[1,1],"31":[0,1],"32":[1,0],"33":[1,0],"34":[0,0],"35":[1,1,1,1],"36":[3,3,3],"37":[2,1],"38":[1,1,1,1],"39":[3,3,3],"40":[2,1],"41":[0,0,0],"42":[0,0],"43":[19,1],"44":[20,1],"45":[20,0],"46":[19,1],"47":[20,1]},"inputSourceMap":null,"_coverageSchema":"1a1c01bbd47fc00a2c39e90264f33305004495a9","hash":"4223a64d050f1d154f9a4c1c5b4cf661e7ec61e2"}
,"C:\\Users\\Admin\\javaScript\\FundooNotes\\src\\components\\SignUpScreen.js": {"path":"C:\\Users\\Admin\\javaScript\\FundooNotes\\src\\components\\SignUpScreen.js","statementMap":{"0":{"start":{"line":1,"column":13},"end":{"line":1,"column":75}},"1":{"start":{"line":1,"column":75},"end":{"line":1,"column":100}},"2":{"start":{"line":1,"column":113},"end":{"line":1,"column":154}},"3":{"start":{"line":2,"column":19},"end":{"line":2,"column":42}},"4":{"start":{"line":3,"column":20},"end":{"line":3,"column":77}},"5":{"start":{"line":3,"column":97},"end":{"line":3,"column":174}},"6":{"start":{"line":3,"column":213},"end":{"line":3,"column":267}},"7":{"start":{"line":3,"column":305},"end":{"line":3,"column":352}},"8":{"start":{"line":3,"column":340},"end":{"line":3,"column":352}},"9":{"start":{"line":3,"column":364},"end":{"line":3,"column":377}},"10":{"start":{"line":3,"column":378},"end":{"line":3,"column":457}},"11":{"start":{"line":3,"column":442},"end":{"line":3,"column":455}},"12":{"start":{"line":3,"column":457},"end":{"line":3,"column":470}},"13":{"start":{"line":3,"column":510},"end":{"line":3,"column":550}},"14":{"start":{"line":3,"column":538},"end":{"line":3,"column":549}},"15":{"start":{"line":3,"column":550},"end":{"line":3,"column":650}},"16":{"start":{"line":3,"column":625},"end":{"line":3,"column":649}},"17":{"start":{"line":3,"column":662},"end":{"line":3,"column":688}},"18":{"start":{"line":3,"column":689},"end":{"line":3,"column":742}},"19":{"start":{"line":3,"column":719},"end":{"line":3,"column":741}},"20":{"start":{"line":3,"column":755},"end":{"line":3,"column":757}},"21":{"start":{"line":3,"column":786},"end":{"line":3,"column":842}},"22":{"start":{"line":3,"column":843},"end":{"line":3,"column":1114}},"23":{"start":{"line":3,"column":865},"end":{"line":3,"column":1113}},"24":{"start":{"line":3,"column":929},"end":{"line":3,"column":1001}},"25":{"start":{"line":3,"column":1002},"end":{"line":3,"column":1112}},"26":{"start":{"line":3,"column":1039},"end":{"line":3,"column":1080}},"27":{"start":{"line":3,"column":1088},"end":{"line":3,"column":1111}},"28":{"start":{"line":3,"column":1114},"end":{"line":3,"column":1135}},"29":{"start":{"line":3,"column":1135},"end":{"line":3,"column":1171}},"30":{"start":{"line":3,"column":1147},"end":{"line":3,"column":1170}},"31":{"start":{"line":3,"column":1171},"end":{"line":3,"column":1185}},"32":{"start":{"line":3,"column":1235},"end":{"line":3,"column":1334}},"33":{"start":{"line":3,"column":1276},"end":{"line":3,"column":1333}},"34":{"start":{"line":3,"column":1378},"end":{"line":3,"column":1643}},"35":{"start":{"line":3,"column":1391},"end":{"line":3,"column":1392}},"36":{"start":{"line":3,"column":1435},"end":{"line":3,"column":1443}},"37":{"start":{"line":3,"column":1444},"end":{"line":3,"column":1499}},"38":{"start":{"line":3,"column":1499},"end":{"line":3,"column":1530}},"39":{"start":{"line":3,"column":1530},"end":{"line":3,"column":1584}},"40":{"start":{"line":3,"column":1557},"end":{"line":3,"column":1584}},"41":{"start":{"line":3,"column":1584},"end":{"line":3,"column":1642}},"42":{"start":{"line":3,"column":1705},"end":{"line":3,"column":1774}},"43":{"start":{"line":3,"column":1721},"end":{"line":3,"column":1774}},"44":{"start":{"line":3,"column":1774},"end":{"line":3,"column":1835}},"45":{"start":{"line":3,"column":1791},"end":{"line":3,"column":1835}},"46":{"start":{"line":3,"column":1835},"end":{"line":3,"column":1854}},"47":{"start":{"line":3,"column":1897},"end":{"line":3,"column":2034}},"48":{"start":{"line":3,"column":1959},"end":{"line":3,"column":2033}},"49":{"start":{"line":3,"column":2034},"end":{"line":3,"column":2179}},"50":{"start":{"line":3,"column":2179},"end":{"line":3,"column":2233}},"51":{"start":{"line":3,"column":2195},"end":{"line":3,"column":2233}},"52":{"start":{"line":3,"column":2266},"end":{"line":3,"column":2368}},"53":{"start":{"line":3,"column":2341},"end":{"line":3,"column":2357}},"54":{"start":{"line":3,"column":2357},"end":{"line":3,"column":2366}},"55":{"start":{"line":3,"column":2368},"end":{"line":3,"column":2397}},"56":{"start":{"line":3,"column":2462},"end":{"line":3,"column":2489}},"57":{"start":{"line":3,"column":2490},"end":{"line":3,"column":2809}},"58":{"start":{"line":3,"column":2542},"end":{"line":3,"column":2566}},"59":{"start":{"line":3,"column":2574},"end":{"line":3,"column":2759}},"60":{"start":{"line":3,"column":2622},"end":{"line":3,"column":2655}},"61":{"start":{"line":3,"column":2656},"end":{"line":3,"column":2712}},"62":{"start":{"line":3,"column":2720},"end":{"line":3,"column":2758}},"63":{"start":{"line":3,"column":2759},"end":{"line":3,"column":2807}},"64":{"start":{"line":3,"column":2859},"end":{"line":3,"column":2943}},"65":{"start":{"line":3,"column":2930},"end":{"line":3,"column":2942}},"66":{"start":{"line":3,"column":2943},"end":{"line":3,"column":2979}},"67":{"start":{"line":3,"column":3019},"end":{"line":3,"column":3128}},"68":{"start":{"line":3,"column":3041},"end":{"line":3,"column":3127}},"69":{"start":{"line":3,"column":3128},"end":{"line":3,"column":3140}},"70":{"start":{"line":3,"column":3179},"end":{"line":3,"column":3250}},"71":{"start":{"line":3,"column":3237},"end":{"line":3,"column":3250}},"72":{"start":{"line":3,"column":3250},"end":{"line":3,"column":3291}},"73":{"start":{"line":3,"column":3278},"end":{"line":3,"column":3291}},"74":{"start":{"line":3,"column":3291},"end":{"line":3,"column":3336}},"75":{"start":{"line":3,"column":3324},"end":{"line":3,"column":3336}},"76":{"start":{"line":3,"column":3336},"end":{"line":3,"column":3454}},"77":{"start":{"line":3,"column":3341},"end":{"line":3,"column":3415}},"78":{"start":{"line":3,"column":3415},"end":{"line":3,"column":3427}},"79":{"start":{"line":3,"column":3440},"end":{"line":3,"column":3453}},"80":{"start":{"line":3,"column":3484},"end":{"line":3,"column":3628}},"81":{"start":{"line":3,"column":3579},"end":{"line":3,"column":3626}},"82":{"start":{"line":3,"column":3628},"end":{"line":3,"column":3654}},"83":{"start":{"line":5,"column":14},"end":{"line":225,"column":48}},"84":{"start":{"line":5,"column":37},"end":{"line":5,"column":72}},"85":{"start":{"line":5,"column":85},"end":{"line":5,"column":110}},"86":{"start":{"line":6,"column":41},"end":{"line":6,"column":76}},"87":{"start":{"line":7,"column":4},"end":{"line":7,"column":37}},"88":{"start":{"line":7,"column":37},"end":{"line":31,"column":224}},"89":{"start":{"line":25,"column":73},"end":{"line":31,"column":222}},"90":{"start":{"line":25,"column":134},"end":{"line":31,"column":192}},"91":{"start":{"line":25,"column":145},"end":{"line":31,"column":191}},"92":{"start":{"line":25,"column":192},"end":{"line":25,"column":210}},"93":{"start":{"line":25,"column":210},"end":{"line":27,"column":48}},"94":{"start":{"line":29,"column":14},"end":{"line":29,"column":49}},"95":{"start":{"line":30,"column":14},"end":{"line":30,"column":54}},"96":{"start":{"line":31,"column":14},"end":{"line":31,"column":149}},"97":{"start":{"line":31,"column":167},"end":{"line":31,"column":190}},"98":{"start":{"line":31,"column":224},"end":{"line":39,"column":222}},"99":{"start":{"line":34,"column":72},"end":{"line":39,"column":220}},"100":{"start":{"line":34,"column":135},"end":{"line":39,"column":190}},"101":{"start":{"line":34,"column":146},"end":{"line":39,"column":189}},"102":{"start":{"line":34,"column":195},"end":{"line":34,"column":214}},"103":{"start":{"line":34,"column":214},"end":{"line":36,"column":46}},"104":{"start":{"line":38,"column":14},"end":{"line":38,"column":54}},"105":{"start":{"line":39,"column":14},"end":{"line":39,"column":146}},"106":{"start":{"line":39,"column":164},"end":{"line":39,"column":188}},"107":{"start":{"line":39,"column":222},"end":{"line":46,"column":109}},"108":{"start":{"line":42,"column":52},"end":{"line":46,"column":107}},"109":{"start":{"line":42,"column":115},"end":{"line":46,"column":77}},"110":{"start":{"line":42,"column":126},"end":{"line":46,"column":76}},"111":{"start":{"line":42,"column":175},"end":{"line":42,"column":194}},"112":{"start":{"line":42,"column":194},"end":{"line":44,"column":40}},"113":{"start":{"line":46,"column":14},"end":{"line":46,"column":33}},"114":{"start":{"line":46,"column":51},"end":{"line":46,"column":75}},"115":{"start":{"line":46,"column":109},"end":{"line":59,"column":91}},"116":{"start":{"line":48,"column":53},"end":{"line":59,"column":89}},"117":{"start":{"line":48,"column":116},"end":{"line":59,"column":59}},"118":{"start":{"line":48,"column":127},"end":{"line":59,"column":58}},"119":{"start":{"line":49,"column":14},"end":{"line":49,"column":125}},"120":{"start":{"line":50,"column":14},"end":{"line":59,"column":15}},"121":{"start":{"line":51,"column":16},"end":{"line":52,"column":43}},"122":{"start":{"line":56,"column":16},"end":{"line":57,"column":44}},"123":{"start":{"line":59,"column":33},"end":{"line":59,"column":57}},"124":{"start":{"line":59,"column":91},"end":{"line":66,"column":112}},"125":{"start":{"line":62,"column":58},"end":{"line":66,"column":110}},"126":{"start":{"line":62,"column":121},"end":{"line":66,"column":80}},"127":{"start":{"line":62,"column":132},"end":{"line":66,"column":79}},"128":{"start":{"line":62,"column":181},"end":{"line":62,"column":200}},"129":{"start":{"line":62,"column":200},"end":{"line":64,"column":46}},"130":{"start":{"line":66,"column":14},"end":{"line":66,"column":36}},"131":{"start":{"line":66,"column":54},"end":{"line":66,"column":78}},"132":{"start":{"line":66,"column":112},"end":{"line":79,"column":91}},"133":{"start":{"line":68,"column":57},"end":{"line":79,"column":89}},"134":{"start":{"line":68,"column":120},"end":{"line":79,"column":59}},"135":{"start":{"line":68,"column":131},"end":{"line":79,"column":58}},"136":{"start":{"line":69,"column":14},"end":{"line":69,"column":105}},"137":{"start":{"line":70,"column":14},"end":{"line":79,"column":15}},"138":{"start":{"line":71,"column":16},"end":{"line":72,"column":46}},"139":{"start":{"line":76,"column":16},"end":{"line":77,"column":47}},"140":{"start":{"line":79,"column":33},"end":{"line":79,"column":57}},"141":{"start":{"line":79,"column":91},"end":{"line":84,"column":129}},"142":{"start":{"line":82,"column":65},"end":{"line":84,"column":127}},"143":{"start":{"line":82,"column":128},"end":{"line":84,"column":97}},"144":{"start":{"line":82,"column":139},"end":{"line":84,"column":96}},"145":{"start":{"line":82,"column":188},"end":{"line":82,"column":207}},"146":{"start":{"line":82,"column":207},"end":{"line":84,"column":53}},"147":{"start":{"line":84,"column":71},"end":{"line":84,"column":95}},"148":{"start":{"line":84,"column":129},"end":{"line":100,"column":100}},"149":{"start":{"line":87,"column":81},"end":{"line":100,"column":98}},"150":{"start":{"line":87,"column":144},"end":{"line":100,"column":68}},"151":{"start":{"line":87,"column":155},"end":{"line":100,"column":67}},"152":{"start":{"line":88,"column":14},"end":{"line":88,"column":44}},"153":{"start":{"line":89,"column":14},"end":{"line":89,"column":62}},"154":{"start":{"line":90,"column":14},"end":{"line":99,"column":15}},"155":{"start":{"line":91,"column":16},"end":{"line":92,"column":45}},"156":{"start":{"line":96,"column":16},"end":{"line":97,"column":44}},"157":{"start":{"line":100,"column":14},"end":{"line":100,"column":24}},"158":{"start":{"line":100,"column":42},"end":{"line":100,"column":66}},"159":{"start":{"line":100,"column":100},"end":{"line":115,"column":100}},"160":{"start":{"line":102,"column":95},"end":{"line":115,"column":98}},"161":{"start":{"line":102,"column":158},"end":{"line":115,"column":68}},"162":{"start":{"line":102,"column":169},"end":{"line":115,"column":67}},"163":{"start":{"line":103,"column":14},"end":{"line":103,"column":44}},"164":{"start":{"line":104,"column":14},"end":{"line":104,"column":76}},"165":{"start":{"line":105,"column":14},"end":{"line":114,"column":15}},"166":{"start":{"line":106,"column":16},"end":{"line":107,"column":52}},"167":{"start":{"line":111,"column":16},"end":{"line":112,"column":51}},"168":{"start":{"line":115,"column":14},"end":{"line":115,"column":24}},"169":{"start":{"line":115,"column":42},"end":{"line":115,"column":66}},"170":{"start":{"line":115,"column":100},"end":{"line":115,"column":403}},"171":{"start":{"line":115,"column":403},"end":{"line":115,"column":416}},"172":{"start":{"line":115,"column":417},"end":{"line":225,"column":10}},"173":{"start":{"line":118,"column":18},"end":{"line":118,"column":22}},"174":{"start":{"line":119,"column":6},"end":{"line":219,"column":105}},"175":{"start":{"line":133,"column":58},"end":{"line":133,"column":114}},"176":{"start":{"line":143,"column":57},"end":{"line":143,"column":97}},"177":{"start":{"line":153,"column":54},"end":{"line":153,"column":88}},"178":{"start":{"line":165,"column":57},"end":{"line":165,"column":97}},"179":{"start":{"line":191,"column":64},"end":{"line":191,"column":118}},"180":{"start":{"line":225,"column":10},"end":{"line":225,"column":29}},"181":{"start":{"line":225,"column":49},"end":{"line":225,"column":79}}},"fnMap":{"0":{"name":"_interopRequireDefault","decl":{"start":{"line":3,"column":184},"end":{"line":3,"column":206}},"loc":{"start":{"line":3,"column":212},"end":{"line":3,"column":268}},"line":3},"1":{"name":"_getRequireWildcardCache","decl":{"start":{"line":3,"column":277},"end":{"line":3,"column":301}},"loc":{"start":{"line":3,"column":304},"end":{"line":3,"column":471}},"line":3},"2":{"name":"_getRequireWildcardCache","decl":{"start":{"line":3,"column":414},"end":{"line":3,"column":438}},"loc":{"start":{"line":3,"column":441},"end":{"line":3,"column":456}},"line":3},"3":{"name":"_interopRequireWildcard","decl":{"start":{"line":3,"column":480},"end":{"line":3,"column":503}},"loc":{"start":{"line":3,"column":509},"end":{"line":3,"column":1186}},"line":3},"4":{"name":"_classCallCheck","decl":{"start":{"line":3,"column":1195},"end":{"line":3,"column":1210}},"loc":{"start":{"line":3,"column":1234},"end":{"line":3,"column":1335}},"line":3},"5":{"name":"_defineProperties","decl":{"start":{"line":3,"column":1344},"end":{"line":3,"column":1361}},"loc":{"start":{"line":3,"column":1377},"end":{"line":3,"column":1644}},"line":3},"6":{"name":"_createClass","decl":{"start":{"line":3,"column":1653},"end":{"line":3,"column":1665}},"loc":{"start":{"line":3,"column":1704},"end":{"line":3,"column":1855}},"line":3},"7":{"name":"_inherits","decl":{"start":{"line":3,"column":1864},"end":{"line":3,"column":1873}},"loc":{"start":{"line":3,"column":1896},"end":{"line":3,"column":2234}},"line":3},"8":{"name":"_setPrototypeOf","decl":{"start":{"line":3,"column":2243},"end":{"line":3,"column":2258}},"loc":{"start":{"line":3,"column":2265},"end":{"line":3,"column":2398}},"line":3},"9":{"name":"_setPrototypeOf","decl":{"start":{"line":3,"column":2318},"end":{"line":3,"column":2333}},"loc":{"start":{"line":3,"column":2340},"end":{"line":3,"column":2367}},"line":3},"10":{"name":"_createSuper","decl":{"start":{"line":3,"column":2407},"end":{"line":3,"column":2419}},"loc":{"start":{"line":3,"column":2429},"end":{"line":3,"column":2810}},"line":3},"11":{"name":"_createSuperInternal","decl":{"start":{"line":3,"column":2506},"end":{"line":3,"column":2526}},"loc":{"start":{"line":3,"column":2529},"end":{"line":3,"column":2808}},"line":3},"12":{"name":"_possibleConstructorReturn","decl":{"start":{"line":3,"column":2819},"end":{"line":3,"column":2845}},"loc":{"start":{"line":3,"column":2858},"end":{"line":3,"column":2980}},"line":3},"13":{"name":"_assertThisInitialized","decl":{"start":{"line":3,"column":2989},"end":{"line":3,"column":3011}},"loc":{"start":{"line":3,"column":3018},"end":{"line":3,"column":3141}},"line":3},"14":{"name":"_isNativeReflectConstruct","decl":{"start":{"line":3,"column":3150},"end":{"line":3,"column":3175}},"loc":{"start":{"line":3,"column":3178},"end":{"line":3,"column":3455}},"line":3},"15":{"name":"(anonymous_15)","decl":{"start":{"line":3,"column":3398},"end":{"line":3,"column":3399}},"loc":{"start":{"line":3,"column":3410},"end":{"line":3,"column":3412}},"line":3},"16":{"name":"_getPrototypeOf","decl":{"start":{"line":3,"column":3464},"end":{"line":3,"column":3479}},"loc":{"start":{"line":3,"column":3483},"end":{"line":3,"column":3655}},"line":3},"17":{"name":"_getPrototypeOf","decl":{"start":{"line":3,"column":3559},"end":{"line":3,"column":3574}},"loc":{"start":{"line":3,"column":3578},"end":{"line":3,"column":3627}},"line":3},"18":{"name":"(anonymous_18)","decl":{"start":{"line":5,"column":14},"end":{"line":5,"column":15}},"loc":{"start":{"line":5,"column":36},"end":{"line":225,"column":30}},"line":5},"19":{"name":"LogInScreen","decl":{"start":{"line":6,"column":11},"end":{"line":6,"column":22}},"loc":{"start":{"line":6,"column":30},"end":{"line":115,"column":417}},"line":6},"20":{"name":"_callee","decl":{"start":{"line":25,"column":32},"end":{"line":25,"column":39}},"loc":{"start":{"line":25,"column":58},"end":{"line":31,"column":223}},"line":25},"21":{"name":"_callee$","decl":{"start":{"line":25,"column":114},"end":{"line":25,"column":122}},"loc":{"start":{"line":25,"column":133},"end":{"line":31,"column":193}},"line":25},"22":{"name":"_callee2","decl":{"start":{"line":34,"column":31},"end":{"line":34,"column":39}},"loc":{"start":{"line":34,"column":57},"end":{"line":39,"column":221}},"line":34},"23":{"name":"_callee2$","decl":{"start":{"line":34,"column":113},"end":{"line":34,"column":122}},"loc":{"start":{"line":34,"column":134},"end":{"line":39,"column":191}},"line":34},"24":{"name":"_callee3","decl":{"start":{"line":42,"column":28},"end":{"line":42,"column":36}},"loc":{"start":{"line":42,"column":51},"end":{"line":46,"column":108}},"line":42},"25":{"name":"_callee3$","decl":{"start":{"line":42,"column":93},"end":{"line":42,"column":102}},"loc":{"start":{"line":42,"column":114},"end":{"line":46,"column":78}},"line":42},"26":{"name":"_callee4","decl":{"start":{"line":48,"column":26},"end":{"line":48,"column":34}},"loc":{"start":{"line":48,"column":37},"end":{"line":59,"column":90}},"line":48},"27":{"name":"_callee4$","decl":{"start":{"line":48,"column":94},"end":{"line":48,"column":103}},"loc":{"start":{"line":48,"column":115},"end":{"line":59,"column":60}},"line":48},"28":{"name":"_callee5","decl":{"start":{"line":62,"column":31},"end":{"line":62,"column":39}},"loc":{"start":{"line":62,"column":57},"end":{"line":66,"column":111}},"line":62},"29":{"name":"_callee5$","decl":{"start":{"line":62,"column":99},"end":{"line":62,"column":108}},"loc":{"start":{"line":62,"column":120},"end":{"line":66,"column":81}},"line":62},"30":{"name":"_callee6","decl":{"start":{"line":68,"column":29},"end":{"line":68,"column":37}},"loc":{"start":{"line":68,"column":40},"end":{"line":79,"column":90}},"line":68},"31":{"name":"_callee6$","decl":{"start":{"line":68,"column":98},"end":{"line":68,"column":107}},"loc":{"start":{"line":68,"column":119},"end":{"line":79,"column":60}},"line":68},"32":{"name":"_callee7","decl":{"start":{"line":82,"column":38},"end":{"line":82,"column":46}},"loc":{"start":{"line":82,"column":64},"end":{"line":84,"column":128}},"line":82},"33":{"name":"_callee7$","decl":{"start":{"line":82,"column":106},"end":{"line":82,"column":115}},"loc":{"start":{"line":82,"column":127},"end":{"line":84,"column":98}},"line":82},"34":{"name":"_callee8","decl":{"start":{"line":87,"column":39},"end":{"line":87,"column":47}},"loc":{"start":{"line":87,"column":50},"end":{"line":100,"column":99}},"line":87},"35":{"name":"_callee8$","decl":{"start":{"line":87,"column":122},"end":{"line":87,"column":131}},"loc":{"start":{"line":87,"column":143},"end":{"line":100,"column":69}},"line":87},"36":{"name":"_callee9","decl":{"start":{"line":102,"column":46},"end":{"line":102,"column":54}},"loc":{"start":{"line":102,"column":57},"end":{"line":115,"column":99}},"line":102},"37":{"name":"_callee9$","decl":{"start":{"line":102,"column":136},"end":{"line":102,"column":145}},"loc":{"start":{"line":102,"column":157},"end":{"line":115,"column":69}},"line":102},"38":{"name":"render","decl":{"start":{"line":115,"column":477},"end":{"line":115,"column":483}},"loc":{"start":{"line":118,"column":4},"end":{"line":225,"column":5}},"line":118},"39":{"name":"onChangeText","decl":{"start":{"line":133,"column":33},"end":{"line":133,"column":45}},"loc":{"start":{"line":133,"column":57},"end":{"line":133,"column":115}},"line":133},"40":{"name":"onChangeText","decl":{"start":{"line":143,"column":33},"end":{"line":143,"column":45}},"loc":{"start":{"line":143,"column":56},"end":{"line":143,"column":98}},"line":143},"41":{"name":"onChangeText","decl":{"start":{"line":153,"column":33},"end":{"line":153,"column":45}},"loc":{"start":{"line":153,"column":53},"end":{"line":153,"column":89}},"line":153},"42":{"name":"onChangeText","decl":{"start":{"line":165,"column":33},"end":{"line":165,"column":45}},"loc":{"start":{"line":165,"column":56},"end":{"line":165,"column":98}},"line":165},"43":{"name":"onChangeText","decl":{"start":{"line":191,"column":33},"end":{"line":191,"column":45}},"loc":{"start":{"line":191,"column":63},"end":{"line":191,"column":119}},"line":191}},"branchMap":{"0":{"loc":{"start":{"line":3,"column":220},"end":{"line":3,"column":266}},"type":"cond-expr","locations":[{"start":{"line":3,"column":244},"end":{"line":3,"column":247}},{"start":{"line":3,"column":250},"end":{"line":3,"column":266}}],"line":3},"1":{"loc":{"start":{"line":3,"column":220},"end":{"line":3,"column":241}},"type":"binary-expr","locations":[{"start":{"line":3,"column":220},"end":{"line":3,"column":223}},{"start":{"line":3,"column":227},"end":{"line":3,"column":241}}],"line":3},"2":{"loc":{"start":{"line":3,"column":305},"end":{"line":3,"column":352}},"type":"if","locations":[{"start":{"line":3,"column":305},"end":{"line":3,"column":352}},{"start":{"line":3,"column":305},"end":{"line":3,"column":352}}],"line":3},"3":{"loc":{"start":{"line":3,"column":510},"end":{"line":3,"column":550}},"type":"if","locations":[{"start":{"line":3,"column":510},"end":{"line":3,"column":550}},{"start":{"line":3,"column":510},"end":{"line":3,"column":550}}],"line":3},"4":{"loc":{"start":{"line":3,"column":514},"end":{"line":3,"column":535}},"type":"binary-expr","locations":[{"start":{"line":3,"column":514},"end":{"line":3,"column":517}},{"start":{"line":3,"column":521},"end":{"line":3,"column":535}}],"line":3},"5":{"loc":{"start":{"line":3,"column":550},"end":{"line":3,"column":650}},"type":"if","locations":[{"start":{"line":3,"column":550},"end":{"line":3,"column":650}},{"start":{"line":3,"column":550},"end":{"line":3,"column":650}}],"line":3},"6":{"loc":{"start":{"line":3,"column":554},"end":{"line":3,"column":622}},"type":"binary-expr","locations":[{"start":{"line":3,"column":554},"end":{"line":3,"column":566}},{"start":{"line":3,"column":570},"end":{"line":3,"column":593}},{"start":{"line":3,"column":597},"end":{"line":3,"column":622}}],"line":3},"7":{"loc":{"start":{"line":3,"column":689},"end":{"line":3,"column":742}},"type":"if","locations":[{"start":{"line":3,"column":689},"end":{"line":3,"column":742}},{"start":{"line":3,"column":689},"end":{"line":3,"column":742}}],"line":3},"8":{"loc":{"start":{"line":3,"column":693},"end":{"line":3,"column":716}},"type":"binary-expr","locations":[{"start":{"line":3,"column":693},"end":{"line":3,"column":698}},{"start":{"line":3,"column":702},"end":{"line":3,"column":716}}],"line":3},"9":{"loc":{"start":{"line":3,"column":786},"end":{"line":3,"column":842}},"type":"binary-expr","locations":[{"start":{"line":3,"column":786},"end":{"line":3,"column":807}},{"start":{"line":3,"column":811},"end":{"line":3,"column":842}}],"line":3},"10":{"loc":{"start":{"line":3,"column":865},"end":{"line":3,"column":1113}},"type":"if","locations":[{"start":{"line":3,"column":865},"end":{"line":3,"column":1113}},{"start":{"line":3,"column":865},"end":{"line":3,"column":1113}}],"line":3},"11":{"loc":{"start":{"line":3,"column":929},"end":{"line":3,"column":1001}},"type":"cond-expr","locations":[{"start":{"line":3,"column":953},"end":{"line":3,"column":994}},{"start":{"line":3,"column":997},"end":{"line":3,"column":1001}}],"line":3},"12":{"loc":{"start":{"line":3,"column":1002},"end":{"line":3,"column":1112}},"type":"if","locations":[{"start":{"line":3,"column":1002},"end":{"line":3,"column":1112}},{"start":{"line":3,"column":1002},"end":{"line":3,"column":1112}}],"line":3},"13":{"loc":{"start":{"line":3,"column":1006},"end":{"line":3,"column":1036}},"type":"binary-expr","locations":[{"start":{"line":3,"column":1006},"end":{"line":3,"column":1010}},{"start":{"line":3,"column":1015},"end":{"line":3,"column":1023}},{"start":{"line":3,"column":1027},"end":{"line":3,"column":1035}}],"line":3},"14":{"loc":{"start":{"line":3,"column":1135},"end":{"line":3,"column":1171}},"type":"if","locations":[{"start":{"line":3,"column":1135},"end":{"line":3,"column":1171}},{"start":{"line":3,"column":1135},"end":{"line":3,"column":1171}}],"line":3},"15":{"loc":{"start":{"line":3,"column":1235},"end":{"line":3,"column":1334}},"type":"if","locations":[{"start":{"line":3,"column":1235},"end":{"line":3,"column":1334}},{"start":{"line":3,"column":1235},"end":{"line":3,"column":1334}}],"line":3},"16":{"loc":{"start":{"line":3,"column":1468},"end":{"line":3,"column":1498}},"type":"binary-expr","locations":[{"start":{"line":3,"column":1468},"end":{"line":3,"column":1489}},{"start":{"line":3,"column":1493},"end":{"line":3,"column":1498}}],"line":3},"17":{"loc":{"start":{"line":3,"column":1530},"end":{"line":3,"column":1584}},"type":"if","locations":[{"start":{"line":3,"column":1530},"end":{"line":3,"column":1584}},{"start":{"line":3,"column":1530},"end":{"line":3,"column":1584}}],"line":3},"18":{"loc":{"start":{"line":3,"column":1705},"end":{"line":3,"column":1774}},"type":"if","locations":[{"start":{"line":3,"column":1705},"end":{"line":3,"column":1774}},{"start":{"line":3,"column":1705},"end":{"line":3,"column":1774}}],"line":3},"19":{"loc":{"start":{"line":3,"column":1774},"end":{"line":3,"column":1835}},"type":"if","locations":[{"start":{"line":3,"column":1774},"end":{"line":3,"column":1835}},{"start":{"line":3,"column":1774},"end":{"line":3,"column":1835}}],"line":3},"20":{"loc":{"start":{"line":3,"column":1897},"end":{"line":3,"column":2034}},"type":"if","locations":[{"start":{"line":3,"column":1897},"end":{"line":3,"column":2034}},{"start":{"line":3,"column":1897},"end":{"line":3,"column":2034}}],"line":3},"21":{"loc":{"start":{"line":3,"column":1901},"end":{"line":3,"column":1956}},"type":"binary-expr","locations":[{"start":{"line":3,"column":1901},"end":{"line":3,"column":1933}},{"start":{"line":3,"column":1937},"end":{"line":3,"column":1956}}],"line":3},"22":{"loc":{"start":{"line":3,"column":2069},"end":{"line":3,"column":2103}},"type":"binary-expr","locations":[{"start":{"line":3,"column":2069},"end":{"line":3,"column":2079}},{"start":{"line":3,"column":2083},"end":{"line":3,"column":2103}}],"line":3},"23":{"loc":{"start":{"line":3,"column":2179},"end":{"line":3,"column":2233}},"type":"if","locations":[{"start":{"line":3,"column":2179},"end":{"line":3,"column":2233}},{"start":{"line":3,"column":2179},"end":{"line":3,"column":2233}}],"line":3},"24":{"loc":{"start":{"line":3,"column":2284},"end":{"line":3,"column":2367}},"type":"binary-expr","locations":[{"start":{"line":3,"column":2284},"end":{"line":3,"column":2305}},{"start":{"line":3,"column":2309},"end":{"line":3,"column":2367}}],"line":3},"25":{"loc":{"start":{"line":3,"column":2574},"end":{"line":3,"column":2759}},"type":"if","locations":[{"start":{"line":3,"column":2574},"end":{"line":3,"column":2759}},{"start":{"line":3,"column":2574},"end":{"line":3,"column":2759}}],"line":3},"26":{"loc":{"start":{"line":3,"column":2859},"end":{"line":3,"column":2943}},"type":"if","locations":[{"start":{"line":3,"column":2859},"end":{"line":3,"column":2943}},{"start":{"line":3,"column":2859},"end":{"line":3,"column":2943}}],"line":3},"27":{"loc":{"start":{"line":3,"column":2863},"end":{"line":3,"column":2927}},"type":"binary-expr","locations":[{"start":{"line":3,"column":2863},"end":{"line":3,"column":2867}},{"start":{"line":3,"column":2872},"end":{"line":3,"column":2896}},{"start":{"line":3,"column":2900},"end":{"line":3,"column":2926}}],"line":3},"28":{"loc":{"start":{"line":3,"column":3019},"end":{"line":3,"column":3128}},"type":"if","locations":[{"start":{"line":3,"column":3019},"end":{"line":3,"column":3128}},{"start":{"line":3,"column":3019},"end":{"line":3,"column":3128}}],"line":3},"29":{"loc":{"start":{"line":3,"column":3179},"end":{"line":3,"column":3250}},"type":"if","locations":[{"start":{"line":3,"column":3179},"end":{"line":3,"column":3250}},{"start":{"line":3,"column":3179},"end":{"line":3,"column":3250}}],"line":3},"30":{"loc":{"start":{"line":3,"column":3183},"end":{"line":3,"column":3235}},"type":"binary-expr","locations":[{"start":{"line":3,"column":3183},"end":{"line":3,"column":3213}},{"start":{"line":3,"column":3217},"end":{"line":3,"column":3235}}],"line":3},"31":{"loc":{"start":{"line":3,"column":3250},"end":{"line":3,"column":3291}},"type":"if","locations":[{"start":{"line":3,"column":3250},"end":{"line":3,"column":3291}},{"start":{"line":3,"column":3250},"end":{"line":3,"column":3291}}],"line":3},"32":{"loc":{"start":{"line":3,"column":3291},"end":{"line":3,"column":3336}},"type":"if","locations":[{"start":{"line":3,"column":3291},"end":{"line":3,"column":3336}},{"start":{"line":3,"column":3291},"end":{"line":3,"column":3336}}],"line":3},"33":{"loc":{"start":{"line":3,"column":3502},"end":{"line":3,"column":3627}},"type":"cond-expr","locations":[{"start":{"line":3,"column":3526},"end":{"line":3,"column":3547}},{"start":{"line":3,"column":3550},"end":{"line":3,"column":3627}}],"line":3},"34":{"loc":{"start":{"line":3,"column":3586},"end":{"line":3,"column":3625}},"type":"binary-expr","locations":[{"start":{"line":3,"column":3586},"end":{"line":3,"column":3597}},{"start":{"line":3,"column":3601},"end":{"line":3,"column":3625}}],"line":3},"35":{"loc":{"start":{"line":25,"column":145},"end":{"line":31,"column":191}},"type":"switch","locations":[{"start":{"line":25,"column":185},"end":{"line":27,"column":48}},{"start":{"line":27,"column":48},"end":{"line":31,"column":149}},{"start":{"line":31,"column":149},"end":{"line":31,"column":156}},{"start":{"line":31,"column":156},"end":{"line":31,"column":190}}],"line":25},"36":{"loc":{"start":{"line":31,"column":14},"end":{"line":31,"column":148}},"type":"cond-expr","locations":[{"start":{"line":31,"column":54},"end":{"line":31,"column":99}},{"start":{"line":31,"column":102},"end":{"line":31,"column":148}}],"line":31},"37":{"loc":{"start":{"line":34,"column":146},"end":{"line":39,"column":189}},"type":"switch","locations":[{"start":{"line":34,"column":188},"end":{"line":36,"column":46}},{"start":{"line":36,"column":46},"end":{"line":39,"column":146}},{"start":{"line":39,"column":146},"end":{"line":39,"column":153}},{"start":{"line":39,"column":153},"end":{"line":39,"column":188}}],"line":34},"38":{"loc":{"start":{"line":39,"column":14},"end":{"line":39,"column":145}},"type":"cond-expr","locations":[{"start":{"line":39,"column":53},"end":{"line":39,"column":97}},{"start":{"line":39,"column":100},"end":{"line":39,"column":145}}],"line":39},"39":{"loc":{"start":{"line":42,"column":126},"end":{"line":46,"column":76}},"type":"switch","locations":[{"start":{"line":42,"column":168},"end":{"line":44,"column":40}},{"start":{"line":44,"column":40},"end":{"line":46,"column":33}},{"start":{"line":46,"column":33},"end":{"line":46,"column":40}},{"start":{"line":46,"column":40},"end":{"line":46,"column":75}}],"line":42},"40":{"loc":{"start":{"line":48,"column":127},"end":{"line":59,"column":58}},"type":"switch","locations":[{"start":{"line":48,"column":169},"end":{"line":59,"column":15}},{"start":{"line":59,"column":15},"end":{"line":59,"column":22}},{"start":{"line":59,"column":22},"end":{"line":59,"column":57}}],"line":48},"41":{"loc":{"start":{"line":50,"column":14},"end":{"line":59,"column":15}},"type":"if","locations":[{"start":{"line":50,"column":14},"end":{"line":59,"column":15}},{"start":{"line":50,"column":14},"end":{"line":59,"column":15}}],"line":50},"42":{"loc":{"start":{"line":62,"column":132},"end":{"line":66,"column":79}},"type":"switch","locations":[{"start":{"line":62,"column":174},"end":{"line":64,"column":46}},{"start":{"line":64,"column":46},"end":{"line":66,"column":36}},{"start":{"line":66,"column":36},"end":{"line":66,"column":43}},{"start":{"line":66,"column":43},"end":{"line":66,"column":78}}],"line":62},"43":{"loc":{"start":{"line":68,"column":131},"end":{"line":79,"column":58}},"type":"switch","locations":[{"start":{"line":68,"column":173},"end":{"line":79,"column":15}},{"start":{"line":79,"column":15},"end":{"line":79,"column":22}},{"start":{"line":79,"column":22},"end":{"line":79,"column":57}}],"line":68},"44":{"loc":{"start":{"line":70,"column":14},"end":{"line":79,"column":15}},"type":"if","locations":[{"start":{"line":70,"column":14},"end":{"line":79,"column":15}},{"start":{"line":70,"column":14},"end":{"line":79,"column":15}}],"line":70},"45":{"loc":{"start":{"line":82,"column":139},"end":{"line":84,"column":96}},"type":"switch","locations":[{"start":{"line":82,"column":181},"end":{"line":84,"column":53}},{"start":{"line":84,"column":53},"end":{"line":84,"column":60}},{"start":{"line":84,"column":60},"end":{"line":84,"column":95}}],"line":82},"46":{"loc":{"start":{"line":87,"column":155},"end":{"line":100,"column":67}},"type":"switch","locations":[{"start":{"line":87,"column":197},"end":{"line":100,"column":24}},{"start":{"line":100,"column":24},"end":{"line":100,"column":31}},{"start":{"line":100,"column":31},"end":{"line":100,"column":66}}],"line":87},"47":{"loc":{"start":{"line":90,"column":14},"end":{"line":99,"column":15}},"type":"if","locations":[{"start":{"line":90,"column":14},"end":{"line":99,"column":15}},{"start":{"line":90,"column":14},"end":{"line":99,"column":15}}],"line":90},"48":{"loc":{"start":{"line":102,"column":169},"end":{"line":115,"column":67}},"type":"switch","locations":[{"start":{"line":102,"column":211},"end":{"line":115,"column":24}},{"start":{"line":115,"column":24},"end":{"line":115,"column":31}},{"start":{"line":115,"column":31},"end":{"line":115,"column":66}}],"line":102},"49":{"loc":{"start":{"line":105,"column":14},"end":{"line":114,"column":15}},"type":"if","locations":[{"start":{"line":105,"column":14},"end":{"line":114,"column":15}},{"start":{"line":105,"column":14},"end":{"line":114,"column":15}}],"line":105},"50":{"loc":{"start":{"line":136,"column":8},"end":{"line":136,"column":100}},"type":"cond-expr","locations":[{"start":{"line":136,"column":71},"end":{"line":136,"column":75}},{"start":{"line":136,"column":78},"end":{"line":136,"column":100}}],"line":136},"51":{"loc":{"start":{"line":136,"column":8},"end":{"line":136,"column":68}},"type":"binary-expr","locations":[{"start":{"line":136,"column":8},"end":{"line":136,"column":38}},{"start":{"line":136,"column":42},"end":{"line":136,"column":68}}],"line":136},"52":{"loc":{"start":{"line":146,"column":8},"end":{"line":146,"column":97}},"type":"cond-expr","locations":[{"start":{"line":146,"column":69},"end":{"line":146,"column":73}},{"start":{"line":146,"column":76},"end":{"line":146,"column":97}}],"line":146},"53":{"loc":{"start":{"line":146,"column":8},"end":{"line":146,"column":66}},"type":"binary-expr","locations":[{"start":{"line":146,"column":8},"end":{"line":146,"column":37}},{"start":{"line":146,"column":41},"end":{"line":146,"column":66}}],"line":146},"54":{"loc":{"start":{"line":156,"column":8},"end":{"line":156,"column":87}},"type":"cond-expr","locations":[{"start":{"line":156,"column":63},"end":{"line":156,"column":67}},{"start":{"line":156,"column":70},"end":{"line":156,"column":87}}],"line":156},"55":{"loc":{"start":{"line":156,"column":8},"end":{"line":156,"column":60}},"type":"binary-expr","locations":[{"start":{"line":156,"column":8},"end":{"line":156,"column":34}},{"start":{"line":156,"column":38},"end":{"line":156,"column":60}}],"line":156},"56":{"loc":{"start":{"line":167,"column":8},"end":{"line":177,"column":147}},"type":"cond-expr","locations":[{"start":{"line":168,"column":8},"end":{"line":171,"column":147}},{"start":{"line":174,"column":8},"end":{"line":177,"column":147}}],"line":167},"57":{"loc":{"start":{"line":182,"column":8},"end":{"line":182,"column":93}},"type":"cond-expr","locations":[{"start":{"line":182,"column":69},"end":{"line":182,"column":73}},{"start":{"line":182,"column":76},"end":{"line":182,"column":93}}],"line":182},"58":{"loc":{"start":{"line":182,"column":8},"end":{"line":182,"column":66}},"type":"binary-expr","locations":[{"start":{"line":182,"column":8},"end":{"line":182,"column":37}},{"start":{"line":182,"column":41},"end":{"line":182,"column":66}}],"line":182},"59":{"loc":{"start":{"line":193,"column":8},"end":{"line":203,"column":147}},"type":"cond-expr","locations":[{"start":{"line":194,"column":8},"end":{"line":197,"column":147}},{"start":{"line":200,"column":8},"end":{"line":203,"column":147}}],"line":193},"60":{"loc":{"start":{"line":208,"column":8},"end":{"line":208,"column":94}},"type":"cond-expr","locations":[{"start":{"line":208,"column":67},"end":{"line":208,"column":71}},{"start":{"line":208,"column":74},"end":{"line":208,"column":94}}],"line":208}},"s":{"0":1,"1":1,"2":1,"3":1,"4":1,"5":1,"6":1,"7":1,"8":0,"9":1,"10":1,"11":0,"12":1,"13":1,"14":0,"15":1,"16":0,"17":1,"18":1,"19":0,"20":1,"21":1,"22":1,"23":28,"24":28,"25":28,"26":0,"27":28,"28":1,"29":1,"30":1,"31":1,"32":14,"33":0,"34":1,"35":1,"36":1,"37":1,"38":1,"39":1,"40":1,"41":1,"42":1,"43":1,"44":1,"45":0,"46":1,"47":1,"48":0,"49":1,"50":1,"51":1,"52":1,"53":0,"54":0,"55":1,"56":1,"57":1,"58":14,"59":14,"60":14,"61":14,"62":0,"63":14,"64":14,"65":14,"66":0,"67":0,"68":0,"69":0,"70":1,"71":0,"72":1,"73":0,"74":1,"75":1,"76":0,"77":0,"78":0,"79":0,"80":1,"81":0,"82":1,"83":1,"84":1,"85":1,"86":14,"87":14,"88":14,"89":1,"90":2,"91":2,"92":1,"93":1,"94":1,"95":1,"96":1,"97":1,"98":14,"99":1,"100":2,"101":2,"102":1,"103":1,"104":1,"105":1,"106":1,"107":14,"108":1,"109":2,"110":2,"111":1,"112":1,"113":1,"114":1,"115":14,"116":3,"117":3,"118":3,"119":3,"120":3,"121":2,"122":1,"123":3,"124":14,"125":1,"126":2,"127":2,"128":1,"129":1,"130":1,"131":1,"132":14,"133":3,"134":3,"135":3,"136":3,"137":3,"138":2,"139":1,"140":3,"141":14,"142":1,"143":2,"144":2,"145":1,"146":1,"147":1,"148":14,"149":2,"150":2,"151":2,"152":2,"153":2,"154":2,"155":1,"156":1,"157":2,"158":2,"159":14,"160":2,"161":2,"162":2,"163":2,"164":2,"165":2,"166":1,"167":1,"168":2,"169":2,"170":14,"171":14,"172":1,"173":35,"174":35,"175":0,"176":0,"177":0,"178":0,"179":0,"180":1,"181":1},"f":{"0":1,"1":1,"2":0,"3":1,"4":14,"5":1,"6":1,"7":1,"8":1,"9":0,"10":1,"11":14,"12":14,"13":0,"14":1,"15":0,"16":1,"17":0,"18":1,"19":14,"20":1,"21":2,"22":1,"23":2,"24":1,"25":2,"26":3,"27":3,"28":1,"29":2,"30":3,"31":3,"32":1,"33":2,"34":2,"35":2,"36":2,"37":2,"38":35,"39":0,"40":0,"41":0,"42":0,"43":0},"b":{"0":[1,0],"1":[1,1],"2":[0,1],"3":[0,1],"4":[1,1],"5":[0,1],"6":[1,1,0],"7":[0,1],"8":[1,1],"9":[1,1],"10":[28,0],"11":[28,0],"12":[0,28],"13":[28,28,28],"14":[1,0],"15":[0,14],"16":[1,1],"17":[1,0],"18":[1,0],"19":[0,1],"20":[0,1],"21":[1,0],"22":[1,1],"23":[1,0],"24":[1,0],"25":[14,0],"26":[14,0],"27":[14,14,0],"28":[0,0],"29":[0,1],"30":[1,1],"31":[0,1],"32":[1,0],"33":[1,0],"34":[0,0],"35":[1,1,1,1],"36":[1,0],"37":[1,1,1,1],"38":[1,0],"39":[1,1,1,1],"40":[3,3,3],"41":[2,1],"42":[1,1,1,1],"43":[3,3,3],"44":[2,1],"45":[1,1,1],"46":[2,2,2],"47":[1,1],"48":[2,2,2],"49":[1,1],"50":[35,0],"51":[35,0],"52":[35,0],"53":[35,0],"54":[34,1],"55":[35,1],"56":[34,1],"57":[34,1],"58":[35,1],"59":[34,1],"60":[34,1]},"inputSourceMap":null,"_coverageSchema":"1a1c01bbd47fc00a2c39e90264f33305004495a9","hash":"720f141815165a9140772722b6bde42184889e90"}
,"C:\\Users\\Admin\\javaScript\\FundooNotes\\src\\styles\\LogInPageStyles.js": {"path":"C:\\Users\\Admin\\javaScript\\FundooNotes\\src\\styles\\LogInPageStyles.js","statementMap":{"0":{"start":{"line":1,"column":13},"end":{"line":1,"column":75}},"1":{"start":{"line":1,"column":75},"end":{"line":1,"column":100}},"2":{"start":{"line":1,"column":113},"end":{"line":1,"column":153}},"3":{"start":{"line":2,"column":19},"end":{"line":2,"column":42}},"4":{"start":{"line":2,"column":81},"end":{"line":2,"column":135}},"5":{"start":{"line":4,"column":24},"end":{"line":73,"column":33}},"6":{"start":{"line":77,"column":0},"end":{"line":77,"column":17}},"7":{"start":{"line":77,"column":18},"end":{"line":77,"column":45}}},"fnMap":{"0":{"name":"_interopRequireDefault","decl":{"start":{"line":2,"column":52},"end":{"line":2,"column":74}},"loc":{"start":{"line":2,"column":80},"end":{"line":2,"column":136}},"line":2}},"branchMap":{"0":{"loc":{"start":{"line":2,"column":88},"end":{"line":2,"column":134}},"type":"cond-expr","locations":[{"start":{"line":2,"column":112},"end":{"line":2,"column":115}},{"start":{"line":2,"column":118},"end":{"line":2,"column":134}}],"line":2},"1":{"loc":{"start":{"line":2,"column":88},"end":{"line":2,"column":109}},"type":"binary-expr","locations":[{"start":{"line":2,"column":88},"end":{"line":2,"column":91}},{"start":{"line":2,"column":95},"end":{"line":2,"column":109}}],"line":2}},"s":{"0":1,"1":1,"2":1,"3":1,"4":1,"5":1,"6":1,"7":1},"f":{"0":1},"b":{"0":[0,1],"1":[1,1]},"inputSourceMap":null,"_coverageSchema":"1a1c01bbd47fc00a2c39e90264f33305004495a9","hash":"8f5736567eea260ea7c93ab1d8ee270b673e9c20"}
,"C:\\Users\\Admin\\javaScript\\FundooNotes\\src\\styles\\SignUpStyles.js": {"path":"C:\\Users\\Admin\\javaScript\\FundooNotes\\src\\styles\\SignUpStyles.js","statementMap":{"0":{"start":{"line":1,"column":13},"end":{"line":1,"column":75}},"1":{"start":{"line":1,"column":75},"end":{"line":1,"column":100}},"2":{"start":{"line":1,"column":113},"end":{"line":1,"column":153}},"3":{"start":{"line":2,"column":19},"end":{"line":2,"column":42}},"4":{"start":{"line":2,"column":81},"end":{"line":2,"column":135}},"5":{"start":{"line":4,"column":25},"end":{"line":78,"column":26}},"6":{"start":{"line":82,"column":0},"end":{"line":82,"column":18}},"7":{"start":{"line":82,"column":19},"end":{"line":82,"column":46}}},"fnMap":{"0":{"name":"_interopRequireDefault","decl":{"start":{"line":2,"column":52},"end":{"line":2,"column":74}},"loc":{"start":{"line":2,"column":80},"end":{"line":2,"column":136}},"line":2}},"branchMap":{"0":{"loc":{"start":{"line":2,"column":88},"end":{"line":2,"column":134}},"type":"cond-expr","locations":[{"start":{"line":2,"column":112},"end":{"line":2,"column":115}},{"start":{"line":2,"column":118},"end":{"line":2,"column":134}}],"line":2},"1":{"loc":{"start":{"line":2,"column":88},"end":{"line":2,"column":109}},"type":"binary-expr","locations":[{"start":{"line":2,"column":88},"end":{"line":2,"column":91}},{"start":{"line":2,"column":95},"end":{"line":2,"column":109}}],"line":2}},"s":{"0":1,"1":1,"2":1,"3":1,"4":1,"5":1,"6":1,"7":1},"f":{"0":1},"b":{"0":[0,1],"1":[1,1]},"inputSourceMap":null,"_coverageSchema":"1a1c01bbd47fc00a2c39e90264f33305004495a9","hash":"5d0db43e83d92b4556c63990af478c52425bde5b"}
}
