{"C:\\Users\\Admin\\javaScript\\FundooNotes\\config\\Firebase.js": {"path":"C:\\Users\\Admin\\javaScript\\FundooNotes\\config\\Firebase.js","statementMap":{"0":{"start":{"line":1,"column":13},"end":{"line":1,"column":75}},"1":{"start":{"line":1,"column":75},"end":{"line":1,"column":100}},"2":{"start":{"line":1,"column":116},"end":{"line":1,"column":159}},"3":{"start":{"line":1,"column":198},"end":{"line":1,"column":252}},"4":{"start":{"line":12,"column":21},"end":{"line":19,"column":58}},"5":{"start":{"line":23,"column":15},"end":{"line":23,"column":62}},"6":{"start":{"line":25,"column":0},"end":{"line":25,"column":8}},"7":{"start":{"line":25,"column":9},"end":{"line":25,"column":36}}},"fnMap":{"0":{"name":"_interopRequireDefault","decl":{"start":{"line":1,"column":169},"end":{"line":1,"column":191}},"loc":{"start":{"line":1,"column":197},"end":{"line":1,"column":253}},"line":1}},"branchMap":{"0":{"loc":{"start":{"line":1,"column":205},"end":{"line":1,"column":251}},"type":"cond-expr","locations":[{"start":{"line":1,"column":229},"end":{"line":1,"column":232}},{"start":{"line":1,"column":235},"end":{"line":1,"column":251}}],"line":1},"1":{"loc":{"start":{"line":1,"column":205},"end":{"line":1,"column":226}},"type":"binary-expr","locations":[{"start":{"line":1,"column":205},"end":{"line":1,"column":208}},{"start":{"line":1,"column":212},"end":{"line":1,"column":226}}],"line":1}},"s":{"0":3,"1":3,"2":3,"3":3,"4":3,"5":3,"6":3,"7":3},"f":{"0":3},"b":{"0":[3,0],"1":[3,3]},"inputSourceMap":null,"_coverageSchema":"1a1c01bbd47fc00a2c39e90264f33305004495a9","hash":"d3e44048354a3c81999032ca59e2039aec391d52"}
,"C:\\Users\\Admin\\javaScript\\FundooNotes\\services\\UserServices.js": {"path":"C:\\Users\\Admin\\javaScript\\FundooNotes\\services\\UserServices.js","statementMap":{"0":{"start":{"line":1,"column":13},"end":{"line":1,"column":75}},"1":{"start":{"line":1,"column":75},"end":{"line":1,"column":100}},"2":{"start":{"line":1,"column":116},"end":{"line":1,"column":169}},"3":{"start":{"line":1,"column":208},"end":{"line":1,"column":262}},"4":{"start":{"line":1,"column":312},"end":{"line":1,"column":411}},"5":{"start":{"line":1,"column":353},"end":{"line":1,"column":410}},"6":{"start":{"line":3,"column":15},"end":{"line":57,"column":5}},"7":{"start":{"line":3,"column":40},"end":{"line":3,"column":76}},"8":{"start":{"line":3,"column":76},"end":{"line":20,"column":4}},"9":{"start":{"line":5,"column":4},"end":{"line":19,"column":7}},"10":{"start":{"line":6,"column":6},"end":{"line":18,"column":9}},"11":{"start":{"line":8,"column":8},"end":{"line":8,"column":53}},"12":{"start":{"line":11,"column":8},"end":{"line":13,"column":9}},"13":{"start":{"line":12,"column":10},"end":{"line":12,"column":34}},"14":{"start":{"line":14,"column":8},"end":{"line":16,"column":9}},"15":{"start":{"line":15,"column":10},"end":{"line":15,"column":35}},"16":{"start":{"line":17,"column":8},"end":{"line":17,"column":27}},"17":{"start":{"line":20,"column":4},"end":{"line":39,"column":4}},"18":{"start":{"line":23,"column":4},"end":{"line":38,"column":7}},"19":{"start":{"line":24,"column":6},"end":{"line":37,"column":9}},"20":{"start":{"line":25,"column":28},"end":{"line":25,"column":49}},"21":{"start":{"line":27,"column":8},"end":{"line":35,"column":9}},"22":{"start":{"line":28,"column":10},"end":{"line":28,"column":35}},"23":{"start":{"line":30,"column":8},"end":{"line":35,"column":9}},"24":{"start":{"line":31,"column":10},"end":{"line":31,"column":37}},"25":{"start":{"line":33,"column":8},"end":{"line":35,"column":9}},"26":{"start":{"line":34,"column":10},"end":{"line":34,"column":34}},"27":{"start":{"line":36,"column":8},"end":{"line":36,"column":32}},"28":{"start":{"line":39,"column":4},"end":{"line":57,"column":4}},"29":{"start":{"line":43,"column":4},"end":{"line":56,"column":7}},"30":{"start":{"line":44,"column":6},"end":{"line":55,"column":9}},"31":{"start":{"line":46,"column":8},"end":{"line":46,"column":22}},"32":{"start":{"line":49,"column":8},"end":{"line":53,"column":9}},"33":{"start":{"line":50,"column":10},"end":{"line":50,"column":34}},"34":{"start":{"line":51,"column":15},"end":{"line":53,"column":9}},"35":{"start":{"line":52,"column":10},"end":{"line":52,"column":35}},"36":{"start":{"line":60,"column":0},"end":{"line":60,"column":18}},"37":{"start":{"line":60,"column":19},"end":{"line":60,"column":46}}},"fnMap":{"0":{"name":"_interopRequireDefault","decl":{"start":{"line":1,"column":179},"end":{"line":1,"column":201}},"loc":{"start":{"line":1,"column":207},"end":{"line":1,"column":263}},"line":1},"1":{"name":"_classCallCheck","decl":{"start":{"line":1,"column":272},"end":{"line":1,"column":287}},"loc":{"start":{"line":1,"column":311},"end":{"line":1,"column":412}},"line":1},"2":{"name":"UserServices","decl":{"start":{"line":3,"column":24},"end":{"line":3,"column":36}},"loc":{"start":{"line":3,"column":39},"end":{"line":57,"column":5}},"line":3},"3":{"name":"(anonymous_3)","decl":{"start":{"line":4,"column":18},"end":{"line":4,"column":19}},"loc":{"start":{"line":4,"column":45},"end":{"line":20,"column":3}},"line":4},"4":{"name":"(anonymous_4)","decl":{"start":{"line":5,"column":23},"end":{"line":5,"column":24}},"loc":{"start":{"line":5,"column":50},"end":{"line":19,"column":5}},"line":5},"5":{"name":"(anonymous_5)","decl":{"start":{"line":7,"column":11},"end":{"line":7,"column":12}},"loc":{"start":{"line":7,"column":23},"end":{"line":9,"column":7}},"line":7},"6":{"name":"(anonymous_6)","decl":{"start":{"line":10,"column":12},"end":{"line":10,"column":13}},"loc":{"start":{"line":10,"column":29},"end":{"line":18,"column":7}},"line":10},"7":{"name":"(anonymous_7)","decl":{"start":{"line":22,"column":10},"end":{"line":22,"column":11}},"loc":{"start":{"line":22,"column":37},"end":{"line":39,"column":3}},"line":22},"8":{"name":"(anonymous_8)","decl":{"start":{"line":23,"column":23},"end":{"line":23,"column":24}},"loc":{"start":{"line":23,"column":50},"end":{"line":38,"column":5}},"line":23},"9":{"name":"(anonymous_9)","decl":{"start":{"line":25,"column":11},"end":{"line":25,"column":12}},"loc":{"start":{"line":25,"column":27},"end":{"line":25,"column":50}},"line":25},"10":{"name":"(anonymous_10)","decl":{"start":{"line":26,"column":12},"end":{"line":26,"column":13}},"loc":{"start":{"line":26,"column":29},"end":{"line":37,"column":7}},"line":26},"11":{"name":"(anonymous_11)","decl":{"start":{"line":41,"column":18},"end":{"line":41,"column":19}},"loc":{"start":{"line":41,"column":35},"end":{"line":57,"column":3}},"line":41},"12":{"name":"(anonymous_12)","decl":{"start":{"line":43,"column":23},"end":{"line":43,"column":24}},"loc":{"start":{"line":43,"column":50},"end":{"line":56,"column":5}},"line":43},"13":{"name":"(anonymous_13)","decl":{"start":{"line":45,"column":11},"end":{"line":45,"column":12}},"loc":{"start":{"line":45,"column":23},"end":{"line":47,"column":7}},"line":45},"14":{"name":"(anonymous_14)","decl":{"start":{"line":48,"column":12},"end":{"line":48,"column":13}},"loc":{"start":{"line":48,"column":29},"end":{"line":55,"column":7}},"line":48}},"branchMap":{"0":{"loc":{"start":{"line":1,"column":215},"end":{"line":1,"column":261}},"type":"cond-expr","locations":[{"start":{"line":1,"column":239},"end":{"line":1,"column":242}},{"start":{"line":1,"column":245},"end":{"line":1,"column":261}}],"line":1},"1":{"loc":{"start":{"line":1,"column":215},"end":{"line":1,"column":236}},"type":"binary-expr","locations":[{"start":{"line":1,"column":215},"end":{"line":1,"column":218}},{"start":{"line":1,"column":222},"end":{"line":1,"column":236}}],"line":1},"2":{"loc":{"start":{"line":1,"column":312},"end":{"line":1,"column":411}},"type":"if","locations":[{"start":{"line":1,"column":312},"end":{"line":1,"column":411}},{"start":{"line":1,"column":312},"end":{"line":1,"column":411}}],"line":1},"3":{"loc":{"start":{"line":11,"column":8},"end":{"line":13,"column":9}},"type":"if","locations":[{"start":{"line":11,"column":8},"end":{"line":13,"column":9}},{"start":{"line":11,"column":8},"end":{"line":13,"column":9}}],"line":11},"4":{"loc":{"start":{"line":14,"column":8},"end":{"line":16,"column":9}},"type":"if","locations":[{"start":{"line":14,"column":8},"end":{"line":16,"column":9}},{"start":{"line":14,"column":8},"end":{"line":16,"column":9}}],"line":14},"5":{"loc":{"start":{"line":27,"column":8},"end":{"line":35,"column":9}},"type":"if","locations":[{"start":{"line":27,"column":8},"end":{"line":35,"column":9}},{"start":{"line":27,"column":8},"end":{"line":35,"column":9}}],"line":27},"6":{"loc":{"start":{"line":30,"column":8},"end":{"line":35,"column":9}},"type":"if","locations":[{"start":{"line":30,"column":8},"end":{"line":35,"column":9}},{"start":{"line":30,"column":8},"end":{"line":35,"column":9}}],"line":30},"7":{"loc":{"start":{"line":33,"column":8},"end":{"line":35,"column":9}},"type":"if","locations":[{"start":{"line":33,"column":8},"end":{"line":35,"column":9}},{"start":{"line":33,"column":8},"end":{"line":35,"column":9}}],"line":33},"8":{"loc":{"start":{"line":49,"column":8},"end":{"line":53,"column":9}},"type":"if","locations":[{"start":{"line":49,"column":8},"end":{"line":53,"column":9}},{"start":{"line":49,"column":8},"end":{"line":53,"column":9}}],"line":49},"9":{"loc":{"start":{"line":51,"column":15},"end":{"line":53,"column":9}},"type":"if","locations":[{"start":{"line":51,"column":15},"end":{"line":53,"column":9}},{"start":{"line":51,"column":15},"end":{"line":53,"column":9}}],"line":51}},"s":{"0":3,"1":3,"2":3,"3":3,"4":3,"5":0,"6":3,"7":3,"8":3,"9":2,"10":2,"11":0,"12":1,"13":0,"14":1,"15":1,"16":1,"17":3,"18":4,"19":4,"20":1,"21":3,"22":1,"23":2,"24":1,"25":1,"26":1,"27":3,"28":3,"29":3,"30":3,"31":1,"32":2,"33":1,"34":1,"35":1,"36":3,"37":3},"f":{"0":3,"1":3,"2":3,"3":2,"4":2,"5":0,"6":1,"7":4,"8":4,"9":1,"10":3,"11":3,"12":3,"13":1,"14":2},"b":{"0":[3,0],"1":[3,3],"2":[0,3],"3":[0,1],"4":[1,0],"5":[1,2],"6":[1,1],"7":[1,0],"8":[1,1],"9":[1,0]},"inputSourceMap":null,"_coverageSchema":"1a1c01bbd47fc00a2c39e90264f33305004495a9","hash":"b2f4bf9b37550ca75a730813a1b45fea22b036af"}
,"C:\\Users\\Admin\\javaScript\\FundooNotes\\src\\assets\\FundoIcon.png": {"path":"C:\\Users\\Admin\\javaScript\\FundooNotes\\src\\assets\\FundoIcon.png","statementMap":{"0":{"start":{"line":1,"column":0},"end":{"line":4,"column":6}}},"fnMap":{},"branchMap":{},"s":{"0":3},"f":{},"b":{},"inputSourceMap":null,"_coverageSchema":"1a1c01bbd47fc00a2c39e90264f33305004495a9","hash":"8d501d0dff78316b3c003b397e6e9f3cd5bed2dc"}
,"C:\\Users\\Admin\\javaScript\\FundooNotes\\src\\assets\\hidePasswordIcon.png": {"path":"C:\\Users\\Admin\\javaScript\\FundooNotes\\src\\assets\\hidePasswordIcon.png","statementMap":{"0":{"start":{"line":1,"column":0},"end":{"line":4,"column":6}}},"fnMap":{},"branchMap":{},"s":{"0":2},"f":{},"b":{},"inputSourceMap":null,"_coverageSchema":"1a1c01bbd47fc00a2c39e90264f33305004495a9","hash":"30dd2757206350c26bf7de6f97f52a2392ae756a"}
,"C:\\Users\\Admin\\javaScript\\FundooNotes\\src\\assets\\showPasswordIcon.png": {"path":"C:\\Users\\Admin\\javaScript\\FundooNotes\\src\\assets\\showPasswordIcon.png","statementMap":{"0":{"start":{"line":1,"column":0},"end":{"line":4,"column":6}}},"fnMap":{},"branchMap":{},"s":{"0":2},"f":{},"b":{},"inputSourceMap":null,"_coverageSchema":"1a1c01bbd47fc00a2c39e90264f33305004495a9","hash":"bdececfc2156e0b718ffc4b4b0392188731933c2"}
,"C:\\Users\\Admin\\javaScript\\FundooNotes\\src\\components\\ForgotPasswordScreen.js": {"path":"C:\\Users\\Admin\\javaScript\\FundooNotes\\src\\components\\ForgotPasswordScreen.js","statementMap":{"0":{"start":{"line":1,"column":13},"end":{"line":1,"column":75}},"1":{"start":{"line":1,"column":75},"end":{"line":1,"column":100}},"2":{"start":{"line":1,"column":113},"end":{"line":1,"column":154}},"3":{"start":{"line":2,"column":19},"end":{"line":2,"column":42}},"4":{"start":{"line":3,"column":34},"end":{"line":3,"column":105}},"5":{"start":{"line":4,"column":20},"end":{"line":4,"column":82}},"6":{"start":{"line":4,"column":102},"end":{"line":4,"column":187}},"7":{"start":{"line":4,"column":226},"end":{"line":4,"column":280}},"8":{"start":{"line":4,"column":318},"end":{"line":4,"column":365}},"9":{"start":{"line":4,"column":353},"end":{"line":4,"column":365}},"10":{"start":{"line":4,"column":377},"end":{"line":4,"column":390}},"11":{"start":{"line":4,"column":391},"end":{"line":4,"column":470}},"12":{"start":{"line":4,"column":455},"end":{"line":4,"column":468}},"13":{"start":{"line":4,"column":470},"end":{"line":4,"column":483}},"14":{"start":{"line":4,"column":523},"end":{"line":4,"column":563}},"15":{"start":{"line":4,"column":551},"end":{"line":4,"column":562}},"16":{"start":{"line":4,"column":563},"end":{"line":4,"column":663}},"17":{"start":{"line":4,"column":638},"end":{"line":4,"column":662}},"18":{"start":{"line":4,"column":675},"end":{"line":4,"column":701}},"19":{"start":{"line":4,"column":702},"end":{"line":4,"column":755}},"20":{"start":{"line":4,"column":732},"end":{"line":4,"column":754}},"21":{"start":{"line":4,"column":768},"end":{"line":4,"column":770}},"22":{"start":{"line":4,"column":799},"end":{"line":4,"column":855}},"23":{"start":{"line":4,"column":856},"end":{"line":4,"column":1127}},"24":{"start":{"line":4,"column":878},"end":{"line":4,"column":1126}},"25":{"start":{"line":4,"column":942},"end":{"line":4,"column":1014}},"26":{"start":{"line":4,"column":1015},"end":{"line":4,"column":1125}},"27":{"start":{"line":4,"column":1052},"end":{"line":4,"column":1093}},"28":{"start":{"line":4,"column":1101},"end":{"line":4,"column":1124}},"29":{"start":{"line":4,"column":1127},"end":{"line":4,"column":1148}},"30":{"start":{"line":4,"column":1148},"end":{"line":4,"column":1184}},"31":{"start":{"line":4,"column":1160},"end":{"line":4,"column":1183}},"32":{"start":{"line":4,"column":1184},"end":{"line":4,"column":1198}},"33":{"start":{"line":4,"column":1248},"end":{"line":4,"column":1347}},"34":{"start":{"line":4,"column":1289},"end":{"line":4,"column":1346}},"35":{"start":{"line":4,"column":1391},"end":{"line":4,"column":1656}},"36":{"start":{"line":4,"column":1404},"end":{"line":4,"column":1405}},"37":{"start":{"line":4,"column":1448},"end":{"line":4,"column":1456}},"38":{"start":{"line":4,"column":1457},"end":{"line":4,"column":1512}},"39":{"start":{"line":4,"column":1512},"end":{"line":4,"column":1543}},"40":{"start":{"line":4,"column":1543},"end":{"line":4,"column":1597}},"41":{"start":{"line":4,"column":1570},"end":{"line":4,"column":1597}},"42":{"start":{"line":4,"column":1597},"end":{"line":4,"column":1655}},"43":{"start":{"line":4,"column":1718},"end":{"line":4,"column":1787}},"44":{"start":{"line":4,"column":1734},"end":{"line":4,"column":1787}},"45":{"start":{"line":4,"column":1787},"end":{"line":4,"column":1848}},"46":{"start":{"line":4,"column":1804},"end":{"line":4,"column":1848}},"47":{"start":{"line":4,"column":1848},"end":{"line":4,"column":1867}},"48":{"start":{"line":4,"column":1910},"end":{"line":4,"column":2047}},"49":{"start":{"line":4,"column":1972},"end":{"line":4,"column":2046}},"50":{"start":{"line":4,"column":2047},"end":{"line":4,"column":2192}},"51":{"start":{"line":4,"column":2192},"end":{"line":4,"column":2246}},"52":{"start":{"line":4,"column":2208},"end":{"line":4,"column":2246}},"53":{"start":{"line":4,"column":2279},"end":{"line":4,"column":2381}},"54":{"start":{"line":4,"column":2354},"end":{"line":4,"column":2370}},"55":{"start":{"line":4,"column":2370},"end":{"line":4,"column":2379}},"56":{"start":{"line":4,"column":2381},"end":{"line":4,"column":2410}},"57":{"start":{"line":4,"column":2475},"end":{"line":4,"column":2502}},"58":{"start":{"line":4,"column":2503},"end":{"line":4,"column":2822}},"59":{"start":{"line":4,"column":2555},"end":{"line":4,"column":2579}},"60":{"start":{"line":4,"column":2587},"end":{"line":4,"column":2772}},"61":{"start":{"line":4,"column":2635},"end":{"line":4,"column":2668}},"62":{"start":{"line":4,"column":2669},"end":{"line":4,"column":2725}},"63":{"start":{"line":4,"column":2733},"end":{"line":4,"column":2771}},"64":{"start":{"line":4,"column":2772},"end":{"line":4,"column":2820}},"65":{"start":{"line":4,"column":2872},"end":{"line":4,"column":2956}},"66":{"start":{"line":4,"column":2943},"end":{"line":4,"column":2955}},"67":{"start":{"line":4,"column":2956},"end":{"line":4,"column":2992}},"68":{"start":{"line":4,"column":3032},"end":{"line":4,"column":3141}},"69":{"start":{"line":4,"column":3054},"end":{"line":4,"column":3140}},"70":{"start":{"line":4,"column":3141},"end":{"line":4,"column":3153}},"71":{"start":{"line":4,"column":3192},"end":{"line":4,"column":3263}},"72":{"start":{"line":4,"column":3250},"end":{"line":4,"column":3263}},"73":{"start":{"line":4,"column":3263},"end":{"line":4,"column":3304}},"74":{"start":{"line":4,"column":3291},"end":{"line":4,"column":3304}},"75":{"start":{"line":4,"column":3304},"end":{"line":4,"column":3349}},"76":{"start":{"line":4,"column":3337},"end":{"line":4,"column":3349}},"77":{"start":{"line":4,"column":3349},"end":{"line":4,"column":3467}},"78":{"start":{"line":4,"column":3354},"end":{"line":4,"column":3428}},"79":{"start":{"line":4,"column":3428},"end":{"line":4,"column":3440}},"80":{"start":{"line":4,"column":3453},"end":{"line":4,"column":3466}},"81":{"start":{"line":4,"column":3497},"end":{"line":4,"column":3641}},"82":{"start":{"line":4,"column":3592},"end":{"line":4,"column":3639}},"83":{"start":{"line":4,"column":3641},"end":{"line":4,"column":3667}},"84":{"start":{"line":6,"column":23},"end":{"line":95,"column":57}},"85":{"start":{"line":6,"column":46},"end":{"line":6,"column":90}},"86":{"start":{"line":6,"column":103},"end":{"line":6,"column":137}},"87":{"start":{"line":7,"column":50},"end":{"line":7,"column":94}},"88":{"start":{"line":8,"column":4},"end":{"line":8,"column":37}},"89":{"start":{"line":8,"column":37},"end":{"line":22,"column":120}},"90":{"start":{"line":17,"column":51},"end":{"line":22,"column":118}},"91":{"start":{"line":17,"column":112},"end":{"line":22,"column":88}},"92":{"start":{"line":17,"column":123},"end":{"line":22,"column":87}},"93":{"start":{"line":17,"column":170},"end":{"line":17,"column":188}},"94":{"start":{"line":17,"column":188},"end":{"line":22,"column":45}},"95":{"start":{"line":22,"column":63},"end":{"line":22,"column":86}},"96":{"start":{"line":22,"column":120},"end":{"line":51,"column":119}},"97":{"start":{"line":26,"column":53},"end":{"line":51,"column":117}},"98":{"start":{"line":26,"column":116},"end":{"line":51,"column":87}},"99":{"start":{"line":26,"column":127},"end":{"line":51,"column":86}},"100":{"start":{"line":27,"column":14},"end":{"line":27,"column":44}},"101":{"start":{"line":27,"column":44},"end":{"line":28,"column":101}},"102":{"start":{"line":28,"column":75},"end":{"line":28,"column":94}},"103":{"start":{"line":28,"column":94},"end":{"line":28,"column":100}},"104":{"start":{"line":28,"column":101},"end":{"line":28,"column":120}},"105":{"start":{"line":28,"column":120},"end":{"line":48,"column":18}},"106":{"start":{"line":30,"column":46},"end":{"line":36,"column":108}},"107":{"start":{"line":30,"column":109},"end":{"line":36,"column":78}},"108":{"start":{"line":30,"column":120},"end":{"line":36,"column":77}},"109":{"start":{"line":30,"column":169},"end":{"line":30,"column":188}},"110":{"start":{"line":30,"column":188},"end":{"line":32,"column":58}},"111":{"start":{"line":32,"column":65},"end":{"line":32,"column":84}},"112":{"start":{"line":32,"column":84},"end":{"line":36,"column":34}},"113":{"start":{"line":35,"column":26},"end":{"line":35,"column":67}},"114":{"start":{"line":36,"column":52},"end":{"line":36,"column":76}},"115":{"start":{"line":39,"column":16},"end":{"line":47,"column":17}},"116":{"start":{"line":40,"column":18},"end":{"line":41,"column":51}},"117":{"start":{"line":43,"column":23},"end":{"line":47,"column":17}},"118":{"start":{"line":44,"column":18},"end":{"line":45,"column":52}},"119":{"start":{"line":48,"column":25},"end":{"line":48,"column":44}},"120":{"start":{"line":48,"column":44},"end":{"line":48,"column":50}},"121":{"start":{"line":50,"column":14},"end":{"line":51,"column":43}},"122":{"start":{"line":51,"column":61},"end":{"line":51,"column":85}},"123":{"start":{"line":51,"column":119},"end":{"line":51,"column":219}},"124":{"start":{"line":51,"column":219},"end":{"line":51,"column":232}},"125":{"start":{"line":51,"column":233},"end":{"line":95,"column":10}},"126":{"start":{"line":58,"column":6},"end":{"line":88,"column":116}},"127":{"start":{"line":95,"column":10},"end":{"line":95,"column":38}},"128":{"start":{"line":95,"column":58},"end":{"line":95,"column":97}}},"fnMap":{"0":{"name":"_interopRequireDefault","decl":{"start":{"line":4,"column":197},"end":{"line":4,"column":219}},"loc":{"start":{"line":4,"column":225},"end":{"line":4,"column":281}},"line":4},"1":{"name":"_getRequireWildcardCache","decl":{"start":{"line":4,"column":290},"end":{"line":4,"column":314}},"loc":{"start":{"line":4,"column":317},"end":{"line":4,"column":484}},"line":4},"2":{"name":"_getRequireWildcardCache","decl":{"start":{"line":4,"column":427},"end":{"line":4,"column":451}},"loc":{"start":{"line":4,"column":454},"end":{"line":4,"column":469}},"line":4},"3":{"name":"_interopRequireWildcard","decl":{"start":{"line":4,"column":493},"end":{"line":4,"column":516}},"loc":{"start":{"line":4,"column":522},"end":{"line":4,"column":1199}},"line":4},"4":{"name":"_classCallCheck","decl":{"start":{"line":4,"column":1208},"end":{"line":4,"column":1223}},"loc":{"start":{"line":4,"column":1247},"end":{"line":4,"column":1348}},"line":4},"5":{"name":"_defineProperties","decl":{"start":{"line":4,"column":1357},"end":{"line":4,"column":1374}},"loc":{"start":{"line":4,"column":1390},"end":{"line":4,"column":1657}},"line":4},"6":{"name":"_createClass","decl":{"start":{"line":4,"column":1666},"end":{"line":4,"column":1678}},"loc":{"start":{"line":4,"column":1717},"end":{"line":4,"column":1868}},"line":4},"7":{"name":"_inherits","decl":{"start":{"line":4,"column":1877},"end":{"line":4,"column":1886}},"loc":{"start":{"line":4,"column":1909},"end":{"line":4,"column":2247}},"line":4},"8":{"name":"_setPrototypeOf","decl":{"start":{"line":4,"column":2256},"end":{"line":4,"column":2271}},"loc":{"start":{"line":4,"column":2278},"end":{"line":4,"column":2411}},"line":4},"9":{"name":"_setPrototypeOf","decl":{"start":{"line":4,"column":2331},"end":{"line":4,"column":2346}},"loc":{"start":{"line":4,"column":2353},"end":{"line":4,"column":2380}},"line":4},"10":{"name":"_createSuper","decl":{"start":{"line":4,"column":2420},"end":{"line":4,"column":2432}},"loc":{"start":{"line":4,"column":2442},"end":{"line":4,"column":2823}},"line":4},"11":{"name":"_createSuperInternal","decl":{"start":{"line":4,"column":2519},"end":{"line":4,"column":2539}},"loc":{"start":{"line":4,"column":2542},"end":{"line":4,"column":2821}},"line":4},"12":{"name":"_possibleConstructorReturn","decl":{"start":{"line":4,"column":2832},"end":{"line":4,"column":2858}},"loc":{"start":{"line":4,"column":2871},"end":{"line":4,"column":2993}},"line":4},"13":{"name":"_assertThisInitialized","decl":{"start":{"line":4,"column":3002},"end":{"line":4,"column":3024}},"loc":{"start":{"line":4,"column":3031},"end":{"line":4,"column":3154}},"line":4},"14":{"name":"_isNativeReflectConstruct","decl":{"start":{"line":4,"column":3163},"end":{"line":4,"column":3188}},"loc":{"start":{"line":4,"column":3191},"end":{"line":4,"column":3468}},"line":4},"15":{"name":"(anonymous_15)","decl":{"start":{"line":4,"column":3411},"end":{"line":4,"column":3412}},"loc":{"start":{"line":4,"column":3423},"end":{"line":4,"column":3425}},"line":4},"16":{"name":"_getPrototypeOf","decl":{"start":{"line":4,"column":3477},"end":{"line":4,"column":3492}},"loc":{"start":{"line":4,"column":3496},"end":{"line":4,"column":3668}},"line":4},"17":{"name":"_getPrototypeOf","decl":{"start":{"line":4,"column":3572},"end":{"line":4,"column":3587}},"loc":{"start":{"line":4,"column":3591},"end":{"line":4,"column":3640}},"line":4},"18":{"name":"(anonymous_18)","decl":{"start":{"line":6,"column":23},"end":{"line":6,"column":24}},"loc":{"start":{"line":6,"column":45},"end":{"line":95,"column":39}},"line":6},"19":{"name":"ForgotPasswordScreen","decl":{"start":{"line":7,"column":11},"end":{"line":7,"column":31}},"loc":{"start":{"line":7,"column":39},"end":{"line":51,"column":233}},"line":7},"20":{"name":"_callee","decl":{"start":{"line":17,"column":28},"end":{"line":17,"column":35}},"loc":{"start":{"line":17,"column":50},"end":{"line":22,"column":119}},"line":17},"21":{"name":"_callee$","decl":{"start":{"line":17,"column":92},"end":{"line":17,"column":100}},"loc":{"start":{"line":17,"column":111},"end":{"line":22,"column":89}},"line":17},"22":{"name":"_callee3","decl":{"start":{"line":26,"column":29},"end":{"line":26,"column":37}},"loc":{"start":{"line":26,"column":40},"end":{"line":51,"column":118}},"line":26},"23":{"name":"_callee3$","decl":{"start":{"line":26,"column":94},"end":{"line":26,"column":103}},"loc":{"start":{"line":26,"column":115},"end":{"line":51,"column":88}},"line":26},"24":{"name":"_callee2","decl":{"start":{"line":30,"column":28},"end":{"line":30,"column":36}},"loc":{"start":{"line":30,"column":45},"end":{"line":36,"column":109}},"line":30},"25":{"name":"_callee2$","decl":{"start":{"line":30,"column":87},"end":{"line":30,"column":96}},"loc":{"start":{"line":30,"column":108},"end":{"line":36,"column":79}},"line":30},"26":{"name":"(anonymous_26)","decl":{"start":{"line":34,"column":35},"end":{"line":34,"column":36}},"loc":{"start":{"line":34,"column":47},"end":{"line":36,"column":25}},"line":34},"27":{"name":"(anonymous_27)","decl":{"start":{"line":38,"column":20},"end":{"line":38,"column":21}},"loc":{"start":{"line":38,"column":37},"end":{"line":48,"column":15}},"line":38},"28":{"name":"render","decl":{"start":{"line":51,"column":302},"end":{"line":51,"column":308}},"loc":{"start":{"line":57,"column":4},"end":{"line":95,"column":5}},"line":57}},"branchMap":{"0":{"loc":{"start":{"line":4,"column":233},"end":{"line":4,"column":279}},"type":"cond-expr","locations":[{"start":{"line":4,"column":257},"end":{"line":4,"column":260}},{"start":{"line":4,"column":263},"end":{"line":4,"column":279}}],"line":4},"1":{"loc":{"start":{"line":4,"column":233},"end":{"line":4,"column":254}},"type":"binary-expr","locations":[{"start":{"line":4,"column":233},"end":{"line":4,"column":236}},{"start":{"line":4,"column":240},"end":{"line":4,"column":254}}],"line":4},"2":{"loc":{"start":{"line":4,"column":318},"end":{"line":4,"column":365}},"type":"if","locations":[{"start":{"line":4,"column":318},"end":{"line":4,"column":365}},{"start":{"line":4,"column":318},"end":{"line":4,"column":365}}],"line":4},"3":{"loc":{"start":{"line":4,"column":523},"end":{"line":4,"column":563}},"type":"if","locations":[{"start":{"line":4,"column":523},"end":{"line":4,"column":563}},{"start":{"line":4,"column":523},"end":{"line":4,"column":563}}],"line":4},"4":{"loc":{"start":{"line":4,"column":527},"end":{"line":4,"column":548}},"type":"binary-expr","locations":[{"start":{"line":4,"column":527},"end":{"line":4,"column":530}},{"start":{"line":4,"column":534},"end":{"line":4,"column":548}}],"line":4},"5":{"loc":{"start":{"line":4,"column":563},"end":{"line":4,"column":663}},"type":"if","locations":[{"start":{"line":4,"column":563},"end":{"line":4,"column":663}},{"start":{"line":4,"column":563},"end":{"line":4,"column":663}}],"line":4},"6":{"loc":{"start":{"line":4,"column":567},"end":{"line":4,"column":635}},"type":"binary-expr","locations":[{"start":{"line":4,"column":567},"end":{"line":4,"column":579}},{"start":{"line":4,"column":583},"end":{"line":4,"column":606}},{"start":{"line":4,"column":610},"end":{"line":4,"column":635}}],"line":4},"7":{"loc":{"start":{"line":4,"column":702},"end":{"line":4,"column":755}},"type":"if","locations":[{"start":{"line":4,"column":702},"end":{"line":4,"column":755}},{"start":{"line":4,"column":702},"end":{"line":4,"column":755}}],"line":4},"8":{"loc":{"start":{"line":4,"column":706},"end":{"line":4,"column":729}},"type":"binary-expr","locations":[{"start":{"line":4,"column":706},"end":{"line":4,"column":711}},{"start":{"line":4,"column":715},"end":{"line":4,"column":729}}],"line":4},"9":{"loc":{"start":{"line":4,"column":799},"end":{"line":4,"column":855}},"type":"binary-expr","locations":[{"start":{"line":4,"column":799},"end":{"line":4,"column":820}},{"start":{"line":4,"column":824},"end":{"line":4,"column":855}}],"line":4},"10":{"loc":{"start":{"line":4,"column":878},"end":{"line":4,"column":1126}},"type":"if","locations":[{"start":{"line":4,"column":878},"end":{"line":4,"column":1126}},{"start":{"line":4,"column":878},"end":{"line":4,"column":1126}}],"line":4},"11":{"loc":{"start":{"line":4,"column":942},"end":{"line":4,"column":1014}},"type":"cond-expr","locations":[{"start":{"line":4,"column":966},"end":{"line":4,"column":1007}},{"start":{"line":4,"column":1010},"end":{"line":4,"column":1014}}],"line":4},"12":{"loc":{"start":{"line":4,"column":1015},"end":{"line":4,"column":1125}},"type":"if","locations":[{"start":{"line":4,"column":1015},"end":{"line":4,"column":1125}},{"start":{"line":4,"column":1015},"end":{"line":4,"column":1125}}],"line":4},"13":{"loc":{"start":{"line":4,"column":1019},"end":{"line":4,"column":1049}},"type":"binary-expr","locations":[{"start":{"line":4,"column":1019},"end":{"line":4,"column":1023}},{"start":{"line":4,"column":1028},"end":{"line":4,"column":1036}},{"start":{"line":4,"column":1040},"end":{"line":4,"column":1048}}],"line":4},"14":{"loc":{"start":{"line":4,"column":1148},"end":{"line":4,"column":1184}},"type":"if","locations":[{"start":{"line":4,"column":1148},"end":{"line":4,"column":1184}},{"start":{"line":4,"column":1148},"end":{"line":4,"column":1184}}],"line":4},"15":{"loc":{"start":{"line":4,"column":1248},"end":{"line":4,"column":1347}},"type":"if","locations":[{"start":{"line":4,"column":1248},"end":{"line":4,"column":1347}},{"start":{"line":4,"column":1248},"end":{"line":4,"column":1347}}],"line":4},"16":{"loc":{"start":{"line":4,"column":1481},"end":{"line":4,"column":1511}},"type":"binary-expr","locations":[{"start":{"line":4,"column":1481},"end":{"line":4,"column":1502}},{"start":{"line":4,"column":1506},"end":{"line":4,"column":1511}}],"line":4},"17":{"loc":{"start":{"line":4,"column":1543},"end":{"line":4,"column":1597}},"type":"if","locations":[{"start":{"line":4,"column":1543},"end":{"line":4,"column":1597}},{"start":{"line":4,"column":1543},"end":{"line":4,"column":1597}}],"line":4},"18":{"loc":{"start":{"line":4,"column":1718},"end":{"line":4,"column":1787}},"type":"if","locations":[{"start":{"line":4,"column":1718},"end":{"line":4,"column":1787}},{"start":{"line":4,"column":1718},"end":{"line":4,"column":1787}}],"line":4},"19":{"loc":{"start":{"line":4,"column":1787},"end":{"line":4,"column":1848}},"type":"if","locations":[{"start":{"line":4,"column":1787},"end":{"line":4,"column":1848}},{"start":{"line":4,"column":1787},"end":{"line":4,"column":1848}}],"line":4},"20":{"loc":{"start":{"line":4,"column":1910},"end":{"line":4,"column":2047}},"type":"if","locations":[{"start":{"line":4,"column":1910},"end":{"line":4,"column":2047}},{"start":{"line":4,"column":1910},"end":{"line":4,"column":2047}}],"line":4},"21":{"loc":{"start":{"line":4,"column":1914},"end":{"line":4,"column":1969}},"type":"binary-expr","locations":[{"start":{"line":4,"column":1914},"end":{"line":4,"column":1946}},{"start":{"line":4,"column":1950},"end":{"line":4,"column":1969}}],"line":4},"22":{"loc":{"start":{"line":4,"column":2082},"end":{"line":4,"column":2116}},"type":"binary-expr","locations":[{"start":{"line":4,"column":2082},"end":{"line":4,"column":2092}},{"start":{"line":4,"column":2096},"end":{"line":4,"column":2116}}],"line":4},"23":{"loc":{"start":{"line":4,"column":2192},"end":{"line":4,"column":2246}},"type":"if","locations":[{"start":{"line":4,"column":2192},"end":{"line":4,"column":2246}},{"start":{"line":4,"column":2192},"end":{"line":4,"column":2246}}],"line":4},"24":{"loc":{"start":{"line":4,"column":2297},"end":{"line":4,"column":2380}},"type":"binary-expr","locations":[{"start":{"line":4,"column":2297},"end":{"line":4,"column":2318}},{"start":{"line":4,"column":2322},"end":{"line":4,"column":2380}}],"line":4},"25":{"loc":{"start":{"line":4,"column":2587},"end":{"line":4,"column":2772}},"type":"if","locations":[{"start":{"line":4,"column":2587},"end":{"line":4,"column":2772}},{"start":{"line":4,"column":2587},"end":{"line":4,"column":2772}}],"line":4},"26":{"loc":{"start":{"line":4,"column":2872},"end":{"line":4,"column":2956}},"type":"if","locations":[{"start":{"line":4,"column":2872},"end":{"line":4,"column":2956}},{"start":{"line":4,"column":2872},"end":{"line":4,"column":2956}}],"line":4},"27":{"loc":{"start":{"line":4,"column":2876},"end":{"line":4,"column":2940}},"type":"binary-expr","locations":[{"start":{"line":4,"column":2876},"end":{"line":4,"column":2880}},{"start":{"line":4,"column":2885},"end":{"line":4,"column":2909}},{"start":{"line":4,"column":2913},"end":{"line":4,"column":2939}}],"line":4},"28":{"loc":{"start":{"line":4,"column":3032},"end":{"line":4,"column":3141}},"type":"if","locations":[{"start":{"line":4,"column":3032},"end":{"line":4,"column":3141}},{"start":{"line":4,"column":3032},"end":{"line":4,"column":3141}}],"line":4},"29":{"loc":{"start":{"line":4,"column":3192},"end":{"line":4,"column":3263}},"type":"if","locations":[{"start":{"line":4,"column":3192},"end":{"line":4,"column":3263}},{"start":{"line":4,"column":3192},"end":{"line":4,"column":3263}}],"line":4},"30":{"loc":{"start":{"line":4,"column":3196},"end":{"line":4,"column":3248}},"type":"binary-expr","locations":[{"start":{"line":4,"column":3196},"end":{"line":4,"column":3226}},{"start":{"line":4,"column":3230},"end":{"line":4,"column":3248}}],"line":4},"31":{"loc":{"start":{"line":4,"column":3263},"end":{"line":4,"column":3304}},"type":"if","locations":[{"start":{"line":4,"column":3263},"end":{"line":4,"column":3304}},{"start":{"line":4,"column":3263},"end":{"line":4,"column":3304}}],"line":4},"32":{"loc":{"start":{"line":4,"column":3304},"end":{"line":4,"column":3349}},"type":"if","locations":[{"start":{"line":4,"column":3304},"end":{"line":4,"column":3349}},{"start":{"line":4,"column":3304},"end":{"line":4,"column":3349}}],"line":4},"33":{"loc":{"start":{"line":4,"column":3515},"end":{"line":4,"column":3640}},"type":"cond-expr","locations":[{"start":{"line":4,"column":3539},"end":{"line":4,"column":3560}},{"start":{"line":4,"column":3563},"end":{"line":4,"column":3640}}],"line":4},"34":{"loc":{"start":{"line":4,"column":3599},"end":{"line":4,"column":3638}},"type":"binary-expr","locations":[{"start":{"line":4,"column":3599},"end":{"line":4,"column":3610}},{"start":{"line":4,"column":3614},"end":{"line":4,"column":3638}}],"line":4},"35":{"loc":{"start":{"line":17,"column":123},"end":{"line":22,"column":87}},"type":"switch","locations":[{"start":{"line":17,"column":163},"end":{"line":22,"column":45}},{"start":{"line":22,"column":45},"end":{"line":22,"column":52}},{"start":{"line":22,"column":52},"end":{"line":22,"column":86}}],"line":17},"36":{"loc":{"start":{"line":26,"column":127},"end":{"line":51,"column":86}},"type":"switch","locations":[{"start":{"line":26,"column":169},"end":{"line":48,"column":18}},{"start":{"line":48,"column":18},"end":{"line":48,"column":50}},{"start":{"line":48,"column":50},"end":{"line":51,"column":43}},{"start":{"line":51,"column":43},"end":{"line":51,"column":50}},{"start":{"line":51,"column":50},"end":{"line":51,"column":85}}],"line":26},"37":{"loc":{"start":{"line":27,"column":44},"end":{"line":28,"column":101}},"type":"if","locations":[{"start":{"line":27,"column":44},"end":{"line":28,"column":101}},{"start":{"line":27,"column":44},"end":{"line":28,"column":101}}],"line":27},"38":{"loc":{"start":{"line":28,"column":14},"end":{"line":28,"column":71}},"type":"binary-expr","locations":[{"start":{"line":28,"column":14},"end":{"line":28,"column":44}},{"start":{"line":28,"column":48},"end":{"line":28,"column":71}}],"line":28},"39":{"loc":{"start":{"line":30,"column":120},"end":{"line":36,"column":77}},"type":"switch","locations":[{"start":{"line":30,"column":162},"end":{"line":32,"column":58}},{"start":{"line":32,"column":58},"end":{"line":36,"column":34}},{"start":{"line":36,"column":34},"end":{"line":36,"column":41}},{"start":{"line":36,"column":41},"end":{"line":36,"column":76}}],"line":30},"40":{"loc":{"start":{"line":39,"column":16},"end":{"line":47,"column":17}},"type":"if","locations":[{"start":{"line":39,"column":16},"end":{"line":47,"column":17}},{"start":{"line":39,"column":16},"end":{"line":47,"column":17}}],"line":39},"41":{"loc":{"start":{"line":43,"column":23},"end":{"line":47,"column":17}},"type":"if","locations":[{"start":{"line":43,"column":23},"end":{"line":47,"column":17}},{"start":{"line":43,"column":23},"end":{"line":47,"column":17}}],"line":43},"42":{"loc":{"start":{"line":76,"column":8},"end":{"line":76,"column":62}},"type":"cond-expr","locations":[{"start":{"line":76,"column":39},"end":{"line":76,"column":55}},{"start":{"line":76,"column":58},"end":{"line":76,"column":62}}],"line":76},"43":{"loc":{"start":{"line":79,"column":8},"end":{"line":79,"column":66}},"type":"cond-expr","locations":[{"start":{"line":79,"column":38},"end":{"line":79,"column":59}},{"start":{"line":79,"column":62},"end":{"line":79,"column":66}}],"line":79},"44":{"loc":{"start":{"line":84,"column":8},"end":{"line":84,"column":109}},"type":"cond-expr","locations":[{"start":{"line":84,"column":43},"end":{"line":84,"column":102}},{"start":{"line":84,"column":105},"end":{"line":84,"column":109}}],"line":84}},"s":{"0":1,"1":1,"2":1,"3":1,"4":1,"5":1,"6":1,"7":2,"8":1,"9":0,"10":1,"11":1,"12":0,"13":1,"14":1,"15":0,"16":1,"17":0,"18":1,"19":1,"20":0,"21":1,"22":1,"23":1,"24":28,"25":28,"26":28,"27":0,"28":28,"29":1,"30":1,"31":1,"32":1,"33":6,"34":0,"35":1,"36":1,"37":1,"38":1,"39":1,"40":1,"41":1,"42":1,"43":1,"44":1,"45":1,"46":0,"47":1,"48":1,"49":0,"50":1,"51":1,"52":1,"53":1,"54":0,"55":0,"56":1,"57":1,"58":1,"59":6,"60":6,"61":6,"62":6,"63":0,"64":6,"65":6,"66":6,"67":0,"68":0,"69":0,"70":0,"71":1,"72":0,"73":1,"74":0,"75":1,"76":1,"77":0,"78":0,"79":0,"80":0,"81":1,"82":0,"83":1,"84":1,"85":1,"86":1,"87":6,"88":6,"89":6,"90":5,"91":10,"92":10,"93":5,"94":5,"95":5,"96":6,"97":4,"98":7,"99":11,"100":4,"101":4,"102":1,"103":1,"104":3,"105":3,"106":1,"107":3,"108":3,"109":1,"110":1,"111":1,"112":1,"113":0,"114":1,"115":2,"116":1,"117":1,"118":1,"119":3,"120":3,"121":1,"122":4,"123":6,"124":6,"125":1,"126":15,"127":1,"128":1},"f":{"0":2,"1":1,"2":0,"3":1,"4":6,"5":1,"6":1,"7":1,"8":1,"9":0,"10":1,"11":6,"12":6,"13":0,"14":1,"15":0,"16":1,"17":0,"18":1,"19":6,"20":5,"21":10,"22":4,"23":7,"24":1,"25":3,"26":0,"27":2,"28":15},"b":{"0":[2,0],"1":[2,2],"2":[0,1],"3":[0,1],"4":[1,1],"5":[0,1],"6":[1,1,0],"7":[0,1],"8":[1,1],"9":[1,1],"10":[28,0],"11":[28,0],"12":[0,28],"13":[28,28,28],"14":[1,0],"15":[0,6],"16":[1,1],"17":[1,0],"18":[1,0],"19":[0,1],"20":[0,1],"21":[1,0],"22":[1,1],"23":[1,0],"24":[1,0],"25":[6,0],"26":[6,0],"27":[6,6,0],"28":[0,0],"29":[0,1],"30":[1,1],"31":[0,1],"32":[1,0],"33":[1,0],"34":[0,0],"35":[5,5,5],"36":[4,3,1,4,4],"37":[1,3],"38":[4,4],"39":[1,1,1,1],"40":[1,1],"41":[1,0],"42":[1,14],"43":[2,13],"44":[1,14]},"inputSourceMap":null,"_coverageSchema":"1a1c01bbd47fc00a2c39e90264f33305004495a9","hash":"a0f7f1114cdaee87fed2c9ea82f6717036d8a587"}
,"C:\\Users\\Admin\\javaScript\\FundooNotes\\src\\components\\LogInScreen.js": {"path":"C:\\Users\\Admin\\javaScript\\FundooNotes\\src\\components\\LogInScreen.js","statementMap":{"0":{"start":{"line":1,"column":13},"end":{"line":1,"column":75}},"1":{"start":{"line":1,"column":75},"end":{"line":1,"column":100}},"2":{"start":{"line":1,"column":113},"end":{"line":1,"column":154}},"3":{"start":{"line":2,"column":19},"end":{"line":2,"column":42}},"4":{"start":{"line":3,"column":23},"end":{"line":3,"column":83}},"5":{"start":{"line":4,"column":20},"end":{"line":4,"column":82}},"6":{"start":{"line":5,"column":24},"end":{"line":5,"column":53}},"7":{"start":{"line":6,"column":16},"end":{"line":6,"column":72}},"8":{"start":{"line":7,"column":24},"end":{"line":7,"column":53}},"9":{"start":{"line":7,"column":73},"end":{"line":7,"column":149}},"10":{"start":{"line":7,"column":188},"end":{"line":7,"column":242}},"11":{"start":{"line":7,"column":280},"end":{"line":7,"column":327}},"12":{"start":{"line":7,"column":315},"end":{"line":7,"column":327}},"13":{"start":{"line":7,"column":339},"end":{"line":7,"column":352}},"14":{"start":{"line":7,"column":353},"end":{"line":7,"column":432}},"15":{"start":{"line":7,"column":417},"end":{"line":7,"column":430}},"16":{"start":{"line":7,"column":432},"end":{"line":7,"column":445}},"17":{"start":{"line":7,"column":485},"end":{"line":7,"column":525}},"18":{"start":{"line":7,"column":513},"end":{"line":7,"column":524}},"19":{"start":{"line":7,"column":525},"end":{"line":7,"column":625}},"20":{"start":{"line":7,"column":600},"end":{"line":7,"column":624}},"21":{"start":{"line":7,"column":637},"end":{"line":7,"column":663}},"22":{"start":{"line":7,"column":664},"end":{"line":7,"column":717}},"23":{"start":{"line":7,"column":694},"end":{"line":7,"column":716}},"24":{"start":{"line":7,"column":730},"end":{"line":7,"column":732}},"25":{"start":{"line":7,"column":761},"end":{"line":7,"column":817}},"26":{"start":{"line":7,"column":818},"end":{"line":7,"column":1089}},"27":{"start":{"line":7,"column":840},"end":{"line":7,"column":1088}},"28":{"start":{"line":7,"column":904},"end":{"line":7,"column":976}},"29":{"start":{"line":7,"column":977},"end":{"line":7,"column":1087}},"30":{"start":{"line":7,"column":1014},"end":{"line":7,"column":1055}},"31":{"start":{"line":7,"column":1063},"end":{"line":7,"column":1086}},"32":{"start":{"line":7,"column":1089},"end":{"line":7,"column":1110}},"33":{"start":{"line":7,"column":1110},"end":{"line":7,"column":1146}},"34":{"start":{"line":7,"column":1122},"end":{"line":7,"column":1145}},"35":{"start":{"line":7,"column":1146},"end":{"line":7,"column":1160}},"36":{"start":{"line":7,"column":1210},"end":{"line":7,"column":1309}},"37":{"start":{"line":7,"column":1251},"end":{"line":7,"column":1308}},"38":{"start":{"line":7,"column":1353},"end":{"line":7,"column":1618}},"39":{"start":{"line":7,"column":1366},"end":{"line":7,"column":1367}},"40":{"start":{"line":7,"column":1410},"end":{"line":7,"column":1418}},"41":{"start":{"line":7,"column":1419},"end":{"line":7,"column":1474}},"42":{"start":{"line":7,"column":1474},"end":{"line":7,"column":1505}},"43":{"start":{"line":7,"column":1505},"end":{"line":7,"column":1559}},"44":{"start":{"line":7,"column":1532},"end":{"line":7,"column":1559}},"45":{"start":{"line":7,"column":1559},"end":{"line":7,"column":1617}},"46":{"start":{"line":7,"column":1680},"end":{"line":7,"column":1749}},"47":{"start":{"line":7,"column":1696},"end":{"line":7,"column":1749}},"48":{"start":{"line":7,"column":1749},"end":{"line":7,"column":1810}},"49":{"start":{"line":7,"column":1766},"end":{"line":7,"column":1810}},"50":{"start":{"line":7,"column":1810},"end":{"line":7,"column":1829}},"51":{"start":{"line":7,"column":1872},"end":{"line":7,"column":2009}},"52":{"start":{"line":7,"column":1934},"end":{"line":7,"column":2008}},"53":{"start":{"line":7,"column":2009},"end":{"line":7,"column":2154}},"54":{"start":{"line":7,"column":2154},"end":{"line":7,"column":2208}},"55":{"start":{"line":7,"column":2170},"end":{"line":7,"column":2208}},"56":{"start":{"line":7,"column":2241},"end":{"line":7,"column":2343}},"57":{"start":{"line":7,"column":2316},"end":{"line":7,"column":2332}},"58":{"start":{"line":7,"column":2332},"end":{"line":7,"column":2341}},"59":{"start":{"line":7,"column":2343},"end":{"line":7,"column":2372}},"60":{"start":{"line":7,"column":2437},"end":{"line":7,"column":2464}},"61":{"start":{"line":7,"column":2465},"end":{"line":7,"column":2784}},"62":{"start":{"line":7,"column":2517},"end":{"line":7,"column":2541}},"63":{"start":{"line":7,"column":2549},"end":{"line":7,"column":2734}},"64":{"start":{"line":7,"column":2597},"end":{"line":7,"column":2630}},"65":{"start":{"line":7,"column":2631},"end":{"line":7,"column":2687}},"66":{"start":{"line":7,"column":2695},"end":{"line":7,"column":2733}},"67":{"start":{"line":7,"column":2734},"end":{"line":7,"column":2782}},"68":{"start":{"line":7,"column":2834},"end":{"line":7,"column":2918}},"69":{"start":{"line":7,"column":2905},"end":{"line":7,"column":2917}},"70":{"start":{"line":7,"column":2918},"end":{"line":7,"column":2954}},"71":{"start":{"line":7,"column":2994},"end":{"line":7,"column":3103}},"72":{"start":{"line":7,"column":3016},"end":{"line":7,"column":3102}},"73":{"start":{"line":7,"column":3103},"end":{"line":7,"column":3115}},"74":{"start":{"line":7,"column":3154},"end":{"line":7,"column":3225}},"75":{"start":{"line":7,"column":3212},"end":{"line":7,"column":3225}},"76":{"start":{"line":7,"column":3225},"end":{"line":7,"column":3266}},"77":{"start":{"line":7,"column":3253},"end":{"line":7,"column":3266}},"78":{"start":{"line":7,"column":3266},"end":{"line":7,"column":3311}},"79":{"start":{"line":7,"column":3299},"end":{"line":7,"column":3311}},"80":{"start":{"line":7,"column":3311},"end":{"line":7,"column":3429}},"81":{"start":{"line":7,"column":3316},"end":{"line":7,"column":3390}},"82":{"start":{"line":7,"column":3390},"end":{"line":7,"column":3402}},"83":{"start":{"line":7,"column":3415},"end":{"line":7,"column":3428}},"84":{"start":{"line":7,"column":3459},"end":{"line":7,"column":3603}},"85":{"start":{"line":7,"column":3554},"end":{"line":7,"column":3601}},"86":{"start":{"line":7,"column":3603},"end":{"line":7,"column":3629}},"87":{"start":{"line":9,"column":14},"end":{"line":257,"column":48}},"88":{"start":{"line":9,"column":37},"end":{"line":9,"column":72}},"89":{"start":{"line":9,"column":85},"end":{"line":9,"column":110}},"90":{"start":{"line":10,"column":41},"end":{"line":10,"column":76}},"91":{"start":{"line":11,"column":4},"end":{"line":11,"column":37}},"92":{"start":{"line":11,"column":37},"end":{"line":45,"column":110}},"93":{"start":{"line":41,"column":51},"end":{"line":45,"column":108}},"94":{"start":{"line":41,"column":112},"end":{"line":45,"column":78}},"95":{"start":{"line":41,"column":123},"end":{"line":45,"column":77}},"96":{"start":{"line":41,"column":170},"end":{"line":41,"column":188}},"97":{"start":{"line":41,"column":188},"end":{"line":45,"column":35}},"98":{"start":{"line":45,"column":53},"end":{"line":45,"column":76}},"99":{"start":{"line":45,"column":110},"end":{"line":53,"column":114}},"100":{"start":{"line":49,"column":58},"end":{"line":53,"column":112}},"101":{"start":{"line":49,"column":121},"end":{"line":53,"column":82}},"102":{"start":{"line":49,"column":132},"end":{"line":53,"column":81}},"103":{"start":{"line":49,"column":181},"end":{"line":49,"column":200}},"104":{"start":{"line":49,"column":200},"end":{"line":53,"column":38}},"105":{"start":{"line":53,"column":56},"end":{"line":53,"column":80}},"106":{"start":{"line":53,"column":114},"end":{"line":70,"column":134}},"107":{"start":{"line":57,"column":81},"end":{"line":70,"column":132}},"108":{"start":{"line":57,"column":144},"end":{"line":70,"column":102}},"109":{"start":{"line":57,"column":155},"end":{"line":70,"column":101}},"110":{"start":{"line":58,"column":14},"end":{"line":58,"column":44}},"111":{"start":{"line":59,"column":14},"end":{"line":59,"column":62}},"112":{"start":{"line":60,"column":14},"end":{"line":69,"column":15}},"113":{"start":{"line":61,"column":16},"end":{"line":62,"column":45}},"114":{"start":{"line":66,"column":16},"end":{"line":67,"column":44}},"115":{"start":{"line":70,"column":14},"end":{"line":70,"column":58}},"116":{"start":{"line":70,"column":76},"end":{"line":70,"column":100}},"117":{"start":{"line":70,"column":134},"end":{"line":104,"column":91}},"118":{"start":{"line":73,"column":57},"end":{"line":104,"column":89}},"119":{"start":{"line":73,"column":120},"end":{"line":104,"column":59}},"120":{"start":{"line":73,"column":131},"end":{"line":104,"column":58}},"121":{"start":{"line":74,"column":14},"end":{"line":74,"column":44}},"122":{"start":{"line":74,"column":44},"end":{"line":75,"column":97}},"123":{"start":{"line":75,"column":71},"end":{"line":75,"column":90}},"124":{"start":{"line":75,"column":90},"end":{"line":75,"column":96}},"125":{"start":{"line":75,"column":97},"end":{"line":75,"column":116}},"126":{"start":{"line":75,"column":116},"end":{"line":93,"column":18}},"127":{"start":{"line":77,"column":36},"end":{"line":77,"column":88}},"128":{"start":{"line":79,"column":16},"end":{"line":92,"column":17}},"129":{"start":{"line":80,"column":18},"end":{"line":81,"column":52}},"130":{"start":{"line":83,"column":23},"end":{"line":92,"column":17}},"131":{"start":{"line":84,"column":18},"end":{"line":85,"column":51}},"132":{"start":{"line":88,"column":16},"end":{"line":92,"column":17}},"133":{"start":{"line":89,"column":18},"end":{"line":90,"column":57}},"134":{"start":{"line":93,"column":25},"end":{"line":93,"column":44}},"135":{"start":{"line":93,"column":44},"end":{"line":93,"column":50}},"136":{"start":{"line":95,"column":14},"end":{"line":99,"column":15}},"137":{"start":{"line":96,"column":16},"end":{"line":97,"column":38}},"138":{"start":{"line":100,"column":14},"end":{"line":104,"column":15}},"139":{"start":{"line":101,"column":16},"end":{"line":102,"column":41}},"140":{"start":{"line":104,"column":33},"end":{"line":104,"column":57}},"141":{"start":{"line":104,"column":91},"end":{"line":113,"column":6}},"142":{"start":{"line":110,"column":16},"end":{"line":110,"column":35}},"143":{"start":{"line":111,"column":6},"end":{"line":111,"column":48}},"144":{"start":{"line":113,"column":6},"end":{"line":119,"column":6}},"145":{"start":{"line":116,"column":16},"end":{"line":116,"column":35}},"146":{"start":{"line":117,"column":6},"end":{"line":117,"column":56}},"147":{"start":{"line":119,"column":6},"end":{"line":138,"column":133}},"148":{"start":{"line":121,"column":82},"end":{"line":138,"column":131}},"149":{"start":{"line":121,"column":145},"end":{"line":138,"column":96}},"150":{"start":{"line":121,"column":156},"end":{"line":138,"column":95}},"151":{"start":{"line":121,"column":205},"end":{"line":121,"column":224}},"152":{"start":{"line":121,"column":224},"end":{"line":121,"column":243}},"153":{"start":{"line":121,"column":243},"end":{"line":124,"column":96}},"154":{"start":{"line":124,"column":103},"end":{"line":124,"column":127}},"155":{"start":{"line":124,"column":127},"end":{"line":125,"column":61}},"156":{"start":{"line":125,"column":35},"end":{"line":125,"column":54}},"157":{"start":{"line":125,"column":54},"end":{"line":125,"column":60}},"158":{"start":{"line":125,"column":61},"end":{"line":126,"column":52}},"159":{"start":{"line":126,"column":59},"end":{"line":126,"column":78}},"160":{"start":{"line":126,"column":78},"end":{"line":129,"column":69}},"161":{"start":{"line":129,"column":76},"end":{"line":129,"column":98}},"162":{"start":{"line":129,"column":98},"end":{"line":130,"column":48}},"163":{"start":{"line":130,"column":21},"end":{"line":130,"column":41}},"164":{"start":{"line":130,"column":41},"end":{"line":130,"column":47}},"165":{"start":{"line":130,"column":48},"end":{"line":131,"column":63}},"166":{"start":{"line":131,"column":71},"end":{"line":131,"column":91}},"167":{"start":{"line":131,"column":91},"end":{"line":134,"column":83}},"168":{"start":{"line":134,"column":91},"end":{"line":134,"column":127}},"169":{"start":{"line":134,"column":127},"end":{"line":136,"column":81}},"170":{"start":{"line":136,"column":89},"end":{"line":136,"column":109}},"171":{"start":{"line":136,"column":109},"end":{"line":136,"column":146}},"172":{"start":{"line":138,"column":14},"end":{"line":138,"column":51}},"173":{"start":{"line":138,"column":70},"end":{"line":138,"column":94}},"174":{"start":{"line":138,"column":133},"end":{"line":138,"column":326}},"175":{"start":{"line":138,"column":326},"end":{"line":138,"column":339}},"176":{"start":{"line":138,"column":340},"end":{"line":257,"column":10}},"177":{"start":{"line":143,"column":6},"end":{"line":217,"column":116}},"178":{"start":{"line":257,"column":10},"end":{"line":257,"column":29}},"179":{"start":{"line":257,"column":49},"end":{"line":257,"column":79}}},"fnMap":{"0":{"name":"_interopRequireDefault","decl":{"start":{"line":7,"column":159},"end":{"line":7,"column":181}},"loc":{"start":{"line":7,"column":187},"end":{"line":7,"column":243}},"line":7},"1":{"name":"_getRequireWildcardCache","decl":{"start":{"line":7,"column":252},"end":{"line":7,"column":276}},"loc":{"start":{"line":7,"column":279},"end":{"line":7,"column":446}},"line":7},"2":{"name":"_getRequireWildcardCache","decl":{"start":{"line":7,"column":389},"end":{"line":7,"column":413}},"loc":{"start":{"line":7,"column":416},"end":{"line":7,"column":431}},"line":7},"3":{"name":"_interopRequireWildcard","decl":{"start":{"line":7,"column":455},"end":{"line":7,"column":478}},"loc":{"start":{"line":7,"column":484},"end":{"line":7,"column":1161}},"line":7},"4":{"name":"_classCallCheck","decl":{"start":{"line":7,"column":1170},"end":{"line":7,"column":1185}},"loc":{"start":{"line":7,"column":1209},"end":{"line":7,"column":1310}},"line":7},"5":{"name":"_defineProperties","decl":{"start":{"line":7,"column":1319},"end":{"line":7,"column":1336}},"loc":{"start":{"line":7,"column":1352},"end":{"line":7,"column":1619}},"line":7},"6":{"name":"_createClass","decl":{"start":{"line":7,"column":1628},"end":{"line":7,"column":1640}},"loc":{"start":{"line":7,"column":1679},"end":{"line":7,"column":1830}},"line":7},"7":{"name":"_inherits","decl":{"start":{"line":7,"column":1839},"end":{"line":7,"column":1848}},"loc":{"start":{"line":7,"column":1871},"end":{"line":7,"column":2209}},"line":7},"8":{"name":"_setPrototypeOf","decl":{"start":{"line":7,"column":2218},"end":{"line":7,"column":2233}},"loc":{"start":{"line":7,"column":2240},"end":{"line":7,"column":2373}},"line":7},"9":{"name":"_setPrototypeOf","decl":{"start":{"line":7,"column":2293},"end":{"line":7,"column":2308}},"loc":{"start":{"line":7,"column":2315},"end":{"line":7,"column":2342}},"line":7},"10":{"name":"_createSuper","decl":{"start":{"line":7,"column":2382},"end":{"line":7,"column":2394}},"loc":{"start":{"line":7,"column":2404},"end":{"line":7,"column":2785}},"line":7},"11":{"name":"_createSuperInternal","decl":{"start":{"line":7,"column":2481},"end":{"line":7,"column":2501}},"loc":{"start":{"line":7,"column":2504},"end":{"line":7,"column":2783}},"line":7},"12":{"name":"_possibleConstructorReturn","decl":{"start":{"line":7,"column":2794},"end":{"line":7,"column":2820}},"loc":{"start":{"line":7,"column":2833},"end":{"line":7,"column":2955}},"line":7},"13":{"name":"_assertThisInitialized","decl":{"start":{"line":7,"column":2964},"end":{"line":7,"column":2986}},"loc":{"start":{"line":7,"column":2993},"end":{"line":7,"column":3116}},"line":7},"14":{"name":"_isNativeReflectConstruct","decl":{"start":{"line":7,"column":3125},"end":{"line":7,"column":3150}},"loc":{"start":{"line":7,"column":3153},"end":{"line":7,"column":3430}},"line":7},"15":{"name":"(anonymous_15)","decl":{"start":{"line":7,"column":3373},"end":{"line":7,"column":3374}},"loc":{"start":{"line":7,"column":3385},"end":{"line":7,"column":3387}},"line":7},"16":{"name":"_getPrototypeOf","decl":{"start":{"line":7,"column":3439},"end":{"line":7,"column":3454}},"loc":{"start":{"line":7,"column":3458},"end":{"line":7,"column":3630}},"line":7},"17":{"name":"_getPrototypeOf","decl":{"start":{"line":7,"column":3534},"end":{"line":7,"column":3549}},"loc":{"start":{"line":7,"column":3553},"end":{"line":7,"column":3602}},"line":7},"18":{"name":"(anonymous_18)","decl":{"start":{"line":9,"column":14},"end":{"line":9,"column":15}},"loc":{"start":{"line":9,"column":36},"end":{"line":257,"column":30}},"line":9},"19":{"name":"LogInScreen","decl":{"start":{"line":10,"column":11},"end":{"line":10,"column":22}},"loc":{"start":{"line":10,"column":30},"end":{"line":138,"column":340}},"line":10},"20":{"name":"_callee","decl":{"start":{"line":41,"column":28},"end":{"line":41,"column":35}},"loc":{"start":{"line":41,"column":50},"end":{"line":45,"column":109}},"line":41},"21":{"name":"_callee$","decl":{"start":{"line":41,"column":92},"end":{"line":41,"column":100}},"loc":{"start":{"line":41,"column":111},"end":{"line":45,"column":79}},"line":41},"22":{"name":"_callee2","decl":{"start":{"line":49,"column":31},"end":{"line":49,"column":39}},"loc":{"start":{"line":49,"column":57},"end":{"line":53,"column":113}},"line":49},"23":{"name":"_callee2$","decl":{"start":{"line":49,"column":99},"end":{"line":49,"column":108}},"loc":{"start":{"line":49,"column":120},"end":{"line":53,"column":83}},"line":49},"24":{"name":"_callee3","decl":{"start":{"line":57,"column":39},"end":{"line":57,"column":47}},"loc":{"start":{"line":57,"column":50},"end":{"line":70,"column":133}},"line":57},"25":{"name":"_callee3$","decl":{"start":{"line":57,"column":122},"end":{"line":57,"column":131}},"loc":{"start":{"line":57,"column":143},"end":{"line":70,"column":103}},"line":57},"26":{"name":"_callee4","decl":{"start":{"line":73,"column":33},"end":{"line":73,"column":41}},"loc":{"start":{"line":73,"column":44},"end":{"line":104,"column":90}},"line":73},"27":{"name":"_callee4$","decl":{"start":{"line":73,"column":98},"end":{"line":73,"column":107}},"loc":{"start":{"line":73,"column":119},"end":{"line":104,"column":60}},"line":73},"28":{"name":"(anonymous_28)","decl":{"start":{"line":77,"column":19},"end":{"line":77,"column":20}},"loc":{"start":{"line":77,"column":35},"end":{"line":77,"column":89}},"line":77},"29":{"name":"(anonymous_29)","decl":{"start":{"line":78,"column":20},"end":{"line":78,"column":21}},"loc":{"start":{"line":78,"column":37},"end":{"line":93,"column":15}},"line":78},"30":{"name":"(anonymous_30)","decl":{"start":{"line":109,"column":29},"end":{"line":109,"column":30}},"loc":{"start":{"line":109,"column":41},"end":{"line":113,"column":5}},"line":109},"31":{"name":"(anonymous_31)","decl":{"start":{"line":115,"column":37},"end":{"line":115,"column":38}},"loc":{"start":{"line":115,"column":49},"end":{"line":119,"column":5}},"line":115},"32":{"name":"_callee5","decl":{"start":{"line":121,"column":33},"end":{"line":121,"column":41}},"loc":{"start":{"line":121,"column":44},"end":{"line":138,"column":132}},"line":121},"33":{"name":"_callee5$","decl":{"start":{"line":121,"column":123},"end":{"line":121,"column":132}},"loc":{"start":{"line":121,"column":144},"end":{"line":138,"column":97}},"line":121},"34":{"name":"render","decl":{"start":{"line":138,"column":400},"end":{"line":138,"column":406}},"loc":{"start":{"line":142,"column":4},"end":{"line":257,"column":5}},"line":142}},"branchMap":{"0":{"loc":{"start":{"line":7,"column":195},"end":{"line":7,"column":241}},"type":"cond-expr","locations":[{"start":{"line":7,"column":219},"end":{"line":7,"column":222}},{"start":{"line":7,"column":225},"end":{"line":7,"column":241}}],"line":7},"1":{"loc":{"start":{"line":7,"column":195},"end":{"line":7,"column":216}},"type":"binary-expr","locations":[{"start":{"line":7,"column":195},"end":{"line":7,"column":198}},{"start":{"line":7,"column":202},"end":{"line":7,"column":216}}],"line":7},"2":{"loc":{"start":{"line":7,"column":280},"end":{"line":7,"column":327}},"type":"if","locations":[{"start":{"line":7,"column":280},"end":{"line":7,"column":327}},{"start":{"line":7,"column":280},"end":{"line":7,"column":327}}],"line":7},"3":{"loc":{"start":{"line":7,"column":485},"end":{"line":7,"column":525}},"type":"if","locations":[{"start":{"line":7,"column":485},"end":{"line":7,"column":525}},{"start":{"line":7,"column":485},"end":{"line":7,"column":525}}],"line":7},"4":{"loc":{"start":{"line":7,"column":489},"end":{"line":7,"column":510}},"type":"binary-expr","locations":[{"start":{"line":7,"column":489},"end":{"line":7,"column":492}},{"start":{"line":7,"column":496},"end":{"line":7,"column":510}}],"line":7},"5":{"loc":{"start":{"line":7,"column":525},"end":{"line":7,"column":625}},"type":"if","locations":[{"start":{"line":7,"column":525},"end":{"line":7,"column":625}},{"start":{"line":7,"column":525},"end":{"line":7,"column":625}}],"line":7},"6":{"loc":{"start":{"line":7,"column":529},"end":{"line":7,"column":597}},"type":"binary-expr","locations":[{"start":{"line":7,"column":529},"end":{"line":7,"column":541}},{"start":{"line":7,"column":545},"end":{"line":7,"column":568}},{"start":{"line":7,"column":572},"end":{"line":7,"column":597}}],"line":7},"7":{"loc":{"start":{"line":7,"column":664},"end":{"line":7,"column":717}},"type":"if","locations":[{"start":{"line":7,"column":664},"end":{"line":7,"column":717}},{"start":{"line":7,"column":664},"end":{"line":7,"column":717}}],"line":7},"8":{"loc":{"start":{"line":7,"column":668},"end":{"line":7,"column":691}},"type":"binary-expr","locations":[{"start":{"line":7,"column":668},"end":{"line":7,"column":673}},{"start":{"line":7,"column":677},"end":{"line":7,"column":691}}],"line":7},"9":{"loc":{"start":{"line":7,"column":761},"end":{"line":7,"column":817}},"type":"binary-expr","locations":[{"start":{"line":7,"column":761},"end":{"line":7,"column":782}},{"start":{"line":7,"column":786},"end":{"line":7,"column":817}}],"line":7},"10":{"loc":{"start":{"line":7,"column":840},"end":{"line":7,"column":1088}},"type":"if","locations":[{"start":{"line":7,"column":840},"end":{"line":7,"column":1088}},{"start":{"line":7,"column":840},"end":{"line":7,"column":1088}}],"line":7},"11":{"loc":{"start":{"line":7,"column":904},"end":{"line":7,"column":976}},"type":"cond-expr","locations":[{"start":{"line":7,"column":928},"end":{"line":7,"column":969}},{"start":{"line":7,"column":972},"end":{"line":7,"column":976}}],"line":7},"12":{"loc":{"start":{"line":7,"column":977},"end":{"line":7,"column":1087}},"type":"if","locations":[{"start":{"line":7,"column":977},"end":{"line":7,"column":1087}},{"start":{"line":7,"column":977},"end":{"line":7,"column":1087}}],"line":7},"13":{"loc":{"start":{"line":7,"column":981},"end":{"line":7,"column":1011}},"type":"binary-expr","locations":[{"start":{"line":7,"column":981},"end":{"line":7,"column":985}},{"start":{"line":7,"column":990},"end":{"line":7,"column":998}},{"start":{"line":7,"column":1002},"end":{"line":7,"column":1010}}],"line":7},"14":{"loc":{"start":{"line":7,"column":1110},"end":{"line":7,"column":1146}},"type":"if","locations":[{"start":{"line":7,"column":1110},"end":{"line":7,"column":1146}},{"start":{"line":7,"column":1110},"end":{"line":7,"column":1146}}],"line":7},"15":{"loc":{"start":{"line":7,"column":1210},"end":{"line":7,"column":1309}},"type":"if","locations":[{"start":{"line":7,"column":1210},"end":{"line":7,"column":1309}},{"start":{"line":7,"column":1210},"end":{"line":7,"column":1309}}],"line":7},"16":{"loc":{"start":{"line":7,"column":1443},"end":{"line":7,"column":1473}},"type":"binary-expr","locations":[{"start":{"line":7,"column":1443},"end":{"line":7,"column":1464}},{"start":{"line":7,"column":1468},"end":{"line":7,"column":1473}}],"line":7},"17":{"loc":{"start":{"line":7,"column":1505},"end":{"line":7,"column":1559}},"type":"if","locations":[{"start":{"line":7,"column":1505},"end":{"line":7,"column":1559}},{"start":{"line":7,"column":1505},"end":{"line":7,"column":1559}}],"line":7},"18":{"loc":{"start":{"line":7,"column":1680},"end":{"line":7,"column":1749}},"type":"if","locations":[{"start":{"line":7,"column":1680},"end":{"line":7,"column":1749}},{"start":{"line":7,"column":1680},"end":{"line":7,"column":1749}}],"line":7},"19":{"loc":{"start":{"line":7,"column":1749},"end":{"line":7,"column":1810}},"type":"if","locations":[{"start":{"line":7,"column":1749},"end":{"line":7,"column":1810}},{"start":{"line":7,"column":1749},"end":{"line":7,"column":1810}}],"line":7},"20":{"loc":{"start":{"line":7,"column":1872},"end":{"line":7,"column":2009}},"type":"if","locations":[{"start":{"line":7,"column":1872},"end":{"line":7,"column":2009}},{"start":{"line":7,"column":1872},"end":{"line":7,"column":2009}}],"line":7},"21":{"loc":{"start":{"line":7,"column":1876},"end":{"line":7,"column":1931}},"type":"binary-expr","locations":[{"start":{"line":7,"column":1876},"end":{"line":7,"column":1908}},{"start":{"line":7,"column":1912},"end":{"line":7,"column":1931}}],"line":7},"22":{"loc":{"start":{"line":7,"column":2044},"end":{"line":7,"column":2078}},"type":"binary-expr","locations":[{"start":{"line":7,"column":2044},"end":{"line":7,"column":2054}},{"start":{"line":7,"column":2058},"end":{"line":7,"column":2078}}],"line":7},"23":{"loc":{"start":{"line":7,"column":2154},"end":{"line":7,"column":2208}},"type":"if","locations":[{"start":{"line":7,"column":2154},"end":{"line":7,"column":2208}},{"start":{"line":7,"column":2154},"end":{"line":7,"column":2208}}],"line":7},"24":{"loc":{"start":{"line":7,"column":2259},"end":{"line":7,"column":2342}},"type":"binary-expr","locations":[{"start":{"line":7,"column":2259},"end":{"line":7,"column":2280}},{"start":{"line":7,"column":2284},"end":{"line":7,"column":2342}}],"line":7},"25":{"loc":{"start":{"line":7,"column":2549},"end":{"line":7,"column":2734}},"type":"if","locations":[{"start":{"line":7,"column":2549},"end":{"line":7,"column":2734}},{"start":{"line":7,"column":2549},"end":{"line":7,"column":2734}}],"line":7},"26":{"loc":{"start":{"line":7,"column":2834},"end":{"line":7,"column":2918}},"type":"if","locations":[{"start":{"line":7,"column":2834},"end":{"line":7,"column":2918}},{"start":{"line":7,"column":2834},"end":{"line":7,"column":2918}}],"line":7},"27":{"loc":{"start":{"line":7,"column":2838},"end":{"line":7,"column":2902}},"type":"binary-expr","locations":[{"start":{"line":7,"column":2838},"end":{"line":7,"column":2842}},{"start":{"line":7,"column":2847},"end":{"line":7,"column":2871}},{"start":{"line":7,"column":2875},"end":{"line":7,"column":2901}}],"line":7},"28":{"loc":{"start":{"line":7,"column":2994},"end":{"line":7,"column":3103}},"type":"if","locations":[{"start":{"line":7,"column":2994},"end":{"line":7,"column":3103}},{"start":{"line":7,"column":2994},"end":{"line":7,"column":3103}}],"line":7},"29":{"loc":{"start":{"line":7,"column":3154},"end":{"line":7,"column":3225}},"type":"if","locations":[{"start":{"line":7,"column":3154},"end":{"line":7,"column":3225}},{"start":{"line":7,"column":3154},"end":{"line":7,"column":3225}}],"line":7},"30":{"loc":{"start":{"line":7,"column":3158},"end":{"line":7,"column":3210}},"type":"binary-expr","locations":[{"start":{"line":7,"column":3158},"end":{"line":7,"column":3188}},{"start":{"line":7,"column":3192},"end":{"line":7,"column":3210}}],"line":7},"31":{"loc":{"start":{"line":7,"column":3225},"end":{"line":7,"column":3266}},"type":"if","locations":[{"start":{"line":7,"column":3225},"end":{"line":7,"column":3266}},{"start":{"line":7,"column":3225},"end":{"line":7,"column":3266}}],"line":7},"32":{"loc":{"start":{"line":7,"column":3266},"end":{"line":7,"column":3311}},"type":"if","locations":[{"start":{"line":7,"column":3266},"end":{"line":7,"column":3311}},{"start":{"line":7,"column":3266},"end":{"line":7,"column":3311}}],"line":7},"33":{"loc":{"start":{"line":7,"column":3477},"end":{"line":7,"column":3602}},"type":"cond-expr","locations":[{"start":{"line":7,"column":3501},"end":{"line":7,"column":3522}},{"start":{"line":7,"column":3525},"end":{"line":7,"column":3602}}],"line":7},"34":{"loc":{"start":{"line":7,"column":3561},"end":{"line":7,"column":3600}},"type":"binary-expr","locations":[{"start":{"line":7,"column":3561},"end":{"line":7,"column":3572}},{"start":{"line":7,"column":3576},"end":{"line":7,"column":3600}}],"line":7},"35":{"loc":{"start":{"line":41,"column":123},"end":{"line":45,"column":77}},"type":"switch","locations":[{"start":{"line":41,"column":163},"end":{"line":45,"column":35}},{"start":{"line":45,"column":35},"end":{"line":45,"column":42}},{"start":{"line":45,"column":42},"end":{"line":45,"column":76}}],"line":41},"36":{"loc":{"start":{"line":49,"column":132},"end":{"line":53,"column":81}},"type":"switch","locations":[{"start":{"line":49,"column":174},"end":{"line":53,"column":38}},{"start":{"line":53,"column":38},"end":{"line":53,"column":45}},{"start":{"line":53,"column":45},"end":{"line":53,"column":80}}],"line":49},"37":{"loc":{"start":{"line":57,"column":155},"end":{"line":70,"column":101}},"type":"switch","locations":[{"start":{"line":57,"column":197},"end":{"line":70,"column":58}},{"start":{"line":70,"column":58},"end":{"line":70,"column":65}},{"start":{"line":70,"column":65},"end":{"line":70,"column":100}}],"line":57},"38":{"loc":{"start":{"line":60,"column":14},"end":{"line":69,"column":15}},"type":"if","locations":[{"start":{"line":60,"column":14},"end":{"line":69,"column":15}},{"start":{"line":60,"column":14},"end":{"line":69,"column":15}}],"line":60},"39":{"loc":{"start":{"line":70,"column":14},"end":{"line":70,"column":57}},"type":"cond-expr","locations":[{"start":{"line":70,"column":41},"end":{"line":70,"column":45}},{"start":{"line":70,"column":48},"end":{"line":70,"column":57}}],"line":70},"40":{"loc":{"start":{"line":73,"column":131},"end":{"line":104,"column":58}},"type":"switch","locations":[{"start":{"line":73,"column":173},"end":{"line":93,"column":18}},{"start":{"line":93,"column":18},"end":{"line":93,"column":50}},{"start":{"line":93,"column":50},"end":{"line":104,"column":15}},{"start":{"line":104,"column":15},"end":{"line":104,"column":22}},{"start":{"line":104,"column":22},"end":{"line":104,"column":57}}],"line":73},"41":{"loc":{"start":{"line":74,"column":44},"end":{"line":75,"column":97}},"type":"if","locations":[{"start":{"line":74,"column":44},"end":{"line":75,"column":97}},{"start":{"line":74,"column":44},"end":{"line":75,"column":97}}],"line":74},"42":{"loc":{"start":{"line":75,"column":14},"end":{"line":75,"column":67}},"type":"binary-expr","locations":[{"start":{"line":75,"column":14},"end":{"line":75,"column":37}},{"start":{"line":75,"column":41},"end":{"line":75,"column":67}}],"line":75},"43":{"loc":{"start":{"line":79,"column":16},"end":{"line":92,"column":17}},"type":"if","locations":[{"start":{"line":79,"column":16},"end":{"line":92,"column":17}},{"start":{"line":79,"column":16},"end":{"line":92,"column":17}}],"line":79},"44":{"loc":{"start":{"line":83,"column":23},"end":{"line":92,"column":17}},"type":"if","locations":[{"start":{"line":83,"column":23},"end":{"line":92,"column":17}},{"start":{"line":83,"column":23},"end":{"line":92,"column":17}}],"line":83},"45":{"loc":{"start":{"line":88,"column":16},"end":{"line":92,"column":17}},"type":"if","locations":[{"start":{"line":88,"column":16},"end":{"line":92,"column":17}},{"start":{"line":88,"column":16},"end":{"line":92,"column":17}}],"line":88},"46":{"loc":{"start":{"line":95,"column":14},"end":{"line":99,"column":15}},"type":"if","locations":[{"start":{"line":95,"column":14},"end":{"line":99,"column":15}},{"start":{"line":95,"column":14},"end":{"line":99,"column":15}}],"line":95},"47":{"loc":{"start":{"line":100,"column":14},"end":{"line":104,"column":15}},"type":"if","locations":[{"start":{"line":100,"column":14},"end":{"line":104,"column":15}},{"start":{"line":100,"column":14},"end":{"line":104,"column":15}}],"line":100},"48":{"loc":{"start":{"line":121,"column":156},"end":{"line":138,"column":95}},"type":"switch","locations":[{"start":{"line":121,"column":198},"end":{"line":124,"column":96}},{"start":{"line":124,"column":96},"end":{"line":126,"column":52}},{"start":{"line":126,"column":52},"end":{"line":129,"column":69}},{"start":{"line":129,"column":69},"end":{"line":131,"column":63}},{"start":{"line":131,"column":63},"end":{"line":134,"column":83}},{"start":{"line":134,"column":83},"end":{"line":136,"column":81}},{"start":{"line":136,"column":81},"end":{"line":138,"column":51}},{"start":{"line":138,"column":51},"end":{"line":138,"column":59}},{"start":{"line":138,"column":59},"end":{"line":138,"column":94}}],"line":121},"49":{"loc":{"start":{"line":124,"column":127},"end":{"line":125,"column":61}},"type":"if","locations":[{"start":{"line":124,"column":127},"end":{"line":125,"column":61}},{"start":{"line":124,"column":127},"end":{"line":125,"column":61}}],"line":124},"50":{"loc":{"start":{"line":129,"column":98},"end":{"line":130,"column":48}},"type":"if","locations":[{"start":{"line":129,"column":98},"end":{"line":130,"column":48}},{"start":{"line":129,"column":98},"end":{"line":130,"column":48}}],"line":129},"51":{"loc":{"start":{"line":158,"column":8},"end":{"line":158,"column":55}},"type":"cond-expr","locations":[{"start":{"line":158,"column":32},"end":{"line":158,"column":48}},{"start":{"line":158,"column":51},"end":{"line":158,"column":55}}],"line":158},"52":{"loc":{"start":{"line":161,"column":8},"end":{"line":161,"column":92}},"type":"cond-expr","locations":[{"start":{"line":161,"column":64},"end":{"line":161,"column":68}},{"start":{"line":161,"column":71},"end":{"line":161,"column":92}}],"line":161},"53":{"loc":{"start":{"line":161,"column":8},"end":{"line":161,"column":61}},"type":"binary-expr","locations":[{"start":{"line":161,"column":8},"end":{"line":161,"column":35}},{"start":{"line":161,"column":39},"end":{"line":161,"column":61}}],"line":161},"54":{"loc":{"start":{"line":173,"column":8},"end":{"line":182,"column":150}},"type":"cond-expr","locations":[{"start":{"line":174,"column":8},"end":{"line":177,"column":150}},{"start":{"line":179,"column":8},"end":{"line":182,"column":150}}],"line":173},"55":{"loc":{"start":{"line":189,"column":8},"end":{"line":189,"column":61}},"type":"cond-expr","locations":[{"start":{"line":189,"column":35},"end":{"line":189,"column":54}},{"start":{"line":189,"column":57},"end":{"line":189,"column":61}}],"line":189},"56":{"loc":{"start":{"line":192,"column":8},"end":{"line":192,"column":101}},"type":"cond-expr","locations":[{"start":{"line":192,"column":70},"end":{"line":192,"column":74}},{"start":{"line":192,"column":77},"end":{"line":192,"column":101}}],"line":192},"57":{"loc":{"start":{"line":192,"column":8},"end":{"line":192,"column":67}},"type":"binary-expr","locations":[{"start":{"line":192,"column":8},"end":{"line":192,"column":38}},{"start":{"line":192,"column":42},"end":{"line":192,"column":67}}],"line":192}},"s":{"0":1,"1":1,"2":1,"3":1,"4":1,"5":1,"6":1,"7":1,"8":1,"9":1,"10":3,"11":1,"12":0,"13":1,"14":1,"15":0,"16":1,"17":1,"18":0,"19":1,"20":0,"21":1,"22":1,"23":0,"24":1,"25":1,"26":1,"27":28,"28":28,"29":28,"30":0,"31":28,"32":1,"33":1,"34":1,"35":1,"36":11,"37":0,"38":1,"39":1,"40":1,"41":1,"42":1,"43":1,"44":1,"45":1,"46":1,"47":1,"48":1,"49":0,"50":1,"51":1,"52":0,"53":1,"54":1,"55":1,"56":1,"57":0,"58":0,"59":1,"60":1,"61":1,"62":11,"63":11,"64":11,"65":11,"66":0,"67":11,"68":11,"69":11,"70":0,"71":0,"72":0,"73":0,"74":1,"75":0,"76":1,"77":0,"78":1,"79":1,"80":0,"81":0,"82":0,"83":0,"84":1,"85":0,"86":1,"87":1,"88":1,"89":1,"90":11,"91":11,"92":11,"93":5,"94":10,"95":10,"96":5,"97":5,"98":5,"99":11,"100":5,"101":10,"102":10,"103":5,"104":5,"105":5,"106":11,"107":2,"108":2,"109":2,"110":2,"111":2,"112":2,"113":1,"114":1,"115":2,"116":2,"117":11,"118":5,"119":9,"120":14,"121":5,"122":5,"123":1,"124":1,"125":4,"126":4,"127":1,"128":3,"129":1,"130":2,"131":1,"132":1,"133":1,"134":4,"135":4,"136":1,"137":1,"138":1,"139":1,"140":5,"141":11,"142":1,"143":1,"144":11,"145":1,"146":1,"147":11,"148":0,"149":0,"150":0,"151":0,"152":0,"153":0,"154":0,"155":0,"156":0,"157":0,"158":0,"159":0,"160":0,"161":0,"162":0,"163":0,"164":0,"165":0,"166":0,"167":0,"168":0,"169":0,"170":0,"171":0,"172":0,"173":0,"174":11,"175":11,"176":1,"177":29,"178":1,"179":1},"f":{"0":3,"1":1,"2":0,"3":1,"4":11,"5":1,"6":1,"7":1,"8":1,"9":0,"10":1,"11":11,"12":11,"13":0,"14":1,"15":0,"16":1,"17":0,"18":1,"19":11,"20":5,"21":10,"22":5,"23":10,"24":2,"25":2,"26":5,"27":9,"28":1,"29":3,"30":1,"31":1,"32":0,"33":0,"34":29},"b":{"0":[3,0],"1":[3,3],"2":[0,1],"3":[0,1],"4":[1,1],"5":[0,1],"6":[1,1,0],"7":[0,1],"8":[1,1],"9":[1,1],"10":[28,0],"11":[28,0],"12":[0,28],"13":[28,28,28],"14":[1,0],"15":[0,11],"16":[1,1],"17":[1,0],"18":[1,0],"19":[0,1],"20":[0,1],"21":[1,0],"22":[1,1],"23":[1,0],"24":[1,0],"25":[11,0],"26":[11,0],"27":[11,11,0],"28":[0,0],"29":[0,1],"30":[1,1],"31":[0,1],"32":[1,0],"33":[1,0],"34":[0,0],"35":[5,5,5],"36":[5,5,5],"37":[2,2,2],"38":[1,1],"39":[0,2],"40":[5,4,1,5,5],"41":[1,4],"42":[5,4],"43":[1,2],"44":[1,1],"45":[1,0],"46":[1,0],"47":[1,0],"48":[0,0,0,0,0,0,0,0,0],"49":[0,0],"50":[0,0],"51":[2,27],"52":[27,2],"53":[29,2],"54":[28,1],"55":[1,28],"56":[28,1],"57":[29,1]},"inputSourceMap":null,"_coverageSchema":"1a1c01bbd47fc00a2c39e90264f33305004495a9","hash":"7cfb10357868d183f27b0dd87b6c37bcdda7b1d7"}
,"C:\\Users\\Admin\\javaScript\\FundooNotes\\src\\components\\SignUpScreen.js": {"path":"C:\\Users\\Admin\\javaScript\\FundooNotes\\src\\components\\SignUpScreen.js","statementMap":{"0":{"start":{"line":1,"column":13},"end":{"line":1,"column":75}},"1":{"start":{"line":1,"column":75},"end":{"line":1,"column":100}},"2":{"start":{"line":1,"column":113},"end":{"line":1,"column":154}},"3":{"start":{"line":2,"column":19},"end":{"line":2,"column":42}},"4":{"start":{"line":3,"column":20},"end":{"line":3,"column":77}},"5":{"start":{"line":4,"column":20},"end":{"line":4,"column":82}},"6":{"start":{"line":4,"column":102},"end":{"line":4,"column":179}},"7":{"start":{"line":4,"column":218},"end":{"line":4,"column":272}},"8":{"start":{"line":4,"column":310},"end":{"line":4,"column":357}},"9":{"start":{"line":4,"column":345},"end":{"line":4,"column":357}},"10":{"start":{"line":4,"column":369},"end":{"line":4,"column":382}},"11":{"start":{"line":4,"column":383},"end":{"line":4,"column":462}},"12":{"start":{"line":4,"column":447},"end":{"line":4,"column":460}},"13":{"start":{"line":4,"column":462},"end":{"line":4,"column":475}},"14":{"start":{"line":4,"column":515},"end":{"line":4,"column":555}},"15":{"start":{"line":4,"column":543},"end":{"line":4,"column":554}},"16":{"start":{"line":4,"column":555},"end":{"line":4,"column":655}},"17":{"start":{"line":4,"column":630},"end":{"line":4,"column":654}},"18":{"start":{"line":4,"column":667},"end":{"line":4,"column":693}},"19":{"start":{"line":4,"column":694},"end":{"line":4,"column":747}},"20":{"start":{"line":4,"column":724},"end":{"line":4,"column":746}},"21":{"start":{"line":4,"column":760},"end":{"line":4,"column":762}},"22":{"start":{"line":4,"column":791},"end":{"line":4,"column":847}},"23":{"start":{"line":4,"column":848},"end":{"line":4,"column":1119}},"24":{"start":{"line":4,"column":870},"end":{"line":4,"column":1118}},"25":{"start":{"line":4,"column":934},"end":{"line":4,"column":1006}},"26":{"start":{"line":4,"column":1007},"end":{"line":4,"column":1117}},"27":{"start":{"line":4,"column":1044},"end":{"line":4,"column":1085}},"28":{"start":{"line":4,"column":1093},"end":{"line":4,"column":1116}},"29":{"start":{"line":4,"column":1119},"end":{"line":4,"column":1140}},"30":{"start":{"line":4,"column":1140},"end":{"line":4,"column":1176}},"31":{"start":{"line":4,"column":1152},"end":{"line":4,"column":1175}},"32":{"start":{"line":4,"column":1176},"end":{"line":4,"column":1190}},"33":{"start":{"line":4,"column":1240},"end":{"line":4,"column":1339}},"34":{"start":{"line":4,"column":1281},"end":{"line":4,"column":1338}},"35":{"start":{"line":4,"column":1383},"end":{"line":4,"column":1648}},"36":{"start":{"line":4,"column":1396},"end":{"line":4,"column":1397}},"37":{"start":{"line":4,"column":1440},"end":{"line":4,"column":1448}},"38":{"start":{"line":4,"column":1449},"end":{"line":4,"column":1504}},"39":{"start":{"line":4,"column":1504},"end":{"line":4,"column":1535}},"40":{"start":{"line":4,"column":1535},"end":{"line":4,"column":1589}},"41":{"start":{"line":4,"column":1562},"end":{"line":4,"column":1589}},"42":{"start":{"line":4,"column":1589},"end":{"line":4,"column":1647}},"43":{"start":{"line":4,"column":1710},"end":{"line":4,"column":1779}},"44":{"start":{"line":4,"column":1726},"end":{"line":4,"column":1779}},"
[...]
locations":[{"start":{"line":4,"column":3591},"end":{"line":4,"column":3602}},{"start":{"line":4,"column":3606},"end":{"line":4,"column":3630}}],"line":4},"35":{"loc":{"start":{"line":32,"column":145},"end":{"line":41,"column":103}},"type":"switch","locations":[{"start":{"line":32,"column":185},"end":{"line":35,"column":49}},{"start":{"line":35,"column":49},"end":{"line":41,"column":61}},{"start":{"line":41,"column":61},"end":{"line":41,"column":68}},{"start":{"line":41,"column":68},"end":{"line":41,"column":102}}],"line":32},"36":{"loc":{"start":{"line":39,"column":14},"end":{"line":41,"column":60}},"type":"cond-expr","locations":[{"start":{"line":40,"column":14},"end":{"line":40,"column":59}},{"start":{"line":41,"column":14},"end":{"line":41,"column":60}}],"line":39},"37":{"loc":{"start":{"line":44,"column":146},"end":{"line":53,"column":103}},"type":"switch","locations":[{"start":{"line":44,"column":188},"end":{"line":47,"column":48}},{"start":{"line":47,"column":48},"end":{"line":53,"column":60}},{"start":{"line":53,"column":60},"end":{"line":53,"column":67}},{"start":{"line":53,"column":67},"end":{"line":53,"column":102}}],"line":44},"38":{"loc":{"start":{"line":51,"column":14},"end":{"line":53,"column":59}},"type":"cond-expr","locations":[{"start":{"line":52,"column":14},"end":{"line":52,"column":58}},{"start":{"line":53,"column":14},"end":{"line":53,"column":59}}],"line":51},"39":{"loc":{"start":{"line":56,"column":126},"end":{"line":62,"column":76}},"type":"switch","locations":[{"start":{"line":56,"column":168},"end":{"line":60,"column":35}},{"start":{"line":60,"column":35},"end":{"line":62,"column":33}},{"start":{"line":62,"column":33},"end":{"line":62,"column":40}},{"start":{"line":62,"column":40},"end":{"line":62,"column":75}}],"line":56},"40":{"loc":{"start":{"line":65,"column":127},"end":{"line":76,"column":58}},"type":"switch","locations":[{"start":{"line":65,"column":169},"end":{"line":76,"column":15}},{"start":{"line":76,"column":15},"end":{"line":76,"column":22}},{"start":{"line":76,"column":22},"end":{"line":76,"column":57}}],"line":65},"41":{"loc":{"start":{"line":67,"column":14},"end":{"line":76,"column":15}},"type":"if","locations":[{"start":{"line":67,"column":14},"end":{"line":76,"column":15}},{"start":{"line":67,"column":14},"end":{"line":76,"column":15}}],"line":67},"42":{"loc":{"start":{"line":79,"column":132},"end":{"line":85,"column":79}},"type":"switch","locations":[{"start":{"line":79,"column":174},"end":{"line":83,"column":38}},{"start":{"line":83,"column":38},"end":{"line":85,"column":36}},{"start":{"line":85,"column":36},"end":{"line":85,"column":43}},{"start":{"line":85,"column":43},"end":{"line":85,"column":78}}],"line":79},"43":{"loc":{"start":{"line":88,"column":131},"end":{"line":100,"column":58}},"type":"switch","locations":[{"start":{"line":88,"column":173},"end":{"line":100,"column":15}},{"start":{"line":100,"column":15},"end":{"line":100,"column":22}},{"start":{"line":100,"column":22},"end":{"line":100,"column":57}}],"line":88},"44":{"loc":{"start":{"line":90,"column":14},"end":{"line":100,"column":15}},"type":"if","locations":[{"start":{"line":90,"column":14},"end":{"line":100,"column":15}},{"start":{"line":90,"column":14},"end":{"line":100,"column":15}}],"line":90},"45":{"loc":{"start":{"line":103,"column":139},"end":{"line":106,"column":98}},"type":"switch","locations":[{"start":{"line":103,"column":181},"end":{"line":106,"column":55}},{"start":{"line":106,"column":55},"end":{"line":106,"column":62}},{"start":{"line":106,"column":62},"end":{"line":106,"column":97}}],"line":103},"46":{"loc":{"start":{"line":110,"column":155},"end":{"line":123,"column":101}},"type":"switch","locations":[{"start":{"line":110,"column":197},"end":{"line":123,"column":58}},{"start":{"line":123,"column":58},"end":{"line":123,"column":65}},{"start":{"line":123,"column":65},"end":{"line":123,"column":100}}],"line":110},"47":{"loc":{"start":{"line":114,"column":14},"end":{"line":122,"column":15}},"type":"if","locations":[{"start":{"line":114,"column":14},"end":{"line":122,"column":15}},{"start":{"line":114,"column":14},"end":{"line":122,"column":15}}],"line":114},"48":{"loc":{"start":{"line":123,"column":14},"end":{"line":123,"column":57}},"type":"cond-expr","locations":[{"start":{"line":123,"column":41},"end":{"line":123,"column":45}},{"start":{"line":123,"column":48},"end":{"line":123,"column":57}}],"line":123},"49":{"loc":{"start":{"line":126,"column":169},"end":{"line":139,"column":101}},"type":"switch","locations":[{"start":{"line":126,"column":211},"end":{"line":139,"column":58}},{"start":{"line":139,"column":58},"end":{"line":139,"column":65}},{"start":{"line":139,"column":65},"end":{"line":139,"column":100}}],"line":126},"50":{"loc":{"start":{"line":130,"column":14},"end":{"line":138,"column":15}},"type":"if","locations":[{"start":{"line":130,"column":14},"end":{"line":138,"column":15}},{"start":{"line":130,"column":14},"end":{"line":138,"column":15}}],"line":130},"51":{"loc":{"start":{"line":139,"column":14},"end":{"line":139,"column":57}},"type":"cond-expr","locations":[{"start":{"line":139,"column":41},"end":{"line":139,"column":45}},{"start":{"line":139,"column":48},"end":{"line":139,"column":57}}],"line":139},"52":{"loc":{"start":{"line":142,"column":135},"end":{"line":195,"column":59}},"type":"switch","locations":[{"start":{"line":142,"column":179},"end":{"line":195,"column":15}},{"start":{"line":195,"column":15},"end":{"line":195,"column":22}},{"start":{"line":195,"column":22},"end":{"line":195,"column":58}}],"line":142},"53":{"loc":{"start":{"line":144,"column":14},"end":{"line":195,"column":15}},"type":"if","locations":[{"start":{"line":144,"column":14},"end":{"line":195,"column":15}},{"start":{"line":144,"column":14},"end":{"line":195,"column":15}}],"line":144},"54":{"loc":{"start":{"line":144,"column":18},"end":{"line":152,"column":47}},"type":"binary-expr","locations":[{"start":{"line":144,"column":18},"end":{"line":144,"column":45}},{"start":{"line":145,"column":14},"end":{"line":145,"column":45}},{"start":{"line":146,"column":14},"end":{"line":146,"column":44}},{"start":{"line":147,"column":14},"end":{"line":147,"column":44}},{"start":{"line":148,"column":14},"end":{"line":148,"column":41}},{"start":{"line":149,"column":14},"end":{"line":149,"column":40}},{"start":{"line":150,"column":14},"end":{"line":150,"column":37}},{"start":{"line":151,"column":14},"end":{"line":151,"column":40}},{"start":{"line":152,"column":14},"end":{"line":152,"column":47}}],"line":144},"55":{"loc":{"start":{"line":158,"column":18},"end":{"line":162,"column":19}},"type":"if","locations":[{"start":{"line":158,"column":18},"end":{"line":162,"column":19}},{"start":{"line":158,"column":18},"end":{"line":162,"column":19}}],"line":158},"56":{"loc":{"start":{"line":163,"column":18},"end":{"line":167,"column":19}},"type":"if","locations":[{"start":{"line":163,"column":18},"end":{"line":167,"column":19}},{"start":{"line":163,"column":18},"end":{"line":167,"column":19}}],"line":163},"57":{"loc":{"start":{"line":170,"column":16},"end":{"line":174,"column":17}},"type":"if","locations":[{"start":{"line":170,"column":16},"end":{"line":174,"column":17}},{"start":{"line":170,"column":16},"end":{"line":174,"column":17}}],"line":170},"58":{"loc":{"start":{"line":175,"column":16},"end":{"line":179,"column":17}},"type":"if","locations":[{"start":{"line":175,"column":16},"end":{"line":179,"column":17}},{"start":{"line":175,"column":16},"end":{"line":179,"column":17}}],"line":175},"59":{"loc":{"start":{"line":180,"column":16},"end":{"line":184,"column":17}},"type":"if","locations":[{"start":{"line":180,"column":16},"end":{"line":184,"column":17}},{"start":{"line":180,"column":16},"end":{"line":184,"column":17}}],"line":180},"60":{"loc":{"start":{"line":185,"column":16},"end":{"line":189,"column":17}},"type":"if","locations":[{"start":{"line":185,"column":16},"end":{"line":189,"column":17}},{"start":{"line":185,"column":16},"end":{"line":189,"column":17}}],"line":185},"61":{"loc":{"start":{"line":190,"column":16},"end":{"line":194,"column":17}},"type":"if","locations":[{"start":{"line":190,"column":16},"end":{"line":194,"column":17}},{"start":{"line":190,"column":16},"end":{"line":194,"column":17}}],"line":190},"62":{"loc":{"start":{"line":224,"column":8},"end":{"line":224,"column":71}},"type":"cond-expr","locations":[{"start":{"line":224,"column":43},"end":{"line":224,"column":64}},{"start":{"line":224,"column":67},"end":{"line":224,"column":71}}],"line":224},"63":{"loc":{"start":{"line":227,"column":8},"end":{"line":227,"column":100}},"type":"cond-expr","locations":[{"start":{"line":227,"column":71},"end":{"line":227,"column":75}},{"start":{"line":227,"column":78},"end":{"line":227,"column":100}}],"line":227},"64":{"loc":{"start":{"line":227,"column":8},"end":{"line":227,"column":68}},"type":"binary-expr","locations":[{"start":{"line":227,"column":8},"end":{"line":227,"column":38}},{"start":{"line":227,"column":42},"end":{"line":227,"column":68}}],"line":227},"65":{"loc":{"start":{"line":240,"column":8},"end":{"line":240,"column":69}},"type":"cond-expr","locations":[{"start":{"line":240,"column":42},"end":{"line":240,"column":62}},{"start":{"line":240,"column":65},"end":{"line":240,"column":69}}],"line":240},"66":{"loc":{"start":{"line":243,"column":8},"end":{"line":243,"column":97}},"type":"cond-expr","locations":[{"start":{"line":243,"column":69},"end":{"line":243,"column":73}},{"start":{"line":243,"column":76},"end":{"line":243,"column":97}}],"line":243},"67":{"loc":{"start":{"line":243,"column":8},"end":{"line":243,"column":66}},"type":"binary-expr","locations":[{"start":{"line":243,"column":8},"end":{"line":243,"column":37}},{"start":{"line":243,"column":41},"end":{"line":243,"column":66}}],"line":243},"68":{"loc":{"start":{"line":256,"column":8},"end":{"line":256,"column":62}},"type":"cond-expr","locations":[{"start":{"line":256,"column":39},"end":{"line":256,"column":55}},{"start":{"line":256,"column":58},"end":{"line":256,"column":62}}],"line":256},"69":{"loc":{"start":{"line":259,"column":8},"end":{"line":259,"column":66}},"type":"cond-expr","locations":[{"start":{"line":259,"column":38},"end":{"line":259,"column":42}},{"start":{"line":259,"column":45},"end":{"line":259,"column":66}}],"line":259},"70":{"loc":{"start":{"line":272,"column":8},"end":{"line":281,"column":147}},"type":"cond-expr","locations":[{"start":{"line":273,"column":8},"end":{"line":276,"column":147}},{"start":{"line":278,"column":8},"end":{"line":281,"column":147}}],"line":272},"71":{"loc":{"start":{"line":288,"column":8},"end":{"line":288,"column":68}},"type":"cond-expr","locations":[{"start":{"line":288,"column":42},"end":{"line":288,"column":61}},{"start":{"line":288,"column":64},"end":{"line":288,"column":68}}],"line":288},"72":{"loc":{"start":{"line":291,"column":8},"end":{"line":291,"column":134}},"type":"cond-expr","locations":[{"start":{"line":291,"column":103},"end":{"line":291,"column":107}},{"start":{"line":291,"column":110},"end":{"line":291,"column":134}}],"line":291},"73":{"loc":{"start":{"line":291,"column":8},"end":{"line":291,"column":100}},"type":"binary-expr","locations":[{"start":{"line":291,"column":8},"end":{"line":291,"column":37}},{"start":{"line":291,"column":41},"end":{"line":291,"column":71}},{"start":{"line":291,"column":75},"end":{"line":291,"column":100}}],"line":291},"74":{"loc":{"start":{"line":304,"column":8},"end":{"line":313,"column":147}},"type":"cond-expr","locations":[{"start":{"line":305,"column":8},"end":{"line":308,"column":147}},{"start":{"line":310,"column":8},"end":{"line":313,"column":147}}],"line":304},"75":{"loc":{"start":{"line":320,"column":8},"end":{"line":320,"column":72}},"type":"cond-expr","locations":[{"start":{"line":320,"column":49},"end":{"line":320,"column":65}},{"start":{"line":320,"column":68},"end":{"line":320,"column":72}}],"line":320},"76":{"loc":{"start":{"line":323,"column":8},"end":{"line":323,"column":94}},"type":"cond-expr","locations":[{"start":{"line":323,"column":67},"end":{"line":323,"column":71}},{"start":{"line":323,"column":74},"end":{"line":323,"column":94}}],"line":323}},"s":{"0":1,"1":1,"2":1,"3":1,"4":1,"5":1,"6":1,"7":2,"8":1,"9":0,"10":1,"11":1,"12":0,"13":1,"14":1,"15":0,"16":1,"17":0,"18":1,"19":1,"20":0,"21":1,"22":1,"23":1,"24":28,"25":28,"26":28,"27":0,"28":28,"29":1,"30":1,"31":1,"32":1,"33":16,"34":0,"35":1,"36":1,"37":1,"38":1,"39":1,"40":1,"41":1,"42":1,"43":1,"44":1,"45":1,"46":0,"47":1,"48":1,"49":0,"50":1,"51":1,"52":1,"53":1,"54":0,"55":0,"56":1,"57":1,"58":1,"59":16,"60":16,"61":16,"62":16,"63":0,"64":16,"65":16,"66":16,"67":0,"68":0,"69":0,"70":0,"71":1,"72":0,"73":1,"74":0,"75":1,"76":1,"77":0,"78":0,"79":0,"80":0,"81":1,"82":0,"83":1,"84":1,"85":1,"86":1,"87":16,"88":16,"89":16,"90":1,"91":2,"92":2,"93":1,"94":1,"95":1,"96":1,"97":1,"98":16,"99":1,"100":2,"101":2,"102":1,"103":1,"104":1,"105":1,"106":1,"107":16,"108":1,"109":2,"110":2,"111":1,"112":1,"113":1,"114":1,"115":16,"116":3,"117":3,"118":3,"119":3,"120":3,"121":2,"122":1,"123":3,"124":16,"125":1,"126":2,"127":2,"128":1,"129":1,"130":1,"131":1,"132":16,"133":3,"134":3,"135":3,"136":3,"137":3,"138":2,"139":1,"140":3,"141":16,"142":1,"143":2,"144":2,"145":1,"146":1,"147":1,"148":16,"149":2,"150":2,"151":2,"152":2,"153":2,"154":2,"155":1,"156":1,"157":2,"158":2,"159":16,"160":2,"161":2,"162":2,"163":2,"164":2,"165":2,"166":1,"167":1,"168":2,"169":2,"170":16,"171":3,"172":3,"173":3,"174":3,"175":3,"176":2,"177":0,"178":1,"179":0,"180":1,"181":1,"182":1,"183":1,"184":1,"185":1,"186":1,"187":1,"188":1,"189":1,"190":1,"191":1,"192":3,"193":16,"194":1,"195":1,"196":16,"197":16,"198":1,"199":46,"200":1,"201":1},"f":{"0":2,"1":1,"2":0,"3":1,"4":16,"5":1,"6":1,"7":1,"8":1,"9":0,"10":1,"11":16,"12":16,"13":0,"14":1,"15":0,"16":1,"17":0,"18":1,"19":16,"20":1,"21":2,"22":1,"23":2,"24":1,"25":2,"26":3,"27":3,"28":1,"29":2,"30":3,"31":3,"32":1,"33":2,"34":2,"35":2,"36":2,"37":2,"38":3,"39":3,"40":0,"41":1,"42":1,"43":46},"b":{"0":[2,0],"1":[2,2],"2":[0,1],"3":[0,1],"4":[1,1],"5":[0,1],"6":[1,1,0],"7":[0,1],"8":[1,1],"9":[1,1],"10":[28,0],"11":[28,0],"12":[0,28],"13":[28,28,28],"14":[1,0],"15":[0,16],"16":[1,1],"17":[1,0],"18":[1,0],"19":[0,1],"20":[0,1],"21":[1,0],"22":[1,1],"23":[1,0],"24":[1,0],"25":[16,0],"26":[16,0],"27":[16,16,0],"28":[0,0],"29":[0,1],"30":[1,1],"31":[0,1],"32":[1,0],"33":[1,0],"34":[0,0],"35":[1,1,1,1],"36":[1,0],"37":[1,1,1,1],"38":[1,0],"39":[1,1,1,1],"40":[3,3,3],"41":[2,1],"42":[1,1,1,1],"43":[3,3,3],"44":[2,1],"45":[1,1,1],"46":[2,2,2],"47":[1,1],"48":[0,2],"49":[2,2,2],"50":[1,1],"51":[0,2],"52":[3,3,3],"53":[2,1],"54":[3,3,3,3,3,2,2,2,2],"55":[0,1],"56":[1,0],"57":[1,0],"58":[1,0],"59":[1,0],"60":[1,0],"61":[1,0],"62":[5,41],"63":[46,0],"64":[46,0],"65":[4,42],"66":[46,0],"67":[46,0],"68":[3,43],"69":[44,2],"70":[45,1],"71":[2,44],"72":[45,1],"73":[46,1,1],"74":[45,1],"75":[1,45],"76":[45,1]},"inputSourceMap":null,"_coverageSchema":"1a1c01bbd47fc00a2c39e90264f33305004495a9","hash":"89547f70fe04816589d4e85f469c2256957260d1"}
,"C:\\Users\\Admin\\javaScript\\FundooNotes\\src\\styles\\ForgotPasswordScreenStyles.js": {"path":"C:\\Users\\Admin\\javaScript\\FundooNotes\\src\\styles\\ForgotPasswordScreenStyles.js","statementMap":{"0":{"start":{"line":1,"column":13},"end":{"line":1,"column":75}},"1":{"start":{"line":1,"column":75},"end":{"line":1,"column":100}},"2":{"start":{"line":1,"column":113},"end":{"line":1,"column":153}},"3":{"start":{"line":2,"column":19},"end":{"line":2,"column":42}},"4":{"start":{"line":2,"column":81},"end":{"line":2,"column":135}},"5":{"start":{"line":4,"column":33},"end":{"line":80,"column":25}},"6":{"start":{"line":84,"column":0},"end":{"line":84,"column":26}},"7":{"start":{"line":84,"column":27},"end":{"line":84,"column":54}}},"fnMap":{"0":{"name":"_interopRequireDefault","decl":{"start":{"line":2,"column":52},"end":{"line":2,"column":74}},"loc":{"start":{"line":2,"column":80},"end":{"line":2,"column":136}},"line":2}},"branchMap":{"0":{"loc":{"start":{"line":2,"column":88},"end":{"line":2,"column":134}},"type":"cond-expr","locations":[{"start":{"line":2,"column":112},"end":{"line":2,"column":115}},{"start":{"line":2,"column":118},"end":{"line":2,"column":134}}],"line":2},"1":{"loc":{"start":{"line":2,"column":88},"end":{"line":2,"column":109}},"type":"binary-expr","locations":[{"start":{"line":2,"column":88},"end":{"line":2,"column":91}},{"start":{"line":2,"column":95},"end":{"line":2,"column":109}}],"line":2}},"s":{"0":1,"1":1,"2":1,"3":1,"4":1,"5":1,"6":1,"7":1},"f":{"0":1},"b":{"0":[0,1],"1":[1,1]},"inputSourceMap":null,"_coverageSchema":"1a1c01bbd47fc00a2c39e90264f33305004495a9","hash":"c61a286c7b9b1aeeca93315c7bef07be9371254a"}
,"C:\\Users\\Admin\\javaScript\\FundooNotes\\src\\styles\\LogInPageStyles.js": {"path":"C:\\Users\\Admin\\javaScript\\FundooNotes\\src\\styles\\LogInPageStyles.js","statementMap":{"0":{"start":{"line":1,"column":13},"end":{"line":1,"column":75}},"1":{"start":{"line":1,"column":75},"end":{"line":1,"column":100}},"2":{"start":{"line":1,"column":113},"end":{"line":1,"column":153}},"3":{"start":{"line":2,"column":19},"end":{"line":2,"column":42}},"4":{"start":{"line":2,"column":81},"end":{"line":2,"column":135}},"5":{"start":{"line":4,"column":24},"end":{"line":109,"column":30}},"6":{"start":{"line":113,"column":0},"end":{"line":113,"column":17}},"7":{"start":{"line":113,"column":18},"end":{"line":113,"column":45}}},"fnMap":{"0":{"name":"_interopRequireDefault","decl":{"start":{"line":2,"column":52},"end":{"line":2,"column":74}},"loc":{"start":{"line":2,"column":80},"end":{"line":2,"column":136}},"line":2}},"branchMap":{"0":{"loc":{"start":{"line":2,"column":88},"end":{"line":2,"column":134}},"type":"cond-expr","locations":[{"start":{"line":2,"column":112},"end":{"line":2,"column":115}},{"start":{"line":2,"column":118},"end":{"line":2,"column":134}}],"line":2},"1":{"loc":{"start":{"line":2,"column":88},"end":{"line":2,"column":109}},"type":"binary-expr","locations":[{"start":{"line":2,"column":88},"end":{"line":2,"column":91}},{"start":{"line":2,"column":95},"end":{"line":2,"column":109}}],"line":2}},"s":{"0":1,"1":1,"2":1,"3":1,"4":1,"5":1,"6":1,"7":1},"f":{"0":1},"b":{"0":[0,1],"1":[1,1]},"inputSourceMap":null,"_coverageSchema":"1a1c01bbd47fc00a2c39e90264f33305004495a9","hash":"624650c6ad680b10585533ca26d6f32adca51e8e"}
,"C:\\Users\\Admin\\javaScript\\FundooNotes\\src\\styles\\SignUpStyles.js": {"path":"C:\\Users\\Admin\\javaScript\\FundooNotes\\src\\styles\\SignUpStyles.js","statementMap":{"0":{"start":{"line":1,"column":13},"end":{"line":1,"column":75}},"1":{"start":{"line":1,"column":75},"end":{"line":1,"column":100}},"2":{"start":{"line":1,"column":113},"end":{"line":1,"column":153}},"3":{"start":{"line":2,"column":19},"end":{"line":2,"column":42}},"4":{"start":{"line":2,"column":81},"end":{"line":2,"column":135}},"5":{"start":{"line":4,"column":25},"end":{"line":86,"column":18}},"6":{"start":{"line":90,"column":0},"end":{"line":90,"column":18}},"7":{"start":{"line":90,"column":19},"end":{"line":90,"column":46}}},"fnMap":{"0":{"name":"_interopRequireDefault","decl":{"start":{"line":2,"column":52},"end":{"line":2,"column":74}},"loc":{"start":{"line":2,"column":80},"end":{"line":2,"column":136}},"line":2}},"branchMap":{"0":{"loc":{"start":{"line":2,"column":88},"end":{"line":2,"column":134}},"type":"cond-expr","locations":[{"start":{"line":2,"column":112},"end":{"line":2,"column":115}},{"start":{"line":2,"column":118},"end":{"line":2,"column":134}}],"line":2},"1":{"loc":{"start":{"line":2,"column":88},"end":{"line":2,"column":109}},"type":"binary-expr","locations":[{"start":{"line":2,"column":88},"end":{"line":2,"column":91}},{"start":{"line":2,"column":95},"end":{"line":2,"column":109}}],"line":2}},"s":{"0":1,"1":1,"2":1,"3":1,"4":1,"5":1,"6":1,"7":1},"f":{"0":1},"b":{"0":[0,1],"1":[1,1]},"inputSourceMap":null,"_coverageSchema":"1a1c01bbd47fc00a2c39e90264f33305004495a9","hash":"e4d9ad5d04da7f6e3d9d270c346229eba0098a2f"}
}
