TN:
SF:_mocks_\react-native-keychain\index.js
FNF:0
FNH:0
DA:1,9
DA:9,9
LF:2
LH:2
BRF:0
BRH:0
end_of_record
TN:
SF:_mocks_\react-native-localization\index.js
FN:1,_classCallCheck
FN:1,_defineProperties
FN:1,_createClass
FN:1,(anonymous_3)
FN:4,RNLocalization
FN:7,setLanguage
FNF:6
FNH:6
FNDA:8,_classCallCheck
FNDA:9,_defineProperties
FNDA:9,_createClass
FNDA:9,(anonymous_3)
FNDA:8,RNLocalization
FNDA:8,setLanguage
DA:1,9
DA:4,8
DA:5,8
DA:6,8
DA:7,9
DA:10,8
DA:11,8
DA:12,8
DA:13,8
DA:14,344
DA:17,9
LF:11
LH:11
BRDA:1,0,0,0
BRDA:1,0,1,8
BRDA:1,1,0,9
BRDA:1,1,1,9
BRDA:1,2,0,9
BRDA:1,2,1,0
BRDA:1,3,0,9
BRDA:1,3,1,0
BRDA:1,4,0,0
BRDA:1,4,1,9
BRDA:11,5,0,8
BRDA:11,5,1,0
BRDA:14,6,0,344
BRDA:14,6,1,0
BRF:14
BRH:8
end_of_record
TN:
SF:config\Firebase.js
FN:1,_interopRequireDefault
FNF:1
FNH:1
FNDA:6,_interopRequireDefault
DA:1,6
DA:21,6
DA:32,6
DA:34,6
LF:4
LH:4
BRDA:1,0,0,6
BRDA:1,0,1,0
BRDA:1,1,0,6
BRDA:1,1,1,6
BRF:4
BRH:3
end_of_record
TN:
SF:services\UserNoteServices.js
FN:2,_interopRequireDefault
FN:2,_classCallCheck
FN:4,UserNoteServices
FN:6,(anonymous_3)
FN:7,_callee
FN:7,_callee$
FN:18,(anonymous_6)
FN:19,(anonymous_7)
FN:23,(anonymous_8)
FN:24,_callee3
FN:24,_callee3$
FN:27,_callee2
FN:27,_callee2$
FN:30,(anonymous_13)
FN:34,_callee5
FN:34,_callee5$
FN:35,_callee4
FN:35,_callee4$
FN:46,(anonymous_18)
FN:47,(anonymous_19)
FN:51,_callee7
FN:51,_callee7$
FN:52,_callee6
FN:52,_callee6$
FN:63,(anonymous_24)
FN:64,(anonymous_25)
FNF:26
FNH:6
FNDA:6,_interopRequireDefault
FNDA:3,_classCallCheck
FNDA:3,UserNoteServices
FNDA:0,(anonymous_3)
FNDA:0,_callee
FNDA:0,_callee$
FNDA:0,(anonymous_6)
FNDA:0,(anonymous_7)
FNDA:5,(anonymous_8)
FNDA:5,_callee3
FNDA:15,_callee3$
FNDA:0,_callee2
FNDA:0,_callee2$
FNDA:0,(anonymous_13)
FNDA:0,_callee5
FNDA:0,_callee5$
FNDA:0,_callee4
FNDA:0,_callee4$
FNDA:0,(anonymous_18)
FNDA:0,(anonymous_19)
FNDA:0,_callee7
FNDA:0,_callee7$
FNDA:0,_callee6
FNDA:0,_callee6$
FNDA:0,(anonymous_24)
FNDA:0,(anonymous_25)
DA:1,3
DA:2,6
DA:4,3
DA:7,0
DA:8,0
DA:9,0
DA:10,0
DA:15,0
DA:18,0
DA:19,0
DA:21,3
DA:24,15
DA:25,5
DA:26,5
DA:27,0
DA:28,0
DA:30,5
DA:32,3
DA:34,0
DA:35,0
DA:36,0
DA:37,0
DA:38,0
DA:43,0
DA:46,0
DA:47,3
DA:51,0
DA:52,0
DA:53,0
DA:54,0
DA:55,0
DA:60,0
DA:63,0
DA:64,0
DA:69,3
LF:35
LH:11
BRDA:2,0,0,3
BRDA:2,0,1,3
BRDA:2,1,0,6
BRDA:2,1,1,6
BRDA:2,2,0,0
BRDA:2,2,1,3
BRDA:7,3,0,0
BRDA:7,3,1,0
BRDA:7,3,2,0
BRDA:7,3,3,0
BRDA:24,4,0,5
BRDA:24,4,1,5
BRDA:24,4,2,0
BRDA:24,4,3,5
BRDA:27,5,0,0
BRDA:27,5,1,0
BRDA:27,5,2,0
BRDA:34,6,0,0
BRDA:34,6,1,0
BRDA:34,6,2,0
BRDA:35,7,0,0
BRDA:35,7,1,0
BRDA:35,7,2,0
BRDA:35,7,3,0
BRDA:51,8,0,0
BRDA:51,8,1,0
BRDA:51,8,2,0
BRDA:52,9,0,0
BRDA:52,9,1,0
BRDA:52,9,2,0
BRDA:52,9,3,0
BRF:31
BRH:8
end_of_record
TN:
SF:services\UserServices.js
FN:3,_interopRequireDefault
FN:3,_classCallCheck
FN:5,UserServices
FN:6,(anonymous_3)
FN:7,(anonymous_4)
FN:9,(anonymous_5)
FN:12,(anonymous_6)
FN:24,(anonymous_7)
FN:25,(anonymous_8)
FN:27,(anonymous_9)
FN:28,(anonymous_10)
FN:43,(anonymous_11)
FN:45,(anonymous_12)
FN:47,(anonymous_13)
FN:50,(anonymous_14)
FN:61,(anonymous_15)
FN:62,_callee
FN:62,_callee$
FN:72,(anonymous_18)
FN:78,(anonymous_19)
FNF:20
FNH:14
FNDA:6,_interopRequireDefault
FNDA:3,_classCallCheck
FNDA:3,UserServices
FNDA:6,(anonymous_3)
FNDA:6,(anonymous_4)
FNDA:0,(anonymous_5)
FNDA:5,(anonymous_6)
FNDA:8,(anonymous_7)
FNDA:8,(anonymous_8)
FNDA:1,(anonymous_9)
FNDA:6,(anonymous_10)
FNDA:6,(anonymous_11)
FNDA:6,(anonymous_12)
FNDA:2,(anonymous_13)
FNDA:4,(anonymous_14)
FNDA:0,(anonymous_15)
FNDA:0,_callee
FNDA:0,_callee$
FNDA:0,(anonymous_18)
FNDA:0,(anonymous_19)
DA:1,3
DA:2,3
DA:3,6
DA:5,3
DA:7,6
DA:8,6
DA:10,0
DA:13,5
DA:14,3
DA:16,5
DA:17,2
DA:22,3
DA:25,8
DA:26,8
DA:27,1
DA:29,6
DA:30,2
DA:32,4
DA:33,2
DA:35,2
DA:36,2
DA:41,3
DA:45,6
DA:46,6
DA:48,2
DA:51,4
DA:52,2
DA:53,2
DA:54,2
DA:59,3
DA:62,0
DA:63,0
DA:64,0
DA:65,0
DA:66,0
DA:67,0
DA:68,0
DA:69,0
DA:70,0
DA:71,0
DA:73,0
DA:74,0
DA:76,3
DA:79,0
DA:80,0
DA:92,3
LF:46
LH:31
BRDA:3,0,0,6
BRDA:3,0,1,0
BRDA:3,1,0,6
BRDA:3,1,1,6
BRDA:3,2,0,0
BRDA:3,2,1,3
BRDA:13,3,0,3
BRDA:13,3,1,2
BRDA:16,4,0,2
BRDA:16,4,1,3
BRDA:29,5,0,2
BRDA:29,5,1,4
BRDA:32,6,0,2
BRDA:32,6,1,2
BRDA:35,7,0,2
BRDA:35,7,1,0
BRDA:51,8,0,2
BRDA:51,8,1,2
BRDA:53,9,0,2
BRDA:53,9,1,0
BRDA:62,10,0,0
BRDA:62,10,1,0
BRDA:62,10,2,0
BRDA:62,10,3,0
BRDA:62,10,4,0
BRDA:62,10,5,0
BRDA:64,11,0,0
BRDA:64,11,1,0
BRDA:68,12,0,0
BRDA:68,12,1,0
BRF:30
BRH:16
end_of_record
TN:
SF:src\Languages\strings.js
FN:7,_interopRequireDefault
FNF:1
FNH:1
FNDA:56,_interopRequireDefault
DA:1,8
DA:2,8
DA:3,8
DA:4,8
DA:5,8
DA:6,8
DA:7,56
DA:9,8
DA:18,8
LF:9
LH:9
BRDA:7,0,0,48
BRDA:7,0,1,8
BRDA:7,1,0,56
BRDA:7,1,1,56
BRF:4
BRH:4
end_of_record
TN:
SF:src\Languages\LanguageFiles\English.js
FNF:0
FNH:0
DA:1,8
DA:47,8
LF:2
LH:2
BRF:0
BRH:0
end_of_record
TN:
SF:src\Languages\LanguageFiles\French.js
FNF:0
FNH:0
DA:1,8
DA:47,8
LF:2
LH:2
BRF:0
BRH:0
end_of_record
TN:
SF:src\Languages\LanguageFiles\Hindi.js
FNF:0
FNH:0
DA:1,8
DA:46,8
LF:2
LH:2
BRF:0
BRH:0
end_of_record
TN:
SF:src\Languages\LanguageFiles\Japanese.js
FNF:0
FNH:0
DA:1,8
DA:47,8
LF:2
LH:2
BRF:0
BRH:0
end_of_record
TN:
SF:src\Languages\LanguageFiles\Korea.js
FNF:0
FNH:0
DA:1,8
DA:47,8
LF:2
LH:2
BRF:0
BRH:0
end_of_record
TN:
SF:src\Languages\LanguageFiles\Telugu.js
FNF:0
FNH:0
DA:1,8
DA:46,8
LF:2
LH:2
BRF:0
BRH:0
end_of_record
TN:
SF:src\assets\FundoIcon.png
FNF:0
FNH:0
DA:1,3
LF:1
LH:1
BRF:0
BRH:0
end_of_record
TN:
SF:src\assets\backgroundIcon.png
FNF:0
FNH:0
DA:1,1
LF:1
LH:1
BRF:0
BRH:0
end_of_record
TN:
SF:src\assets\bulb.png
FNF:0
FNH:0
DA:1,1
LF:1
LH:1
BRF:0
BRH:0
end_of_record
TN:
SF:src\assets\hidePasswordIcon.png
FNF:0
FNH:0
DA:1,2
LF:1
LH:1
BRF:0
BRH:0
end_of_record
TN:
SF:src\assets\profilePic.jpg
FNF:0
FNH:0
DA:1,1
LF:1
LH:1
BRF:0
BRH:0
end_of_record
TN:
SF:src\assets\showPasswordIcon.png
FNF:0
FNH:0
DA:1,2
LF:1
LH:1
BRF:0
BRH:0
end_of_record
TN:
SF:src\components\AddNewNotesScreen.js
FN:7,_interopRequireDefault
FN:7,_getRequireWildcardCache
FN:7,_getRequireWildcardCache
FN:7,_interopRequireWildcard
FN:7,_classCallCheck
FN:7,_defineProperties
FN:7,_createClass
FN:7,_inherits
FN:7,_setPrototypeOf
FN:7,_setPrototypeOf
FN:7,_createSuper
FN:7,_createSuperInternal
FN:7,_possibleConstructorReturn
FN:7,_assertThisInitialized
FN:7,_isNativeReflectConstruct
FN:7,(anonymous_15)
FN:7,_getPrototypeOf
FN:7,_getPrototypeOf
FN:9,(anonymous_18)
FN:10,AddNewNotes
FN:21,_callee
FN:21,_callee$
FN:27,_callee2
FN:27,_callee2$
FN:33,_callee3
FN:33,_callee3$
FN:39,(anonymous_26)
FN:42,(anonymous_27)
FN:47,(anonymous_28)
FN:50,(anonymous_29)
FN:59,_callee4
FN:59,_callee4$
FN:65,(anonymous_32)
FN:69,(anonymous_33)
FN:72,(anonymous_34)
FN:80,_callee5
FN:80,_callee5$
FN:82,render
FN:136,onPress
FN:142,ref
FN:160,icon
FNF:41
FNH:15
FNDA:3,_interopRequireDefault
FNDA:1,_getRequireWildcardCache
FNDA:0,_getRequireWildcardCache
FNDA:1,_interopRequireWildcard
FNDA:5,_classCallCheck
FNDA:1,_defineProperties
FNDA:1,_createClass
FNDA:1,_inherits
FNDA:1,_setPrototypeOf
FNDA:0,_setPrototypeOf
FNDA:1,_createSuper
FNDA:5,_createSuperInternal
FNDA:5,_possibleConstructorReturn
FNDA:0,_assertThisInitialized
FNDA:1,_isNativeReflectConstruct
FNDA:0,(anonymous_15)
FNDA:1,_getPrototypeOf
FNDA:0,_getPrototypeOf
FNDA:1,(anonymous_18)
FNDA:5,AddNewNotes
FNDA:0,_callee
FNDA:0,_callee$
FNDA:0,_callee2
FNDA:0,_callee2$
FNDA:0,_callee3
FNDA:0,_callee3$
FNDA:0,(anonymous_26)
FNDA:0,(anonymous_27)
FNDA:0,(anonymous_28)
FNDA:0,(anonymous_29)
FNDA:0,_callee4
FNDA:0,_callee4$
FNDA:0,(anonymous_32)
FNDA:0,(anonymous_33)
FNDA:0,(anonymous_34)
FNDA:0,_callee5
FNDA:0,_callee5$
FNDA:0,render
FNDA:0,onPress
FNDA:0,ref
FNDA:0,icon
DA:1,1
DA:2,1
DA:3,1
DA:4,1
DA:5,1
DA:6,1
DA:7,28
DA:9,1
DA:10,5
DA:11,5
DA:21,0
DA:23,5
DA:27,0
DA:29,5
DA:33,0
DA:34,0
DA:35,0
DA:37,0
DA:38,0
DA:40,0
DA:42,0
DA:45,0
DA:46,0
DA:48,0
DA:50,0
DA:54,0
DA:56,5
DA:59,0
DA:60,0
DA:61,0
DA:62,5
DA:66,0
DA:67,0
DA:68,0
DA:70,0
DA:72,0
DA:74,0
DA:78,5
DA:80,0
DA:82,5
DA:86,0
DA:87,0
DA:136,0
DA:142,0
DA:160,0
DA:177,1
LF:46
LH:17
BRDA:7,0,0,3
BRDA:7,0,1,0
BRDA:7,1,0,3
BRDA:7,1,1,3
BRDA:7,2,0,0
BRDA:7,2,1,1
BRDA:7,3,0,0
BRDA:7,3,1,1
BRDA:7,4,0,1
BRDA:7,4,1,1
BRDA:7,5,0,0
BRDA:7,5,1,1
BRDA:7,6,0,1
BRDA:7,6,1,1
BRDA:7,6,2,0
BRDA:7,7,0,0
BRDA:7,7,1,1
BRDA:7,8,0,1
BRDA:7,8,1,1
BRDA:7,9,0,1
BRDA:7,9,1,1
BRDA:7,10,0,28
BRDA:7,10,1,0
BRDA:7,11,0,28
BRDA:7,11,1,0
BRDA:7,12,0,0
BRDA:7,12,1,28
BRDA:7,13,0,28
BRDA:7,13,1,28
BRDA:7,13,2,28
BRDA:7,14,0,1
BRDA:7,14,1,0
BRDA:7,15,0,0
BRDA:7,15,1,5
BRDA:7,16,0,1
BRDA:7,16,1,1
BRDA:7,17,0,1
BRDA:7,17,1,0
BRDA:7,18,0,1
BRDA:7,18,1,0
BRDA:7,19,0,0
BRDA:7,19,1,1
BRDA:7,20,0,0
BRDA:7,20,1,1
BRDA:7,21,0,1
BRDA:7,21,1,0
BRDA:7,22,0,1
BRDA:7,22,1,1
BRDA:7,23,0,1
BRDA:7,23,1,0
BRDA:7,24,0,1
BRDA:7,24,1,0
BRDA:7,25,0,5
BRDA:7,25,1,0
BRDA:7,26,0,5
BRDA:7,26,1,0
BRDA:7,27,0,5
BRDA:7,27,1,5
BRDA:7,27,2,0
BRDA:7,28,0,0
BRDA:7,28,1,0
BRDA:7,29,0,0
BRDA:7,29,1,1
BRDA:7,30,0,1
BRDA:7,30,1,1
BRDA:7,31,0,0
BRDA:7,31,1,1
BRDA:7,32,0,1
BRDA:7,32,1,0
BRDA:7,33,0,1
BRDA:7,33,1,0
BRDA:7,34,0,0
BRDA:7,34,1,0
BRDA:21,35,0,0
BRDA:21,35,1,0
BRDA:21,35,2,0
BRDA:27,36,0,0
BRDA:27,36,1,0
BRDA:27,36,2,0
BRDA:33,37,0,0
BRDA:33,37,1,0
BRDA:33,37,2,0
BRDA:35,38,0,0
BRDA:35,38,1,0
BRDA:35,39,0,0
BRDA:35,39,1,0
BRDA:37,40,0,0
BRDA:37,40,1,0
BRDA:45,41,0,0
BRDA:45,41,1,0
BRDA:59,42,0,0
BRDA:59,42,1,0
BRDA:59,42,2,0
BRDA:67,43,0,0
BRDA:67,43,1,0
BRDA:67,44,0,0
BRDA:67,44,1,0
BRDA:80,45,0,0
BRDA:80,45,1,0
BRDA:80,45,2,0
BRF:100
BRH:44
end_of_record
TN:
SF:src\components\ForgotPasswordScreen.js
FN:5,_interopRequireDefault
FN:5,_getRequireWildcardCache
FN:5,_getRequireWildcardCache
FN:5,_interopRequireWildcard
FN:5,_classCallCheck
FN:5,_defineProperties
FN:5,_createClass
FN:5,_inherits
FN:5,_setPrototypeOf
FN:5,_setPrototypeOf
FN:5,_createSuper
FN:5,_createSuperInternal
FN:5,_possibleConstructorReturn
FN:5,_assertThisInitialized
FN:5,_isNativeReflectConstruct
FN:5,(anonymous_15)
FN:5,_getPrototypeOf
FN:5,_getPrototypeOf
FN:7,(anonymous_18)
FN:8,ForgotPasswordScreen
FN:18,_callee
FN:18,_callee$
FN:27,_callee3
FN:27,_callee3$
FN:31,_callee2
FN:31,_callee2$
FN:39,(anonymous_26)
FN:55,render
FNF:28
FNH:23
FNDA:2,_interopRequireDefault
FNDA:1,_getRequireWildcardCache
FNDA:0,_getRequireWildcardCache
FNDA:1,_interopRequireWildcard
FNDA:6,_classCallCheck
FNDA:1,_defineProperties
FNDA:1,_createClass
FNDA:1,_inherits
FNDA:1,_setPrototypeOf
FNDA:0,_setPrototypeOf
FNDA:1,_createSuper
FNDA:6,_createSuperInternal
FNDA:6,_possibleConstructorReturn
FNDA:0,_assertThisInitialized
FNDA:1,_isNativeReflectConstruct
FNDA:0,(anonymous_15)
FNDA:1,_getPrototypeOf
FNDA:0,_getPrototypeOf
FNDA:1,(anonymous_18)
FNDA:6,ForgotPasswordScreen
FNDA:5,_callee
FNDA:10,_callee$
FNDA:4,_callee3
FNDA:7,_callee3$
FNDA:1,_callee2
FNDA:2,_callee2$
FNDA:2,(anonymous_26)
FNDA:15,render
DA:1,1
DA:2,1
DA:3,1
DA:4,1
DA:5,28
DA:7,1
DA:8,6
DA:9,6
DA:18,10
DA:23,6
DA:27,11
DA:28,4
DA:29,3
DA:31,2
DA:36,1
DA:40,2
DA:41,1
DA:44,1
DA:45,1
DA:49,3
DA:51,1
DA:55,6
DA:59,15
DA:96,1
LF:24
LH:24
BRDA:5,0,0,2
BRDA:5,0,1,0
BRDA:5,1,0,2
BRDA:5,1,1,2
BRDA:5,2,0,0
BRDA:5,2,1,1
BRDA:5,3,0,0
BRDA:5,3,1,1
BRDA:5,4,0,1
BRDA:5,4,1,1
BRDA:5,5,0,0
BRDA:5,5,1,1
BRDA:5,6,0,1
BRDA:5,6,1,1
BRDA:5,6,2,0
BRDA:5,7,0,0
BRDA:5,7,1,1
BRDA:5,8,0,1
BRDA:5,8,1,1
BRDA:5,9,0,1
BRDA:5,9,1,1
BRDA:5,10,0,28
BRDA:5,10,1,0
BRDA:5,11,0,28
BRDA:5,11,1,0
BRDA:5,12,0,0
BRDA:5,12,1,28
BRDA:5,13,0,28
BRDA:5,13,1,28
BRDA:5,13,2,28
BRDA:5,14,0,1
BRDA:5,14,1,0
BRDA:5,15,0,0
BRDA:5,15,1,6
BRDA:5,16,0,1
BRDA:5,16,1,1
BRDA:5,17,0,1
BRDA:5,17,1,0
BRDA:5,18,0,1
BRDA:5,18,1,0
BRDA:5,19,0,0
BRDA:5,19,1,1
BRDA:5,20,0,0
BRDA:5,20,1,1
BRDA:5,21,0,1
BRDA:5,21,1,0
BRDA:5,22,0,1
BRDA:5,22,1,1
BRDA:5,23,0,1
BRDA:5,23,1,0
BRDA:5,24,0,1
BRDA:5,24,1,0
BRDA:5,25,0,6
BRDA:5,25,1,0
BRDA:5,26,0,6
BRDA:5,26,1,0
BRDA:5,27,0,6
BRDA:5,27,1,6
BRDA:5,27,2,0
BRDA:5,28,0,0
BRDA:5,28,1,0
BRDA:5,29,0,0
BRDA:5,29,1,1
BRDA:5,30,0,1
BRDA:5,30,1,1
BRDA:5,31,0,0
BRDA:5,31,1,1
BRDA:5,32,0,1
BRDA:5,32,1,0
BRDA:5,33,0,1
BRDA:5,33,1,0
BRDA:5,34,0,0
BRDA:5,34,1,0
BRDA:18,35,0,5
BRDA:18,35,1,5
BRDA:18,35,2,5
BRDA:27,36,0,4
BRDA:27,36,1,3
BRDA:27,36,2,1
BRDA:27,36,3,4
BRDA:27,36,4,4
BRDA:27,36,5,4
BRDA:28,37,0,1
BRDA:28,37,1,3
BRDA:29,38,0,4
BRDA:29,38,1,4
BRDA:31,39,0,1
BRDA:31,39,1,1
BRDA:31,39,2,1
BRDA:31,39,3,1
BRDA:40,40,0,1
BRDA:40,40,1,1
BRDA:44,41,0,1
BRDA:44,41,1,0
BRDA:55,42,0,0
BRDA:55,42,1,4
BRDA:77,43,0,1
BRDA:77,43,1,14
BRDA:80,44,0,2
BRDA:80,44,1,13
BRDA:85,45,0,1
BRDA:85,45,1,14
BRF:102
BRH:71
end_of_record
TN:
SF:src\components\LogInScreen.js
FN:8,_interopRequireDefault
FN:8,_getRequireWildcardCache
FN:8,_getRequireWildcardCache
FN:8,_interopRequireWildcard
FN:8,_classCallCheck
FN:8,_defineProperties
FN:8,_createClass
FN:8,_inherits
FN:8,_setPrototypeOf
FN:8,_setPrototypeOf
FN:8,_createSuper
FN:8,_createSuperInternal
FN:8,_possibleConstructorReturn
FN:8,_assertThisInitialized
FN:8,_isNativeReflectConstruct
FN:8,(anonymous_15)
FN:8,_getPrototypeOf
FN:8,_getPrototypeOf
FN:10,(anonymous_18)
FN:11,LogInScreen
FN:37,_callee
FN:37,_callee$
FN:45,_callee2
FN:45,_callee2$
FN:53,_callee3
FN:53,_callee3$
FN:69,_callee5
FN:69,_callee5$
FN:73,_callee4
FN:73,_callee4$
FN:78,(anonymous_30)
FN:110,_callee6
FN:110,_callee6$
FN:121,(anonymous_33)
FN:127,(anonymous_34)
FN:133,_callee8
FN:133,_callee8$
FN:135,_callee7
FN:135,_callee7$
FN:143,(anonymous_39)
FN:145,componentDidMount
FN:145,componentDidMount$
FN:145,render
FNF:43
FNH:33
FNDA:4,_interopRequireDefault
FNDA:1,_getRequireWildcardCache
FNDA:0,_getRequireWildcardCache
FNDA:1,_interopRequireWildcard
FNDA:11,_classCallCheck
FNDA:1,_defineProperties
FNDA:1,_createClass
FNDA:1,_inherits
FNDA:1,_setPrototypeOf
FNDA:0,_setPrototypeOf
FNDA:1,_createSuper
FNDA:11,_createSuperInternal
FNDA:11,_possibleConstructorReturn
FNDA:0,_assertThisInitialized
FNDA:1,_isNativeReflectConstruct
FNDA:0,(anonymous_15)
FNDA:1,_getPrototypeOf
FNDA:0,_getPrototypeOf
FNDA:1,(anonymous_18)
FNDA:11,LogInScreen
FNDA:5,_callee
FNDA:10,_callee$
FNDA:5,_callee2
FNDA:10,_callee2$
FNDA:2,_callee3
FNDA:2,_callee3$
FNDA:5,_callee5
FNDA:10,_callee5$
FNDA:1,_callee4
FNDA:2,_callee4$
FNDA:3,(anonymous_30)
FNDA:1,_callee6
FNDA:3,_callee6$
FNDA:1,(anonymous_33)
FNDA:1,(anonymous_34)
FNDA:0,_callee8
FNDA:0,_callee8$
FNDA:0,_callee7
FNDA:0,_callee7$
FNDA:0,(anonymous_39)
FNDA:11,componentDidMount
FNDA:22,componentDidMount$
FNDA:30,render
DA:1,1
DA:2,1
DA:3,1
DA:4,1
DA:5,1
DA:6,1
DA:7,1
DA:8,28
DA:10,1
DA:11,11
DA:12,11
DA:37,10
DA:41,11
DA:45,10
DA:49,11
DA:53,2
DA:54,2
DA:55,2
DA:56,2
DA:57,1
DA:62,1
DA:66,11
DA:69,15
DA:70,5
DA:71,4
DA:73,2
DA:74,1
DA:76,1
DA:79,3
DA:80,1
DA:83,2
DA:84,1
DA:88,1
DA:89,1
DA:93,4
DA:96,1
DA:97,1
DA:101,1
DA:102,1
DA:107,11
DA:110,4
DA:113,1
DA:115,1
DA:117,11
DA:122,1
DA:123,1
DA:124,1
DA:125,11
DA:128,1
DA:129,1
DA:130,1
DA:131,11
DA:133,0
DA:134,0
DA:135,0
DA:137,0
DA:141,0
DA:144,0
DA:145,33
DA:149,30
DA:226,1
LF:61
LH:55
BRDA:8,0,0,2
BRDA:8,0,1,2
BRDA:8,1,0,4
BRDA:8,1,1,4
BRDA:8,2,0,0
BRDA:8,2,1,1
BRDA:8,3,0,0
BRDA:8,3,1,1
BRDA:8,4,0,1
BRDA:8,4,1,1
BRDA:8,5,0,0
BRDA:8,5,1,1
BRDA:8,6,0,1
BRDA:8,6,1,1
BRDA:8,6,2,0
BRDA:8,7,0,0
BRDA:8,7,1,1
BRDA:8,8,0,1
BRDA:8,8,1,1
BRDA:8,9,0,1
BRDA:8,9,1,1
BRDA:8,10,0,28
BRDA:8,10,1,0
BRDA:8,11,0,28
BRDA:8,11,1,0
BRDA:8,12,0,0
BRDA:8,12,1,28
BRDA:8,13,0,28
BRDA:8,13,1,28
BRDA:8,13,2,28
BRDA:8,14,0,1
BRDA:8,14,1,0
BRDA:8,15,0,0
BRDA:8,15,1,11
BRDA:8,16,0,2
BRDA:8,16,1,2
BRDA:8,17,0,2
BRDA:8,17,1,0
BRDA:8,18,0,1
BRDA:8,18,1,0
BRDA:8,19,0,0
BRDA:8,19,1,1
BRDA:8,20,0,0
BRDA:8,20,1,1
BRDA:8,21,0,1
BRDA:8,21,1,0
BRDA:8,22,0,1
BRDA:8,22,1,1
BRDA:8,23,0,1
BRDA:8,23,1,0
BRDA:8,24,0,1
BRDA:8,24,1,0
BRDA:8,25,0,11
BRDA:8,25,1,0
BRDA:8,26,0,11
BRDA:8,26,1,0
BRDA:8,27,0,11
BRDA:8,27,1,11
BRDA:8,27,2,0
BRDA:8,28,0,0
BRDA:8,28,1,0
BRDA:8,29,0,0
BRDA:8,29,1,1
BRDA:8,30,0,1
BRDA:8,30,1,1
BRDA:8,31,0,0
BRDA:8,31,1,1
BRDA:8,32,0,1
BRDA:8,32,1,0
BRDA:8,33,0,1
BRDA:8,33,1,0
BRDA:8,34,0,0
BRDA:8,34,1,0
BRDA:37,35,0,5
BRDA:37,35,1,5
BRDA:37,35,2,5
BRDA:45,36,0,5
BRDA:45,36,1,5
BRDA:45,36,2,5
BRDA:53,37,0,2
BRDA:53,37,1,2
BRDA:53,37,2,2
BRDA:56,38,0,1
BRDA:56,38,1,1
BRDA:66,39,0,0
BRDA:66,39,1,2
BRDA:69,40,0,5
BRDA:69,40,1,4
BRDA:69,40,2,1
BRDA:69,40,3,5
BRDA:69,40,4,4
BRDA:69,40,5,5
BRDA:70,41,0,1
BRDA:70,41,1,4
BRDA:71,42,0,5
BRDA:71,42,1,4
BRDA:73,43,0,1
BRDA:73,43,1,1
BRDA:73,43,2,1
BRDA:73,43,3,1
BRDA:79,44,0,1
BRDA:79,44,1,2
BRDA:83,45,0,1
BRDA:83,45,1,1
BRDA:88,46,0,1
BRDA:88,46,1,0
BRDA:96,47,0,1
BRDA:96,47,1,0
BRDA:101,48,0,1
BRDA:101,48,1,0
BRDA:110,49,0,1
BRDA:110,49,1,1
BRDA:110,49,2,1
BRDA:110,49,3,0
BRDA:110,49,4,1
BRDA:110,49,5,1
BRDA:133,50,0,0
BRDA:133,50,1,0
BRDA:133,50,2,0
BRDA:135,51,0,0
BRDA:135,51,1,0
BRDA:135,51,2,0
BRDA:135,51,3,0
BRDA:145,52,0,11
BRDA:145,52,1,11
BRDA:145,52,2,0
BRDA:145,52,3,11
BRDA:145,52,4,11
BRDA:145,53,0,0
BRDA:145,53,1,11
BRDA:164,54,0,2
BRDA:164,54,1,28
BRDA:167,55,0,28
BRDA:167,55,1,2
BRDA:167,56,0,30
BRDA:167,56,1,2
BRDA:179,57,0,29
BRDA:179,57,1,1
BRDA:195,58,0,1
BRDA:195,58,1,29
BRDA:198,59,0,29
BRDA:198,59,1,1
BRDA:198,60,0,30
BRDA:198,60,1,1
BRF:144
BRH:102
end_of_record
TN:
SF:src\components\SignUpScreen.js
FN:5,_interopRequireDefault
FN:5,_getRequireWildcardCache
FN:5,_getRequireWildcardCache
FN:5,_interopRequireWildcard
FN:5,_classCallCheck
FN:5,_defineProperties
FN:5,_createClass
FN:5,_inherits
FN:5,_setPrototypeOf
FN:5,_setPrototypeOf
FN:5,_createSuper
FN:5,_createSuperInternal
FN:5,_possibleConstructorReturn
FN:5,_assertThisInitialized
FN:5,_isNativeReflectConstruct
FN:5,(anonymous_15)
FN:5,_getPrototypeOf
FN:5,_getPrototypeOf
FN:7,(anonymous_18)
FN:8,LogInScreen
FN:33,_callee
FN:33,_callee$
FN:45,_callee2
FN:45,_callee2$
FN:57,_callee3
FN:57,_callee3$
FN:66,_callee4
FN:66,_callee4$
FN:80,_callee5
FN:80,_callee5$
FN:89,_callee6
FN:89,_callee6$
FN:104,_callee7
FN:104,_callee7$
FN:111,_callee8
FN:111,_callee8$
FN:127,_callee9
FN:127,_callee9$
FN:143,_callee10
FN:143,_callee10$
FN:155,(anonymous_40)
FN:159,(anonymous_41)
FN:201,(anonymous_42)
FN:205,render
FNF:44
FNH:38
FNDA:2,_interopRequireDefault
FNDA:1,_getRequireWildcardCache
FNDA:0,_getRequireWildcardCache
FNDA:1,_interopRequireWildcard
FNDA:16,_classCallCheck
FNDA:1,_defineProperties
FNDA:1,_createClass
FNDA:1,_inherits
FNDA:1,_setPrototypeOf
FNDA:0,_setPrototypeOf
FNDA:1,_createSuper
FNDA:16,_createSuperInternal
FNDA:16,_possibleConstructorReturn
FNDA:0,_assertThisInitialized
FNDA:1,_isNativeReflectConstruct
FNDA:0,(anonymous_15)
FNDA:1,_getPrototypeOf
FNDA:0,_getPrototypeOf
FNDA:1,(anonymous_18)
FNDA:16,LogInScreen
FNDA:1,_callee
FNDA:2,_callee$
FNDA:1,_callee2
FNDA:2,_callee2$
FNDA:1,_callee3
FNDA:2,_callee3$
FNDA:3,_callee4
FNDA:3,_callee4$
FNDA:1,_callee5
FNDA:2,_callee5$
FNDA:3,_callee6
FNDA:3,_callee6$
FNDA:1,_callee7
FNDA:2,_callee7$
FNDA:2,_callee8
FNDA:2,_callee8$
FNDA:2,_callee9
FNDA:2,_callee9$
FNDA:4,_callee10
FNDA:4,_callee10$
FNDA:0,(anonymous_40)
FNDA:3,(anonymous_41)
FNDA:1,(anonymous_42)
FNDA:49,render
DA:1,1
DA:2,1
DA:3,1
DA:4,1
DA:5,28
DA:7,1
DA:8,16
DA:9,16
DA:33,2
DA:39,1
DA:40,1
DA:42,16
DA:45,2
DA:51,1
DA:52,1
DA:54,16
DA:57,2
DA:63,16
DA:66,3
DA:67,3
DA:68,3
DA:69,2
DA:73,1
DA:77,16
DA:80,2
DA:86,16
DA:89,3
DA:90,3
DA:91,3
DA:92,2
DA:97,1
DA:101,16
DA:104,2
DA:107,16
DA:111,2
DA:112,2
DA:113,2
DA:115,2
DA:116,1
DA:120,1
DA:124,16
DA:127,2
DA:128,2
DA:129,2
DA:131,2
DA:132,1
DA:136,1
DA:140,16
DA:143,4
DA:144,4
DA:145,4
DA:154,3
DA:156,0
DA:157,0
DA:160,3
DA:161,2
DA:165,3
DA:166,1
DA:172,1
DA:173,1
DA:177,1
DA:178,1
DA:182,1
DA:183,1
DA:187,1
DA:188,1
DA:192,1
DA:193,1
DA:198,16
DA:202,1
DA:203,1
DA:204,1
DA:205,16
DA:208,49
DA:349,1
LF:75
LH:73
BRDA:5,0,0,2
BRDA:5,0,1,0
BRDA:5,1,0,2
BRDA:5,1,1,2
BRDA:5,2,0,0
BRDA:5,2,1,1
BRDA:5,3,0,0
BRDA:5,3,1,1
BRDA:5,4,0,1
BRDA:5,4,1,1
BRDA:5,5,0,0
BRDA:5,5,1,1
BRDA:5,6,0,1
BRDA:5,6,1,1
BRDA:5,6,2,0
BRDA:5,7,0,0
BRDA:5,7,1,1
BRDA:5,8,0,1
BRDA:5,8,1,1
BRDA:5,9,0,1
BRDA:5,9,1,1
BRDA:5,10,0,28
BRDA:5,10,1,0
BRDA:5,11,0,28
BRDA:5,11,1,0
BRDA:5,12,0,0
BRDA:5,12,1,28
BRDA:5,13,0,28
BRDA:5,13,1,28
BRDA:5,13,2,28
BRDA:5,14,0,1
BRDA:5,14,1,0
BRDA:5,15,0,0
BRDA:5,15,1,16
BRDA:5,16,0,1
BRDA:5,16,1,1
BRDA:5,17,0,1
BRDA:5,17,1,0
BRDA:5,18,0,1
BRDA:5,18,1,0
BRDA:5,19,0,0
BRDA:5,19,1,1
BRDA:5,20,0,0
BRDA:5,20,1,1
BRDA:5,21,0,1
BRDA:5,21,1,0
BRDA:5,22,0,1
BRDA:5,22,1,1
BRDA:5,23,0,1
BRDA:5,23,1,0
BRDA:5,24,0,1
BRDA:5,24,1,0
BRDA:5,25,0,16
BRDA:5,25,1,0
BRDA:5,26,0,16
BRDA:5,26,1,0
BRDA:5,27,0,16
BRDA:5,27,1,16
BRDA:5,27,2,0
BRDA:5,28,0,0
BRDA:5,28,1,0
BRDA:5,29,0,0
BRDA:5,29,1,1
BRDA:5,30,0,1
BRDA:5,30,1,1
BRDA:5,31,0,0
BRDA:5,31,1,1
BRDA:5,32,0,1
BRDA:5,32,1,0
BRDA:5,33,0,1
BRDA:5,33,1,0
BRDA:5,34,0,0
BRDA:5,34,1,0
BRDA:33,35,0,1
BRDA:33,35,1,1
BRDA:33,35,2,1
BRDA:33,35,3,1
BRDA:40,36,0,1
BRDA:40,36,1,0
BRDA:45,37,0,1
BRDA:45,37,1,1
BRDA:45,37,2,1
BRDA:45,37,3,1
BRDA:52,38,0,1
BRDA:52,38,1,0
BRDA:57,39,0,1
BRDA:57,39,1,1
BRDA:57,39,2,1
BRDA:57,39,3,1
BRDA:66,40,0,3
BRDA:66,40,1,3
BRDA:66,40,2,3
BRDA:68,41,0,2
BRDA:68,41,1,1
BRDA:80,42,0,1
BRDA:80,42,1,1
BRDA:80,42,2,1
BRDA:80,42,3,1
BRDA:89,43,0,3
BRDA:89,43,1,3
BRDA:89,43,2,3
BRDA:91,44,0,2
BRDA:91,44,1,1
BRDA:104,45,0,1
BRDA:104,45,1,1
BRDA:104,45,2,1
BRDA:111,46,0,2
BRDA:111,46,1,2
BRDA:111,46,2,2
BRDA:115,47,0,1
BRDA:115,47,1,1
BRDA:124,48,0,0
BRDA:124,48,1,2
BRDA:127,49,0,2
BRDA:127,49,1,2
BRDA:127,49,2,2
BRDA:131,50,0,1
BRDA:131,50,1,1
BRDA:140,51,0,0
BRDA:140,51,1,2
BRDA:143,52,0,4
BRDA:143,52,1,4
BRDA:143,52,2,4
BRDA:145,53,0,3
BRDA:145,53,1,1
BRDA:145,54,0,4
BRDA:145,54,1,4
BRDA:145,54,2,4
BRDA:145,54,3,4
BRDA:145,54,4,4
BRDA:145,54,5,3
BRDA:145,54,6,3
BRDA:145,54,7,3
BRDA:145,54,8,3
BRDA:160,55,0,2
BRDA:160,55,1,1
BRDA:165,56,0,1
BRDA:165,56,1,2
BRDA:172,57,0,1
BRDA:172,57,1,0
BRDA:177,58,0,1
BRDA:177,58,1,0
BRDA:182,59,0,1
BRDA:182,59,1,0
BRDA:187,60,0,1
BRDA:187,60,1,0
BRDA:192,61,0,1
BRDA:192,61,1,0
BRDA:198,62,0,0
BRDA:198,62,1,4
BRDA:227,63,0,5
BRDA:227,63,1,44
BRDA:230,64,0,49
BRDA:230,64,1,0
BRDA:230,65,0,49
BRDA:230,65,1,0
BRDA:243,66,0,4
BRDA:243,66,1,45
BRDA:246,67,0,49
BRDA:246,67,1,0
BRDA:246,68,0,49
BRDA:246,68,1,0
BRDA:259,69,0,3
BRDA:259,69,1,46
BRDA:275,70,0,48
BRDA:275,70,1,1
BRDA:291,71,0,2
BRDA:291,71,1,47
BRDA:294,72,0,48
BRDA:294,72,1,1
BRDA:294,73,0,49
BRDA:294,73,1,1
BRDA:294,73,2,1
BRDA:307,74,0,48
BRDA:307,74,1,1
BRDA:323,75,0,1
BRDA:323,75,1,48
BRDA:326,76,0,48
BRDA:326,76,1,1
BRF:179
BRH:136
end_of_record
TN:
SF:src\components\DashboardComponents\BottomBar.js
FN:3,_interopRequireDefault
FN:3,_getRequireWildcardCache
FN:3,_getRequireWildcardCache
FN:3,_interopRequireWildcard
FN:3,_classCallCheck
FN:3,_defineProperties
FN:3,_createClass
FN:3,_inherits
FN:3,_setPrototypeOf
FN:3,_setPrototypeOf
FN:3,_createSuper
FN:3,_createSuperInternal
FN:3,_possibleConstructorReturn
FN:3,_assertThisInitialized
FN:3,_isNativeReflectConstruct
FN:3,(anonymous_15)
FN:3,_getPrototypeOf
FN:3,_getPrototypeOf
FN:5,(anonymous_18)
FN:5,ToolBar
FN:6,(anonymous_20)
FN:10,render
FNF:22
FNH:17
FNDA:2,_interopRequireDefault
FNDA:2,_getRequireWildcardCache
FNDA:0,_getRequireWildcardCache
FNDA:2,_interopRequireWildcard
FNDA:3,_classCallCheck
FNDA:2,_defineProperties
FNDA:2,_createClass
FNDA:2,_inherits
FNDA:2,_setPrototypeOf
FNDA:0,_setPrototypeOf
FNDA:2,_createSuper
FNDA:3,_createSuperInternal
FNDA:3,_possibleConstructorReturn
FNDA:0,_assertThisInitialized
FNDA:2,_isNativeReflectConstruct
FNDA:0,(anonymous_15)
FNDA:1,_getPrototypeOf
FNDA:0,_getPrototypeOf
FNDA:2,(anonymous_18)
FNDA:3,ToolBar
FNDA:1,(anonymous_20)
FNDA:3,render
DA:1,2
DA:2,2
DA:3,56
DA:5,9
DA:7,1
DA:8,1
DA:9,1
DA:10,3
DA:13,3
DA:43,2
LF:10
LH:10
BRDA:3,0,0,2
BRDA:3,0,1,0
BRDA:3,1,0,2
BRDA:3,1,1,2
BRDA:3,2,0,0
BRDA:3,2,1,2
BRDA:3,3,0,0
BRDA:3,3,1,2
BRDA:3,4,0,2
BRDA:3,4,1,2
BRDA:3,5,0,0
BRDA:3,5,1,2
BRDA:3,6,0,2
BRDA:3,6,1,2
BRDA:3,6,2,0
BRDA:3,7,0,0
BRDA:3,7,1,2
BRDA:3,8,0,2
BRDA:3,8,1,2
BRDA:3,9,0,2
BRDA:3,9,1,2
BRDA:3,10,0,56
BRDA:3,10,1,0
BRDA:3,11,0,56
BRDA:3,11,1,0
BRDA:3,12,0,0
BRDA:3,12,1,56
BRDA:3,13,0,56
BRDA:3,13,1,56
BRDA:3,13,2,56
BRDA:3,14,0,2
BRDA:3,14,1,0
BRDA:3,15,0,0
BRDA:3,15,1,3
BRDA:3,16,0,2
BRDA:3,16,1,2
BRDA:3,17,0,2
BRDA:3,17,1,0
BRDA:3,18,0,2
BRDA:3,18,1,0
BRDA:3,19,0,0
BRDA:3,19,1,2
BRDA:3,20,0,0
BRDA:3,20,1,2
BRDA:3,21,0,2
BRDA:3,21,1,0
BRDA:3,22,0,2
BRDA:3,22,1,2
BRDA:3,23,0,2
BRDA:3,23,1,0
BRDA:3,24,0,2
BRDA:3,24,1,0
BRDA:3,25,0,3
BRDA:3,25,1,0
BRDA:3,26,0,3
BRDA:3,26,1,0
BRDA:3,27,0,3
BRDA:3,27,1,3
BRDA:3,27,2,0
BRDA:3,28,0,0
BRDA:3,28,1,0
BRDA:3,29,0,0
BRDA:3,29,1,2
BRDA:3,30,0,2
BRDA:3,30,1,2
BRDA:3,31,0,0
BRDA:3,31,1,2
BRDA:3,32,0,2
BRDA:3,32,1,0
BRDA:3,33,0,1
BRDA:3,33,1,0
BRDA:3,34,0,0
BRDA:3,34,1,0
BRF:73
BRH:44
end_of_record
TN:
SF:src\components\DashboardComponents\DashBoardScreen.js
FN:7,_interopRequireDefault
FN:7,_getRequireWildcardCache
FN:7,_getRequireWildcardCache
FN:7,_interopRequireWildcard
FN:7,_classCallCheck
FN:7,_defineProperties
FN:7,_createClass
FN:7,_inherits
FN:7,_setPrototypeOf
FN:7,_setPrototypeOf
FN:7,_createSuper
FN:7,_createSuperInternal
FN:7,_possibleConstructorReturn
FN:7,_assertThisInitialized
FN:7,_isNativeReflectConstruct
FN:7,(anonymous_15)
FN:7,_getPrototypeOf
FN:7,_getPrototypeOf
FN:9,(anonymous_18)
FN:10,Dashboard
FN:34,(anonymous_20)
FN:42,_callee
FN:42,_callee$
FN:51,_callee2
FN:51,_callee2$
FN:60,(anonymous_25)
FN:63,(anonymous_26)
FN:64,(anonymous_27)
FN:66,componentDidMount
FN:66,componentDidMount$
FN:66,render
FNF:31
FNH:24
FNDA:4,_interopRequireDefault
FNDA:1,_getRequireWildcardCache
FNDA:0,_getRequireWildcardCache
FNDA:1,_interopRequireWildcard
FNDA:5,_classCallCheck
FNDA:1,_defineProperties
FNDA:1,_createClass
FNDA:1,_inherits
FNDA:1,_setPrototypeOf
FNDA:0,_setPrototypeOf
FNDA:1,_createSuper
FNDA:5,_createSuperInternal
FNDA:5,_possibleConstructorReturn
FNDA:0,_assertThisInitialized
FNDA:1,_isNativeReflectConstruct
FNDA:0,(anonymous_15)
FNDA:1,_getPrototypeOf
FNDA:0,_getPrototypeOf
FNDA:1,(anonymous_18)
FNDA:5,Dashboard
FNDA:2,(anonymous_20)
FNDA:1,_callee
FNDA:3,_callee$
FNDA:1,_callee2
FNDA:3,_callee2$
FNDA:1,(anonymous_25)
FNDA:0,(anonymous_26)
FNDA:0,(anonymous_27)
FNDA:5,componentDidMount
FNDA:10,componentDidMount$
FNDA:9,render
DA:1,1
DA:2,1
DA:3,1
DA:4,1
DA:5,1
DA:6,1
DA:7,28
DA:9,1
DA:10,5
DA:11,5
DA:35,2
DA:36,2
DA:39,2
DA:40,5
DA:42,3
DA:43,1
DA:47,1
DA:48,5
DA:51,3
DA:52,1
DA:56,1
DA:57,5
DA:61,1
DA:62,1
DA:63,0
DA:64,0
DA:65,0
DA:66,10
DA:69,9
DA:96,1
LF:30
LH:27
BRDA:7,0,0,4
BRDA:7,0,1,0
BRDA:7,1,0,4
BRDA:7,1,1,4
BRDA:7,2,0,0
BRDA:7,2,1,1
BRDA:7,3,0,0
BRDA:7,3,1,1
BRDA:7,4,0,1
BRDA:7,4,1,1
BRDA:7,5,0,0
BRDA:7,5,1,1
BRDA:7,6,0,1
BRDA:7,6,1,1
BRDA:7,6,2,0
BRDA:7,7,0,0
BRDA:7,7,1,1
BRDA:7,8,0,1
BRDA:7,8,1,1
BRDA:7,9,0,1
BRDA:7,9,1,1
BRDA:7,10,0,28
BRDA:7,10,1,0
BRDA:7,11,0,28
BRDA:7,11,1,0
BRDA:7,12,0,0
BRDA:7,12,1,28
BRDA:7,13,0,28
BRDA:7,13,1,28
BRDA:7,13,2,28
BRDA:7,14,0,1
BRDA:7,14,1,0
BRDA:7,15,0,0
BRDA:7,15,1,5
BRDA:7,16,0,2
BRDA:7,16,1,2
BRDA:7,17,0,2
BRDA:7,17,1,0
BRDA:7,18,0,1
BRDA:7,18,1,0
BRDA:7,19,0,0
BRDA:7,19,1,1
BRDA:7,20,0,0
BRDA:7,20,1,1
BRDA:7,21,0,1
BRDA:7,21,1,0
BRDA:7,22,0,1
BRDA:7,22,1,1
BRDA:7,23,0,1
BRDA:7,23,1,0
BRDA:7,24,0,1
BRDA:7,24,1,0
BRDA:7,25,0,5
BRDA:7,25,1,0
BRDA:7,26,0,5
BRDA:7,26,1,0
BRDA:7,27,0,5
BRDA:7,27,1,5
BRDA:7,27,2,0
BRDA:7,28,0,0
BRDA:7,28,1,0
BRDA:7,29,0,0
BRDA:7,29,1,1
BRDA:7,30,0,1
BRDA:7,30,1,1
BRDA:7,31,0,0
BRDA:7,31,1,1
BRDA:7,32,0,1
BRDA:7,32,1,0
BRDA:7,33,0,1
BRDA:7,33,1,0
BRDA:7,34,0,0
BRDA:7,34,1,0
BRDA:42,35,0,1
BRDA:42,35,1,1
BRDA:42,35,2,0
BRDA:42,35,3,1
BRDA:51,36,0,1
BRDA:51,36,1,1
BRDA:51,36,2,0
BRDA:51,36,3,1
BRDA:66,37,0,5
BRDA:66,37,1,0
BRDA:66,37,2,0
BRDA:66,37,3,5
BRDA:66,38,0,0
BRDA:66,38,1,0
BRDA:66,39,0,0
BRDA:66,39,1,0
BRDA:66,40,0,0
BRDA:66,40,1,0
BRF:91
BRH:52
end_of_record
TN:
SF:src\components\DashboardComponents\NotesView.js
FN:8,_interopRequireDefault
FN:8,_getRequireWildcardCache
FN:8,_getRequireWildcardCache
FN:8,_interopRequireWildcard
FN:8,_classCallCheck
FN:8,_defineProperties
FN:8,_createClass
FN:8,_inherits
FN:8,_setPrototypeOf
FN:8,_setPrototypeOf
FN:8,_createSuper
FN:8,_createSuperInternal
FN:8,_possibleConstructorReturn
FN:8,_assertThisInitialized
FN:8,_isNativeReflectConstruct
FN:8,(anonymous_15)
FN:8,_getPrototypeOf
FN:8,_getPrototypeOf
FN:8,(anonymous_18)
FN:11,_default
FN:35,_callee2
FN:35,_callee2$
FN:37,_callee
FN:37,_callee$
FN:43,(anonymous_24)
FN:50,(anonymous_25)
FN:53,_callee3
FN:53,_callee3$
FN:64,(anonymous_28)
FN:68,isPortrait
FN:68,(anonymous_30)
FN:68,render
FN:81,(anonymous_32)
FN:86,onPress
FNF:34
FNH:20
FNDA:8,_interopRequireDefault
FNDA:2,_getRequireWildcardCache
FNDA:0,_getRequireWildcardCache
FNDA:2,_interopRequireWildcard
FNDA:3,_classCallCheck
FNDA:2,_defineProperties
FNDA:2,_createClass
FNDA:2,_inherits
FNDA:2,_setPrototypeOf
FNDA:0,_setPrototypeOf
FNDA:2,_createSuper
FNDA:3,_createSuperInternal
FNDA:3,_possibleConstructorReturn
FNDA:0,_assertThisInitialized
FNDA:2,_isNativeReflectConstruct
FNDA:0,(anonymous_15)
FNDA:1,_getPrototypeOf
FNDA:0,_getPrototypeOf
FNDA:2,(anonymous_18)
FNDA:3,_default
FNDA:3,_callee2
FNDA:3,_callee2$
FNDA:0,_callee
FNDA:0,_callee$
FNDA:0,(anonymous_24)
FNDA:0,(anonymous_25)
FNDA:0,_callee3
FNDA:0,_callee3$
FNDA:1,(anonymous_28)
FNDA:3,isPortrait
FNDA:0,(anonymous_30)
FNDA:3,render
FNDA:0,(anonymous_32)
FNDA:0,onPress
DA:1,2
DA:2,2
DA:3,2
DA:4,2
DA:5,2
DA:6,2
DA:7,2
DA:8,56
DA:11,3
DA:12,3
DA:35,3
DA:36,3
DA:37,0
DA:38,0
DA:39,0
DA:42,0
DA:43,0
DA:47,0
DA:50,3
DA:53,0
DA:54,0
DA:56,0
DA:58,0
DA:60,0
DA:61,3
DA:65,1
DA:68,3
DA:70,3
DA:71,3
DA:73,3
DA:81,0
DA:86,0
DA:112,2
LF:33
LH:20
BRDA:8,0,0,6
BRDA:8,0,1,2
BRDA:8,1,0,8
BRDA:8,1,1,8
BRDA:8,2,0,0
BRDA:8,2,1,2
BRDA:8,3,0,0
BRDA:8,3,1,2
BRDA:8,4,0,2
BRDA:8,4,1,2
BRDA:8,5,0,0
BRDA:8,5,1,2
BRDA:8,6,0,2
BRDA:8,6,1,2
BRDA:8,6,2,0
BRDA:8,7,0,0
BRDA:8,7,1,2
BRDA:8,8,0,2
BRDA:8,8,1,2
BRDA:8,9,0,2
BRDA:8,9,1,2
BRDA:8,10,0,56
BRDA:8,10,1,0
BRDA:8,11,0,56
BRDA:8,11,1,0
BRDA:8,12,0,0
BRDA:8,12,1,56
BRDA:8,13,0,56
BRDA:8,13,1,56
BRDA:8,13,2,56
BRDA:8,14,0,2
BRDA:8,14,1,0
BRDA:8,15,0,0
BRDA:8,15,1,3
BRDA:8,16,0,2
BRDA:8,16,1,2
BRDA:8,17,0,2
BRDA:8,17,1,0
BRDA:8,18,0,2
BRDA:8,18,1,0
BRDA:8,19,0,0
BRDA:8,19,1,2
BRDA:8,20,0,0
BRDA:8,20,1,2
BRDA:8,21,0,2
BRDA:8,21,1,0
BRDA:8,22,0,2
BRDA:8,22,1,2
BRDA:8,23,0,2
BRDA:8,23,1,0
BRDA:8,24,0,2
BRDA:8,24,1,0
BRDA:8,25,0,3
BRDA:8,25,1,0
BRDA:8,26,0,3
BRDA:8,26,1,0
BRDA:8,27,0,3
BRDA:8,27,1,3
BRDA:8,27,2,0
BRDA:8,28,0,0
BRDA:8,28,1,0
BRDA:8,29,0,0
BRDA:8,29,1,2
BRDA:8,30,0,2
BRDA:8,30,1,2
BRDA:8,31,0,0
BRDA:8,31,1,2
BRDA:8,32,0,2
BRDA:8,32,1,0
BRDA:8,33,0,1
BRDA:8,33,1,0
BRDA:8,34,0,0
BRDA:8,34,1,0
BRDA:35,35,0,3
BRDA:35,35,1,3
BRDA:35,35,2,3
BRDA:37,36,0,0
BRDA:37,36,1,0
BRDA:37,36,2,0
BRDA:38,37,0,0
BRDA:38,37,1,0
BRDA:44,38,0,0
BRDA:44,38,1,0
BRDA:44,39,0,0
BRDA:44,39,1,0
BRDA:53,40,0,0
BRDA:53,40,1,0
BRDA:53,40,2,0
BRDA:53,40,3,0
BRDA:53,40,4,0
BRDA:53,40,5,0
BRDA:68,41,0,3
BRDA:68,41,1,0
BRDA:68,42,0,0
BRDA:68,42,1,0
BRDA:75,43,0,3
BRDA:75,43,1,0
BRDA:82,44,0,0
BRDA:82,44,1,0
BRDA:82,45,0,0
BRDA:82,45,1,0
BRDA:85,46,0,0
BRDA:85,46,1,0
BRDA:99,47,0,3
BRDA:99,47,1,0
BRF:105
BRH:51
end_of_record
TN:
SF:src\components\DashboardComponents\ToolBar.js
FN:5,_interopRequireDefault
FN:5,_getRequireWildcardCache
FN:5,_getRequireWildcardCache
FN:5,_interopRequireWildcard
FN:5,_classCallCheck
FN:5,_defineProperties
FN:5,_createClass
FN:5,_inherits
FN:5,_setPrototypeOf
FN:5,_setPrototypeOf
FN:5,_createSuper
FN:5,_createSuperInternal
FN:5,_possibleConstructorReturn
FN:5,_assertThisInitialized
FN:5,_isNativeReflectConstruct
FN:5,(anonymous_15)
FN:5,_getPrototypeOf
FN:5,_getPrototypeOf
FN:7,(anonymous_18)
FN:8,ToolBar
FN:15,(anonymous_20)
FN:29,(anonymous_21)
FN:33,render
FNF:23
FNH:18
FNDA:2,_interopRequireDefault
FNDA:2,_getRequireWildcardCache
FNDA:0,_getRequireWildcardCache
FNDA:2,_interopRequireWildcard
FNDA:3,_classCallCheck
FNDA:2,_defineProperties
FNDA:2,_createClass
FNDA:2,_inherits
FNDA:2,_setPrototypeOf
FNDA:0,_setPrototypeOf
FNDA:2,_createSuper
FNDA:3,_createSuperInternal
FNDA:3,_possibleConstructorReturn
FNDA:0,_assertThisInitialized
FNDA:2,_isNativeReflectConstruct
FNDA:0,(anonymous_15)
FNDA:1,_getPrototypeOf
FNDA:0,_getPrototypeOf
FNDA:2,(anonymous_18)
FNDA:3,ToolBar
FNDA:2,(anonymous_20)
FNDA:1,(anonymous_21)
FNDA:6,render
DA:1,2
DA:2,2
DA:3,2
DA:4,2
DA:5,56
DA:7,2
DA:8,3
DA:9,3
DA:16,2
DA:17,2
DA:18,0
DA:22,2
DA:26,2
DA:27,3
DA:30,1
DA:31,1
DA:33,3
DA:36,6
DA:64,2
LF:19
LH:18
BRDA:5,0,0,2
BRDA:5,0,1,0
BRDA:5,1,0,2
BRDA:5,1,1,2
BRDA:5,2,0,0
BRDA:5,2,1,2
BRDA:5,3,0,0
BRDA:5,3,1,2
BRDA:5,4,0,2
BRDA:5,4,1,2
BRDA:5,5,0,0
BRDA:5,5,1,2
BRDA:5,6,0,2
BRDA:5,6,1,2
BRDA:5,6,2,0
BRDA:5,7,0,0
BRDA:5,7,1,2
BRDA:5,8,0,2
BRDA:5,8,1,2
BRDA:5,9,0,2
BRDA:5,9,1,2
BRDA:5,10,0,56
BRDA:5,10,1,0
BRDA:5,11,0,56
BRDA:5,11,1,0
BRDA:5,12,0,0
BRDA:5,12,1,56
BRDA:5,13,0,56
BRDA:5,13,1,56
BRDA:5,13,2,56
BRDA:5,14,0,2
BRDA:5,14,1,0
BRDA:5,15,0,0
BRDA:5,15,1,3
BRDA:5,16,0,2
BRDA:5,16,1,2
BRDA:5,17,0,2
BRDA:5,17,1,0
BRDA:5,18,0,2
BRDA:5,18,1,0
BRDA:5,19,0,0
BRDA:5,19,1,2
BRDA:5,20,0,0
BRDA:5,20,1,2
BRDA:5,21,0,2
BRDA:5,21,1,0
BRDA:5,22,0,2
BRDA:5,22,1,2
BRDA:5,23,0,2
BRDA:5,23,1,0
BRDA:5,24,0,2
BRDA:5,24,1,0
BRDA:5,25,0,3
BRDA:5,25,1,0
BRDA:5,26,0,3
BRDA:5,26,1,0
BRDA:5,27,0,3
BRDA:5,27,1,3
BRDA:5,27,2,0
BRDA:5,28,0,0
BRDA:5,28,1,0
BRDA:5,29,0,0
BRDA:5,29,1,2
BRDA:5,30,0,2
BRDA:5,30,1,2
BRDA:5,31,0,0
BRDA:5,31,1,2
BRDA:5,32,0,2
BRDA:5,32,1,0
BRDA:5,33,0,1
BRDA:5,33,1,0
BRDA:5,34,0,0
BRDA:5,34,1,0
BRDA:17,35,0,0
BRDA:17,35,1,2
BRDA:49,36,0,0
BRDA:49,36,1,6
BRF:77
BRH:46
end_of_record
TN:
SF:src\components\Drawer\DrawerContent.js
FN:6,_interopRequireDefault
FN:6,_getRequireWildcardCache
FN:6,_getRequireWildcardCache
FN:6,_interopRequireWildcard
FN:6,_classCallCheck
FN:6,_defineProperties
FN:6,_createClass
FN:6,_inherits
FN:6,_setPrototypeOf
FN:6,_setPrototypeOf
FN:6,_createSuper
FN:6,_createSuperInternal
FN:6,_possibleConstructorReturn
FN:6,_assertThisInitialized
FN:6,_isNativeReflectConstruct
FN:6,(anonymous_15)
FN:6,_getPrototypeOf
FN:6,_getPrototypeOf
FN:8,(anonymous_18)
FN:9,DrawerContent
FN:13,(anonymous_20)
FN:19,(anonymous_21)
FN:23,render
FNF:23
FNH:18
FNDA:1,_interopRequireDefault
FNDA:1,_getRequireWildcardCache
FNDA:0,_getRequireWildcardCache
FNDA:1,_interopRequireWildcard
FNDA:4,_classCallCheck
FNDA:1,_defineProperties
FNDA:1,_createClass
FNDA:1,_inherits
FNDA:1,_setPrototypeOf
FNDA:0,_setPrototypeOf
FNDA:1,_createSuper
FNDA:4,_createSuperInternal
FNDA:4,_possibleConstructorReturn
FNDA:0,_assertThisInitialized
FNDA:1,_isNativeReflectConstruct
FNDA:0,(anonymous_15)
FNDA:1,_getPrototypeOf
FNDA:0,_getPrototypeOf
FNDA:1,(anonymous_18)
FNDA:4,DrawerContent
FNDA:1,(anonymous_20)
FNDA:1,(anonymous_21)
FNDA:4,render
DA:1,1
DA:2,1
DA:3,1
DA:4,1
DA:5,1
DA:6,28
DA:8,1
DA:9,4
DA:10,4
DA:14,1
DA:15,1
DA:17,4
DA:20,1
DA:21,1
DA:23,4
DA:26,4
DA:40,1
LF:17
LH:17
BRDA:6,0,0,1
BRDA:6,0,1,0
BRDA:6,1,0,1
BRDA:6,1,1,1
BRDA:6,2,0,0
BRDA:6,2,1,1
BRDA:6,3,0,0
BRDA:6,3,1,1
BRDA:6,4,0,1
BRDA:6,4,1,1
BRDA:6,5,0,0
BRDA:6,5,1,1
BRDA:6,6,0,1
BRDA:6,6,1,1
BRDA:6,6,2,0
BRDA:6,7,0,0
BRDA:6,7,1,1
BRDA:6,8,0,1
BRDA:6,8,1,1
BRDA:6,9,0,1
BRDA:6,9,1,1
BRDA:6,10,0,28
BRDA:6,10,1,0
BRDA:6,11,0,28
BRDA:6,11,1,0
BRDA:6,12,0,0
BRDA:6,12,1,28
BRDA:6,13,0,28
BRDA:6,13,1,28
BRDA:6,13,2,28
BRDA:6,14,0,1
BRDA:6,14,1,0
BRDA:6,15,0,0
BRDA:6,15,1,4
BRDA:6,16,0,1
BRDA:6,16,1,1
BRDA:6,17,0,1
BRDA:6,17,1,0
BRDA:6,18,0,1
BRDA:6,18,1,0
BRDA:6,19,0,0
BRDA:6,19,1,1
BRDA:6,20,0,0
BRDA:6,20,1,1
BRDA:6,21,0,1
BRDA:6,21,1,0
BRDA:6,22,0,1
BRDA:6,22,1,1
BRDA:6,23,0,1
BRDA:6,23,1,0
BRDA:6,24,0,1
BRDA:6,24,1,0
BRDA:6,25,0,4
BRDA:6,25,1,0
BRDA:6,26,0,4
BRDA:6,26,1,0
BRDA:6,27,0,4
BRDA:6,27,1,4
BRDA:6,27,2,0
BRDA:6,28,0,0
BRDA:6,28,1,0
BRDA:6,29,0,0
BRDA:6,29,1,1
BRDA:6,30,0,1
BRDA:6,30,1,1
BRDA:6,31,0,0
BRDA:6,31,1,1
BRDA:6,32,0,1
BRDA:6,32,1,0
BRDA:6,33,0,1
BRDA:6,33,1,0
BRDA:6,34,0,0
BRDA:6,34,1,0
BRF:73
BRH:44
end_of_record
TN:
SF:src\styles\DashBoardScreenStyles.js
FNF:0
FNH:0
DA:1,4
DA:3,4
DA:73,4
LF:3
LH:3
BRF:0
BRH:0
end_of_record
TN:
SF:src\styles\DrawContentStyle.js
FNF:0
FNH:0
DA:1,1
DA:3,1
DA:15,1
LF:3
LH:3
BRF:0
BRH:0
end_of_record
TN:
SF:src\styles\ForgotPasswordScreenStyles.js
FN:2,_interopRequireDefault
FNF:1
FNH:1
FNDA:1,_interopRequireDefault
DA:1,1
DA:2,1
DA:4,1
DA:84,1
LF:4
LH:4
BRDA:2,0,0,0
BRDA:2,0,1,1
BRDA:2,1,0,1
BRDA:2,1,1,1
BRF:4
BRH:3
end_of_record
TN:
SF:src\styles\LogInPageStyles.js
FN:2,_interopRequireDefault
FNF:1
FNH:1
FNDA:1,_interopRequireDefault
DA:1,1
DA:2,1
DA:4,1
DA:113,1
LF:4
LH:4
BRDA:2,0,0,0
BRDA:2,0,1,1
BRDA:2,1,0,1
BRDA:2,1,1,1
BRF:4
BRH:3
end_of_record
TN:
SF:src\styles\NoteViewStyles.js
FN:2,_interopRequireDefault
FNF:1
FNH:1
FNDA:2,_interopRequireDefault
DA:1,2
DA:2,2
DA:4,2
DA:29,2
LF:4
LH:4
BRDA:2,0,0,0
BRDA:2,0,1,2
BRDA:2,1,0,2
BRDA:2,1,1,2
BRF:4
BRH:3
end_of_record
TN:
SF:src\styles\SignUpStyles.js
FN:2,_interopRequireDefault
FNF:1
FNH:1
FNDA:1,_interopRequireDefault
DA:1,1
DA:2,1
DA:4,1
DA:90,1
LF:4
LH:4
BRDA:2,0,0,0
BRDA:2,0,1,1
BRDA:2,1,0,1
BRDA:2,1,1,1
BRF:4
BRH:3
end_of_record
