TN:
SF:_mocks_\react-native-keychain\index.js
FNF:0
FNH:0
DA:1,9
DA:9,9
LF:2
LH:2
BRF:0
BRH:0
end_of_record
TN:
SF:_mocks_\react-native-localization\index.js
FN:1,_classCallCheck
FN:1,_defineProperties
FN:1,_createClass
FN:1,(anonymous_3)
FN:4,RNLocalization
FN:7,setLanguage
FNF:6
FNH:6
FNDA:7,_classCallCheck
FNDA:9,_defineProperties
FNDA:9,_createClass
FNDA:9,(anonymous_3)
FNDA:7,RNLocalization
FNDA:7,setLanguage
DA:1,9
DA:4,7
DA:5,7
DA:6,7
DA:7,9
DA:10,7
DA:11,7
DA:12,7
DA:13,7
DA:14,301
DA:17,9
LF:11
LH:11
BRDA:1,0,0,0
BRDA:1,0,1,7
BRDA:1,1,0,9
BRDA:1,1,1,9
BRDA:1,2,0,9
BRDA:1,2,1,0
BRDA:1,3,0,9
BRDA:1,3,1,0
BRDA:1,4,0,0
BRDA:1,4,1,9
BRDA:11,5,0,7
BRDA:11,5,1,0
BRDA:14,6,0,301
BRDA:14,6,1,0
BRF:14
BRH:8
end_of_record
TN:
SF:config\Firebase.js
FN:1,_interopRequireDefault
FNF:1
FNH:1
FNDA:7,_interopRequireDefault
DA:1,7
DA:21,7
DA:32,7
DA:34,7
LF:4
LH:4
BRDA:1,0,0,7
BRDA:1,0,1,0
BRDA:1,1,0,7
BRDA:1,1,1,7
BRF:4
BRH:3
end_of_record
TN:
SF:services\NoteDataController.js
FN:3,_interopRequireDefault
FN:3,_classCallCheck
FN:5,NoteDataController
FN:7,(anonymous_3)
FN:8,_callee
FN:8,_callee$
FN:10,(anonymous_6)
FN:14,(anonymous_7)
FN:17,(anonymous_8)
FN:21,(anonymous_9)
FN:22,(anonymous_10)
FN:24,(anonymous_11)
FN:25,(anonymous_12)
FN:29,(anonymous_13)
FN:33,(anonymous_14)
FN:35,(anonymous_15)
FN:36,(anonymous_16)
FN:39,(anonymous_17)
FN:40,(anonymous_18)
FN:43,(anonymous_19)
FN:44,(anonymous_20)
FNF:21
FNH:3
FNDA:3,_interopRequireDefault
FNDA:1,_classCallCheck
FNDA:1,NoteDataController
FNDA:0,(anonymous_3)
FNDA:0,_callee
FNDA:0,_callee$
FNDA:0,(anonymous_6)
FNDA:0,(anonymous_7)
FNDA:0,(anonymous_8)
FNDA:0,(anonymous_9)
FNDA:0,(anonymous_10)
FNDA:0,(anonymous_11)
FNDA:0,(anonymous_12)
FNDA:0,(anonymous_13)
FNDA:0,(anonymous_14)
FNDA:0,(anonymous_15)
FNDA:0,(anonymous_16)
FNDA:0,(anonymous_17)
FNDA:0,(anonymous_18)
FNDA:0,(anonymous_19)
FNDA:0,(anonymous_20)
DA:1,1
DA:2,1
DA:3,3
DA:5,1
DA:8,0
DA:9,0
DA:11,0
DA:12,0
DA:14,0
DA:15,0
DA:17,0
DA:19,1
DA:22,0
DA:23,0
DA:24,0
DA:25,0
DA:27,0
DA:29,0
DA:31,1
DA:34,0
DA:35,0
DA:36,0
DA:38,0
DA:39,0
DA:40,0
DA:41,1
DA:44,0
DA:45,0
DA:46,0
DA:51,1
LF:30
LH:8
BRDA:3,0,0,3
BRDA:3,0,1,0
BRDA:3,1,0,3
BRDA:3,1,1,3
BRDA:3,2,0,0
BRDA:3,2,1,1
BRDA:8,3,0,0
BRDA:8,3,1,0
BRDA:8,3,2,0
BRF:9
BRH:4
end_of_record
TN:
SF:services\SQLiteLabelServices.js
FN:2,_interopRequireDefault
FN:2,_classCallCheck
FN:6,SQLiteLabelServices
FN:8,(anonymous_3)
FN:9,_callee
FN:9,_callee$
FN:10,(anonymous_6)
FN:13,(anonymous_7)
FN:14,(anonymous_8)
FN:19,(anonymous_9)
FN:20,(anonymous_10)
FN:26,(anonymous_11)
FN:27,_callee2
FN:27,_callee2$
FN:28,(anonymous_14)
FN:36,(anonymous_15)
FN:37,(anonymous_16)
FN:44,(anonymous_17)
FN:45,(anonymous_18)
FN:46,(anonymous_19)
FN:53,(anonymous_20)
FN:54,(anonymous_21)
FN:59,(anonymous_22)
FN:60,(anonymous_23)
FN:66,_callee3
FN:66,_callee3$
FN:72,(anonymous_26)
FN:76,(anonymous_27)
FN:82,(anonymous_28)
FN:87,(anonymous_29)
FN:88,(anonymous_30)
FNF:31
FNH:3
FNDA:3,_interopRequireDefault
FNDA:3,_classCallCheck
FNDA:3,SQLiteLabelServices
FNDA:0,(anonymous_3)
FNDA:0,_callee
FNDA:0,_callee$
FNDA:0,(anonymous_6)
FNDA:0,(anonymous_7)
FNDA:0,(anonymous_8)
FNDA:0,(anonymous_9)
FNDA:0,(anonymous_10)
FNDA:0,(anonymous_11)
FNDA:0,_callee2
FNDA:0,_callee2$
FNDA:0,(anonymous_14)
FNDA:0,(anonymous_15)
FNDA:0,(anonymous_16)
FNDA:0,(anonymous_17)
FNDA:0,(anonymous_18)
FNDA:0,(anonymous_19)
FNDA:0,(anonymous_20)
FNDA:0,(anonymous_21)
FNDA:0,(anonymous_22)
FNDA:0,(anonymous_23)
FNDA:0,_callee3
FNDA:0,_callee3$
FNDA:0,(anonymous_26)
FNDA:0,(anonymous_27)
FNDA:0,(anonymous_28)
FNDA:0,(anonymous_29)
FNDA:0,(anonymous_30)
DA:1,3
DA:2,3
DA:4,3
DA:6,3
DA:9,0
DA:10,0
DA:11,0
DA:14,0
DA:16,0
DA:19,0
DA:20,0
DA:22,0
DA:24,3
DA:27,0
DA:28,0
DA:29,0
DA:32,0
DA:34,3
DA:37,0
DA:38,0
DA:42,3
DA:45,0
DA:46,0
DA:50,0
DA:54,0
DA:56,0
DA:59,0
DA:60,0
DA:64,3
DA:66,0
DA:67,0
DA:68,0
DA:69,0
DA:70,0
DA:72,0
DA:73,0
DA:77,0
DA:78,0
DA:79,0
DA:82,0
DA:84,0
DA:88,0
DA:90,0
DA:94,3
LF:44
LH:9
BRDA:2,0,0,0
BRDA:2,0,1,3
BRDA:2,1,0,3
BRDA:2,1,1,3
BRDA:2,2,0,0
BRDA:2,2,1,3
BRDA:9,3,0,0
BRDA:9,3,1,0
BRDA:9,3,2,0
BRDA:27,4,0,0
BRDA:27,4,1,0
BRDA:27,4,2,0
BRDA:66,5,0,0
BRDA:66,5,1,0
BRDA:66,5,2,0
BRDA:66,5,3,0
BRDA:78,6,0,0
BRDA:78,6,1,0
BRF:18
BRH:4
end_of_record
TN:
SF:services\SQLiteStorageServices.js
FN:2,_interopRequireDefault
FN:2,_classCallCheck
FN:6,SQLiteStorageServices
FN:8,_callee3
FN:8,_callee3$
FN:9,_callee2
FN:9,_callee2$
FN:14,(anonymous_7)
FN:18,_callee
FN:18,_callee$
FN:21,(anonymous_10)
FN:27,(anonymous_11)
FN:28,_callee6
FN:28,_callee6$
FN:33,_callee5
FN:33,_callee5$
FN:37,_callee4
FN:37,_callee4$
FN:38,(anonymous_18)
FN:44,(anonymous_19)
FN:45,_callee7
FN:45,_callee7$
FN:50,(anonymous_22)
FN:51,(anonymous_23)
FN:54,(anonymous_24)
FN:55,(anonymous_25)
FN:57,(anonymous_26)
FN:65,_callee10
FN:65,_callee10$
FN:66,_callee9
FN:66,_callee9$
FN:71,(anonymous_31)
FN:72,(anonymous_32)
FN:77,_callee8
FN:77,_callee8$
FN:78,(anonymous_35)
FN:84,(anonymous_36)
FN:85,_callee11
FN:85,_callee11$
FN:90,(anonymous_39)
FN:92,(anonymous_40)
FN:94,(anonymous_41)
FNF:42
FNH:3
FNDA:7,_interopRequireDefault
FNDA:7,_classCallCheck
FNDA:7,SQLiteStorageServices
FNDA:0,_callee3
FNDA:0,_callee3$
FNDA:0,_callee2
FNDA:0,_callee2$
FNDA:0,(anonymous_7)
FNDA:0,_callee
FNDA:0,_callee$
FNDA:0,(anonymous_10)
FNDA:0,(anonymous_11)
FNDA:0,_callee6
FNDA:0,_callee6$
FNDA:0,_callee5
FNDA:0,_callee5$
FNDA:0,_callee4
FNDA:0,_callee4$
FNDA:0,(anonymous_18)
FNDA:0,(anonymous_19)
FNDA:0,_callee7
FNDA:0,_callee7$
FNDA:0,(anonymous_22)
FNDA:0,(anonymous_23)
FNDA:0,(anonymous_24)
FNDA:0,(anonymous_25)
FNDA:0,(anonymous_26)
FNDA:0,_callee10
FNDA:0,_callee10$
FNDA:0,_callee9
FNDA:0,_callee9$
FNDA:0,(anonymous_31)
FNDA:0,(anonymous_32)
FNDA:0,_callee8
FNDA:0,_callee8$
FNDA:0,(anonymous_35)
FNDA:0,(anonymous_36)
FNDA:0,_callee11
FNDA:0,_callee11$
FNDA:0,(anonymous_39)
FNDA:0,(anonymous_40)
FNDA:0,(anonymous_41)
DA:1,7
DA:2,7
DA:4,7
DA:6,7
DA:8,0
DA:9,0
DA:10,0
DA:11,0
DA:12,0
DA:14,0
DA:15,0
DA:18,0
DA:19,0
DA:21,0
DA:23,7
DA:28,0
DA:29,0
DA:30,0
DA:31,0
DA:33,0
DA:34,0
DA:37,0
DA:38,0
DA:42,7
DA:45,0
DA:46,0
DA:47,0
DA:48,0
DA:50,0
DA:51,0
DA:54,0
DA:55,0
DA:56,0
DA:57,0
DA:58,0
DA:63,7
DA:65,0
DA:66,0
DA:67,0
DA:68,0
DA:69,0
DA:71,0
DA:72,0
DA:74,0
DA:77,0
DA:78,0
DA:80,7
DA:85,0
DA:86,0
DA:87,0
DA:88,0
DA:90,0
DA:91,0
DA:92,0
DA:94,0
DA:96,0
DA:100,7
LF:57
LH:9
BRDA:2,0,0,0
BRDA:2,0,1,7
BRDA:2,1,0,7
BRDA:2,1,1,7
BRDA:2,2,0,0
BRDA:2,2,1,7
BRDA:8,3,0,0
BRDA:8,3,1,0
BRDA:8,3,2,0
BRDA:9,4,0,0
BRDA:9,4,1,0
BRDA:9,4,2,0
BRDA:9,4,3,0
BRDA:18,5,0,0
BRDA:18,5,1,0
BRDA:18,5,2,0
BRDA:28,6,0,0
BRDA:28,6,1,0
BRDA:28,6,2,0
BRDA:28,6,3,0
BRDA:33,7,0,0
BRDA:33,7,1,0
BRDA:33,7,2,0
BRDA:37,8,0,0
BRDA:37,8,1,0
BRDA:37,8,2,0
BRDA:45,9,0,0
BRDA:45,9,1,0
BRDA:45,9,2,0
BRDA:45,9,3,0
BRDA:65,10,0,0
BRDA:65,10,1,0
BRDA:65,10,2,0
BRDA:66,11,0,0
BRDA:66,11,1,0
BRDA:66,11,2,0
BRDA:66,11,3,0
BRDA:77,12,0,0
BRDA:77,12,1,0
BRDA:77,12,2,0
BRDA:85,13,0,0
BRDA:85,13,1,0
BRDA:85,13,2,0
BRDA:85,13,3,0
BRF:44
BRH:4
end_of_record
TN:
SF:services\UserNoteServices.js
FN:2,_interopRequireDefault
FN:2,_classCallCheck
FN:4,UserNoteServices
FN:6,(anonymous_3)
FN:7,_callee2
FN:7,_callee2$
FN:10,_callee
FN:10,_callee$
FN:13,(anonymous_8)
FN:17,_callee4
FN:17,_callee4$
FN:18,_callee3
FN:18,_callee3$
FN:24,(anonymous_13)
FN:25,(anonymous_14)
FN:29,_callee6
FN:29,_callee6$
FN:30,_callee5
FN:30,_callee5$
FN:42,(anonymous_19)
FN:43,(anonymous_20)
FN:47,(anonymous_21)
FN:48,_callee7
FN:48,_callee7$
FN:54,(anonymous_24)
FN:58,(anonymous_25)
FN:59,(anonymous_26)
FN:68,(anonymous_27)
FN:72,(anonymous_28)
FN:73,_callee9
FN:73,_callee9$
FN:76,_callee8
FN:76,_callee8$
FN:80,(anonymous_33)
FN:84,(anonymous_34)
FN:85,_callee11
FN:85,_callee11$
FN:88,_callee10
FN:88,_callee10$
FN:99,(anonymous_39)
FN:100,(anonymous_40)
FN:104,(anonymous_41)
FN:105,(anonymous_42)
FN:107,(anonymous_43)
FN:108,(anonymous_44)
FN:112,_callee12
FN:112,_callee12$
FN:126,(anonymous_47)
FN:128,_callee13
FN:128,_callee13$
FNF:50
FNH:6
FNDA:14,_interopRequireDefault
FNDA:7,_classCallCheck
FNDA:7,UserNoteServices
FNDA:1,(anonymous_3)
FNDA:1,_callee2
FNDA:3,_callee2$
FNDA:0,_callee
FNDA:0,_callee$
FNDA:0,(anonymous_8)
FNDA:0,_callee4
FNDA:0,_callee4$
FNDA:0,_callee3
FNDA:0,_callee3$
FNDA:0,(anonymous_13)
FNDA:0,(anonymous_14)
FNDA:0,_callee6
FNDA:0,_callee6$
FNDA:0,_callee5
FNDA:0,_callee5$
FNDA:0,(anonymous_19)
FNDA:0,(anonymous_20)
FNDA:0,(anonymous_21)
FNDA:0,_callee7
FNDA:0,_callee7$
FNDA:0,(anonymous_24)
FNDA:0,(anonymous_25)
FNDA:0,(anonymous_26)
FNDA:0,(anonymous_27)
FNDA:0,(anonymous_28)
FNDA:0,_callee9
FNDA:0,_callee9$
FNDA:0,_callee8
FNDA:0,_callee8$
FNDA:0,(anonymous_33)
FNDA:0,(anonymous_34)
FNDA:0,_callee11
FNDA:0,_callee11$
FNDA:0,_callee10
FNDA:0,_callee10$
FNDA:0,(anonymous_39)
FNDA:0,(anonymous_40)
FNDA:0,(anonymous_41)
FNDA:0,(anonymous_42)
FNDA:0,(anonymous_43)
FNDA:0,(anonymous_44)
FNDA:0,_callee12
FNDA:0,_callee12$
FNDA:0,(anonymous_47)
FNDA:0,_callee13
FNDA:0,_callee13$
DA:1,7
DA:2,14
DA:4,7
DA:7,3
DA:8,1
DA:9,1
DA:10,0
DA:11,0
DA:13,1
DA:15,7
DA:17,0
DA:18,0
DA:19,0
DA:20,0
DA:21,0
DA:24,0
DA:25,7
DA:29,0
DA:30,0
DA:31,0
DA:32,0
DA:33,0
DA:39,0
DA:42,0
DA:43,7
DA:48,0
DA:49,0
DA:50,0
DA:52,0
DA:54,0
DA:56,7
DA:59,0
DA:60,0
DA:64,0
DA:67,0
DA:68,0
DA:70,7
DA:73,0
DA:74,0
DA:75,0
DA:76,0
DA:77,0
DA:78,0
DA:80,0
DA:82,7
DA:85,0
DA:86,0
DA:88,0
DA:89,0
DA:92,0
DA:96,0
DA:99,0
DA:100,0
DA:102,7
DA:105,0
DA:106,0
DA:107,0
DA:108,0
DA:110,7
DA:112,0
DA:113,0
DA:114,0
DA:115,0
DA:121,0
DA:122,7
DA:127,0
DA:128,0
DA:129,0
DA:130,0
DA:132,0
DA:133,0
DA:134,0
DA:136,0
DA:140,7
LF:74
LH:17
BRDA:2,0,0,7
BRDA:2,0,1,7
BRDA:2,1,0,14
BRDA:2,1,1,14
BRDA:2,2,0,0
BRDA:2,2,1,7
BRDA:7,3,0,1
BRDA:7,3,1,1
BRDA:7,3,2,0
BRDA:7,3,3,1
BRDA:10,4,0,0
BRDA:10,4,1,0
BRDA:10,4,2,0
BRDA:17,5,0,0
BRDA:17,5,1,0
BRDA:17,5,2,0
BRDA:18,6,0,0
BRDA:18,6,1,0
BRDA:18,6,2,0
BRDA:18,6,3,0
BRDA:29,7,0,0
BRDA:29,7,1,0
BRDA:29,7,2,0
BRDA:30,8,0,0
BRDA:30,8,1,0
BRDA:30,8,2,0
BRDA:30,8,3,0
BRDA:48,9,0,0
BRDA:48,9,1,0
BRDA:48,9,2,0
BRDA:48,9,3,0
BRDA:73,10,0,0
BRDA:73,10,1,0
BRDA:73,10,2,0
BRDA:73,10,3,0
BRDA:76,11,0,0
BRDA:76,11,1,0
BRDA:76,11,2,0
BRDA:77,12,0,0
BRDA:77,12,1,0
BRDA:85,13,0,0
BRDA:85,13,1,0
BRDA:85,13,2,0
BRDA:85,13,3,0
BRDA:85,14,0,0
BRDA:85,14,1,0
BRDA:88,15,0,0
BRDA:88,15,1,0
BRDA:88,15,2,0
BRDA:88,15,3,0
BRDA:112,16,0,0
BRDA:112,16,1,0
BRDA:112,16,2,0
BRDA:112,16,3,0
BRDA:128,17,0,0
BRDA:128,17,1,0
BRDA:128,17,2,0
BRDA:128,17,3,0
BRDA:133,18,0,0
BRDA:133,18,1,0
BRF:60
BRH:8
end_of_record
TN:
SF:services\UserServices.js
FN:6,_interopRequireDefault
FN:6,_classCallCheck
FN:8,UserServices
FN:10,(anonymous_3)
FN:11,(anonymous_4)
FN:13,(anonymous_5)
FN:16,(anonymous_6)
FN:28,(anonymous_7)
FN:29,(anonymous_8)
FN:31,(anonymous_9)
FN:35,(anonymous_10)
FN:50,(anonymous_11)
FN:52,(anonymous_12)
FN:54,(anonymous_13)
FN:57,(anonymous_14)
FN:68,(anonymous_15)
FN:69,_callee
FN:69,_callee$
FN:79,(anonymous_18)
FN:85,(anonymous_19)
FN:98,(anonymous_20)
FN:99,_callee3
FN:99,_callee3$
FN:102,_callee2
FN:102,_callee2$
FN:105,(anonymous_25)
FN:109,(anonymous_26)
FN:110,_callee4
FN:110,_callee4$
FN:122,(anonymous_29)
FN:123,(anonymous_30)
FN:126,(anonymous_31)
FN:128,(anonymous_32)
FN:130,(anonymous_33)
FN:136,(anonymous_34)
FNF:35
FNH:17
FNDA:25,_interopRequireDefault
FNDA:5,_classCallCheck
FNDA:5,UserServices
FNDA:2,(anonymous_3)
FNDA:2,(anonymous_4)
FNDA:0,(anonymous_5)
FNDA:1,(anonymous_6)
FNDA:4,(anonymous_7)
FNDA:4,(anonymous_8)
FNDA:1,(anonymous_9)
FNDA:2,(anonymous_10)
FNDA:2,(anonymous_11)
FNDA:2,(anonymous_12)
FNDA:0,(anonymous_13)
FNDA:1,(anonymous_14)
FNDA:0,(anonymous_15)
FNDA:0,_callee
FNDA:0,_callee$
FNDA:0,(anonymous_18)
FNDA:0,(anonymous_19)
FNDA:6,(anonymous_20)
FNDA:6,_callee3
FNDA:16,_callee3$
FNDA:0,_callee2
FNDA:0,_callee2$
FNDA:0,(anonymous_25)
FNDA:0,(anonymous_26)
FNDA:0,_callee4
FNDA:0,_callee4$
FNDA:0,(anonymous_29)
FNDA:0,(anonymous_30)
FNDA:1,(anonymous_31)
FNDA:0,(anonymous_32)
FNDA:0,(anonymous_33)
FNDA:0,(anonymous_34)
DA:1,5
DA:2,5
DA:3,5
DA:4,5
DA:5,5
DA:6,25
DA:8,5
DA:11,2
DA:12,2
DA:14,0
DA:17,1
DA:18,0
DA:20,1
DA:21,1
DA:26,5
DA:29,4
DA:30,4
DA:32,1
DA:33,1
DA:36,2
DA:37,0
DA:39,2
DA:40,1
DA:42,1
DA:43,1
DA:48,5
DA:52,2
DA:53,2
DA:55,0
DA:58,1
DA:59,0
DA:60,1
DA:61,1
DA:66,5
DA:69,0
DA:70,0
DA:71,0
DA:72,0
DA:73,0
DA:74,0
DA:75,0
DA:76,0
DA:77,0
DA:78,0
DA:80,0
DA:81,0
DA:83,5
DA:86,0
DA:87,0
DA:96,5
DA:99,16
DA:100,5
DA:101,5
DA:102,0
DA:103,0
DA:105,5
DA:107,5
DA:110,0
DA:111,0
DA:112,0
DA:113,0
DA:117,0
DA:120,5
DA:123,0
DA:124,5
DA:127,1
DA:129,0
DA:131,0
DA:132,0
DA:133,0
DA:135,0
DA:136,0
DA:137,0
DA:138,0
DA:146,5
LF:75
LH:40
BRDA:6,0,0,20
BRDA:6,0,1,5
BRDA:6,1,0,25
BRDA:6,1,1,25
BRDA:6,2,0,0
BRDA:6,2,1,5
BRDA:17,3,0,0
BRDA:17,3,1,1
BRDA:20,4,0,1
BRDA:20,4,1,0
BRDA:36,5,0,0
BRDA:36,5,1,2
BRDA:39,6,0,1
BRDA:39,6,1,1
BRDA:42,7,0,1
BRDA:42,7,1,0
BRDA:58,8,0,0
BRDA:58,8,1,1
BRDA:60,9,0,1
BRDA:60,9,1,0
BRDA:69,10,0,0
BRDA:69,10,1,0
BRDA:69,10,2,0
BRDA:69,10,3,0
BRDA:69,10,4,0
BRDA:69,10,5,0
BRDA:71,11,0,0
BRDA:71,11,1,0
BRDA:75,12,0,0
BRDA:75,12,1,0
BRDA:99,13,0,6
BRDA:99,13,1,5
BRDA:99,13,2,0
BRDA:99,13,3,5
BRDA:102,14,0,0
BRDA:102,14,1,0
BRDA:102,14,2,0
BRDA:110,15,0,0
BRDA:110,15,1,0
BRDA:110,15,2,0
BRDA:110,15,3,0
BRDA:137,16,0,0
BRDA:137,16,1,0
BRF:43
BRH:16
end_of_record
TN:
SF:src\Languages\strings.js
FN:7,_interopRequireDefault
FNF:1
FNH:1
FNDA:49,_interopRequireDefault
DA:1,7
DA:2,7
DA:3,7
DA:4,7
DA:5,7
DA:6,7
DA:7,49
DA:9,7
DA:18,7
LF:9
LH:9
BRDA:7,0,0,42
BRDA:7,0,1,7
BRDA:7,1,0,49
BRDA:7,1,1,49
BRF:4
BRH:4
end_of_record
TN:
SF:src\Languages\LanguageFiles\English.js
FNF:0
FNH:0
DA:1,7
DA:47,7
LF:2
LH:2
BRF:0
BRH:0
end_of_record
TN:
SF:src\Languages\LanguageFiles\French.js
FNF:0
FNH:0
DA:1,7
DA:47,7
LF:2
LH:2
BRF:0
BRH:0
end_of_record
TN:
SF:src\Languages\LanguageFiles\Hindi.js
FNF:0
FNH:0
DA:1,7
DA:46,7
LF:2
LH:2
BRF:0
BRH:0
end_of_record
TN:
SF:src\Languages\LanguageFiles\Japanese.js
FNF:0
FNH:0
DA:1,7
DA:47,7
LF:2
LH:2
BRF:0
BRH:0
end_of_record
TN:
SF:src\Languages\LanguageFiles\Korea.js
FNF:0
FNH:0
DA:1,7
DA:47,7
LF:2
LH:2
BRF:0
BRH:0
end_of_record
TN:
SF:src\Languages\LanguageFiles\Telugu.js
FNF:0
FNH:0
DA:1,7
DA:46,7
LF:2
LH:2
BRF:0
BRH:0
end_of_record
TN:
SF:src\assets\FundoIcon.png
FNF:0
FNH:0
DA:1,3
LF:1
LH:1
BRF:0
BRH:0
end_of_record
TN:
SF:src\assets\hidePasswordIcon.png
FNF:0
FNH:0
DA:1,2
LF:1
LH:1
BRF:0
BRH:0
end_of_record
TN:
SF:src\assets\showPasswordIcon.png
FNF:0
FNH:0
DA:1,2
LF:1
LH:1
BRF:0
BRH:0
end_of_record
TN:
SF:src\components\AddNewNotesScreen.js
FN:10,_interopRequireDefault
FN:10,_getRequireWildcardCache
FN:10,_getRequireWildcardCache
FN:10,_interopRequireWildcard
FN:10,_classCallCheck
FN:10,_defineProperties
FN:10,_createClass
FN:10,_inherits
FN:10,_setPrototypeOf
FN:10,_setPrototypeOf
FN:10,_createSuper
FN:10,_createSuperInternal
FN:10,_possibleConstructorReturn
FN:10,_assertThisInitialized
FN:10,_isNativeReflectConstruct
FN:10,(anonymous_15)
FN:10,_getPrototypeOf
FN:10,_getPrototypeOf
FN:12,(anonymous_18)
FN:13,AddNewNotes
FN:28,_callee
FN:28,_callee$
FN:35,(anonymous_22)
FN:40,(anonymous_23)
FN:51,_callee2
FN:51,_callee2$
FN:57,_callee3
FN:57,_callee3$
FN:63,_callee4
FN:63,_callee4$
FN:77,(anonymous_30)
FN:80,(anonymous_31)
FN:84,(anonymous_32)
FN:85,(anonymous_33)
FN:93,(anonymous_34)
FN:99,(anonymous_35)
FN:112,(anonymous_36)
FN:118,_callee5
FN:118,_callee5$
FN:125,(anonymous_39)
FN:136,(anonymous_40)
FN:139,(anonymous_41)
FN:147,(anonymous_42)
FN:164,_callee6
FN:164,_callee6$
FN:170,(anonymous_45)
FN:173,render
FN:214,(anonymous_47)
FN:237,onPress
FN:243,ref
FN:261,icon
FN:281,mapStateToProps
FN:295,mapDispatchToProps
FN:297,storeNotesArchivedStatus
FN:298,storelabelScreen
FNF:55
FNH:10
FNDA:4,_interopRequireDefault
FNDA:1,_getRequireWildcardCache
FNDA:0,_getRequireWildcardCache
FNDA:1,_interopRequireWildcard
FNDA:0,_classCallCheck
FNDA:1,_defineProperties
FNDA:1,_createClass
FNDA:1,_inherits
FNDA:1,_setPrototypeOf
FNDA:0,_setPrototypeOf
FNDA:1,_createSuper
FNDA:0,_createSuperInternal
FNDA:0,_possibleConstructorReturn
FNDA:0,_assertThisInitialized
FNDA:1,_isNativeReflectConstruct
FNDA:0,(anonymous_15)
FNDA:0,_getPrototypeOf
FNDA:0,_getPrototypeOf
FNDA:1,(anonymous_18)
FNDA:0,AddNewNotes
FNDA:0,_callee
FNDA:0,_callee$
FNDA:0,(anonymous_22)
FNDA:0,(anonymous_23)
FNDA:0,_callee2
FNDA:0,_callee2$
FNDA:0,_callee3
FNDA:0,_callee3$
FNDA:0,_callee4
FNDA:0,_callee4$
FNDA:0,(anonymous_30)
FNDA:0,(anonymous_31)
FNDA:0,(anonymous_32)
FNDA:0,(anonymous_33)
FNDA:0,(anonymous_34)
FNDA:0,(anonymous_35)
FNDA:0,(anonymous_36)
FNDA:0,_callee5
FNDA:0,_callee5$
FNDA:0,(anonymous_39)
FNDA:0,(anonymous_40)
FNDA:0,(anonymous_41)
FNDA:0,(anonymous_42)
FNDA:0,_callee6
FNDA:0,_callee6$
FNDA:0,(anonymous_45)
FNDA:0,render
FNDA:0,(anonymous_47)
FNDA:0,onPress
FNDA:0,ref
FNDA:0,icon
FNDA:0,mapStateToProps
FNDA:0,mapDispatchToProps
FNDA:0,storeNotesArchivedStatus
FNDA:0,storelabelScreen
DA:1,1
DA:2,1
DA:3,1
DA:4,1
DA:5,1
DA:6,1
DA:7,1
DA:8,1
DA:9,1
DA:10,28
DA:12,1
DA:13,0
DA:14,0
DA:28,0
DA:29,0
DA:30,0
DA:31,0
DA:32,0
DA:33,0
DA:35,0
DA:36,0
DA:37,0
DA:39,0
DA:41,0
DA:42,0
DA:45,0
DA:46,0
DA:51,0
DA:53,0
DA:57,0
DA:59,0
DA:63,0
DA:64,0
DA:65,0
DA:73,0
DA:74,0
DA:75,0
DA:76,0
DA:78,0
DA:80,0
DA:82,0
DA:83,0
DA:84,0
DA:85,0
DA:88,0
DA:89,0
DA:94,0
DA:95,0
DA:96,0
DA:97,0
DA:100,0
DA:101,0
DA:102,0
DA:104,0
DA:105,0
DA:108,0
DA:110,0
DA:113,0
DA:114,0
DA:116,0
DA:118,0
DA:122,0
DA:126,0
DA:127,0
DA:128,0
DA:135,0
DA:137,0
DA:139,0
DA:141,0
DA:145,0
DA:148,0
DA:149,0
DA:150,0
DA:151,0
DA:158,0
DA:159,0
DA:161,0
DA:162,0
DA:164,0
DA:166,0
DA:171,0
DA:172,0
DA:173,1
DA:175,0
DA:176,0
DA:214,0
DA:237,0
DA:243,0
DA:261,0
DA:278,1
DA:281,1
DA:282,0
DA:295,1
DA:296,0
DA:297,0
DA:298,0
DA:302,1
LF:97
LH:16
BRDA:10,0,0,4
BRDA:10,0,1,0
BRDA:10,1,0,4
BRDA:10,1,1,4
BRDA:10,2,0,0
BRDA:10,2,1,1
BRDA:10,3,0,0
BRDA:10,3,1,1
BRDA:10,4,0,1
BRDA:10,4,1,1
BRDA:10,5,0,0
BRDA:10,5,1,1
BRDA:10,6,0,1
BRDA:10,6,1,1
BRDA:10,6,2,0
BRDA:10,7,0,0
BRDA:10,7,1,1
BRDA:10,8,0,1
BRDA:10,8,1,1
BRDA:10,9,0,1
BRDA:10,9,1,1
BRDA:10,10,0,28
BRDA:10,10,1,0
BRDA:10,11,0,28
BRDA:10,11,1,0
BRDA:10,12,0,0
BRDA:10,12,1,28
BRDA:10,13,0,28
BRDA:10,13,1,28
BRDA:10,13,2,28
BRDA:10,14,0,1
BRDA:10,14,1,0
BRDA:10,15,0,0
BRDA:10,15,1,0
BRDA:10,16,0,1
BRDA:10,16,1,1
BRDA:10,17,0,1
BRDA:10,17,1,0
BRDA:10,18,0,1
BRDA:10,18,1,0
BRDA:10,19,0,0
BRDA:10,19,1,1
BRDA:10,20,0,0
BRDA:10,20,1,1
BRDA:10,21,0,1
BRDA:10,21,1,0
BRDA:10,22,0,1
BRDA:10,22,1,1
BRDA:10,23,0,1
BRDA:10,23,1,0
BRDA:10,24,0,1
BRDA:10,24,1,0
BRDA:10,25,0,0
BRDA:10,25,1,0
BRDA:10,26,0,0
BRDA:10,26,1,0
BRDA:10,27,0,0
BRDA:10,27,1,0
BRDA:10,27,2,0
BRDA:10,28,0,0
BRDA:10,28,1,0
BRDA:10,29,0,0
BRDA:10,29,1,1
BRDA:10,30,0,1
BRDA:10,30,1,1
BRDA:10,31,0,0
BRDA:10,31,1,1
BRDA:10,32,0,1
BRDA:10,32,1,0
BRDA:10,33,0,0
BRDA:10,33,1,0
BRDA:10,34,0,0
BRDA:10,34,1,0
BRDA:28,35,0,0
BRDA:28,35,1,0
BRDA:28,35,2,0
BRDA:28,35,3,0
BRDA:29,36,0,0
BRDA:29,36,1,0
BRDA:30,37,0,0
BRDA:30,37,1,0
BRDA:32,38,0,0
BRDA:32,38,1,0
BRDA:36,39,0,0
BRDA:36,39,1,0
BRDA:41,40,0,0
BRDA:41,40,1,0
BRDA:51,41,0,0
BRDA:51,41,1,0
BRDA:51,41,2,0
BRDA:57,42,0,0
BRDA:57,42,1,0
BRDA:57,42,2,0
BRDA:63,43,0,0
BRDA:63,43,1,0
BRDA:63,43,2,0
BRDA:73,44,0,0
BRDA:73,44,1,0
BRDA:73,45,0,0
BRDA:73,45,1,0
BRDA:74,46,0,0
BRDA:74,46,1,0
BRDA:82,47,0,0
BRDA:82,47,1,0
BRDA:94,48,0,0
BRDA:94,48,1,0
BRDA:100,49,0,0
BRDA:100,49,1,0
BRDA:101,50,0,0
BRDA:101,50,1,0
BRDA:104,51,0,0
BRDA:104,51,1,0
BRDA:118,52,0,0
BRDA:118,52,1,0
BRDA:118,52,2,0
BRDA:118,52,3,0
BRDA:127,53,0,0
BRDA:127,53,1,0
BRDA:127,54,0,0
BRDA:127,54,1,0
BRDA:152,55,0,0
BRDA:152,55,1,0
BRDA:153,56,0,0
BRDA:153,56,1,0
BRDA:154,57,0,0
BRDA:154,57,1,0
BRDA:155,58,0,0
BRDA:155,58,1,0
BRDA:156,59,0,0
BRDA:156,59,1,0
BRDA:164,60,0,0
BRDA:164,60,1,0
BRDA:164,60,2,0
BRDA:193,61,0,0
BRDA:193,61,1,0
BRDA:213,62,0,0
BRDA:213,62,1,0
BRF:137
BRH:38
end_of_record
TN:
SF:src\components\ForgotPasswordScreen.js
FN:5,_interopRequireDefault
FN:5,_getRequireWildcardCache
FN:5,_getRequireWildcardCache
FN:5,_interopRequireWildcard
FN:5,_classCallCheck
FN:5,_defineProperties
FN:5,_createClass
FN:5,_inherits
FN:5,_setPrototypeOf
FN:5,_setPrototypeOf
FN:5,_createSuper
FN:5,_createSuperInternal
FN:5,_possibleConstructorReturn
FN:5,_assertThisInitialized
FN:5,_isNativeReflectConstruct
FN:5,(anonymous_15)
FN:5,_getPrototypeOf
FN:5,_getPrototypeOf
FN:7,(anonymous_18)
FN:8,ForgotPasswordScreen
FN:18,_callee
FN:18,_callee$
FN:27,_callee3
FN:27,_callee3$
FN:31,_callee2
FN:31,_callee2$
FN:35,(anonymous_26)
FN:39,(anonymous_27)
FN:52,render
FNF:29
FNH:21
FNDA:2,_interopRequireDefault
FNDA:1,_getRequireWildcardCache
FNDA:0,_getRequireWildcardCache
FNDA:1,_interopRequireWildcard
FNDA:5,_classCallCheck
FNDA:1,_defineProperties
FNDA:1,_createClass
FNDA:1,_inherits
FNDA:1,_setPrototypeOf
FNDA:0,_setPrototypeOf
FNDA:1,_createSuper
FNDA:5,_createSuperInternal
FNDA:5,_possibleConstructorReturn
FNDA:0,_assertThisInitialized
FNDA:1,_isNativeReflectConstruct
FNDA:0,(anonymous_15)
FNDA:1,_getPrototypeOf
FNDA:0,_getPrototypeOf
FNDA:1,(anonymous_18)
FNDA:5,ForgotPasswordScreen
FNDA:3,_callee
FNDA:6,_callee$
FNDA:3,_callee3
FNDA:5,_callee3$
FNDA:0,_callee2
FNDA:0,_callee2$
FNDA:0,(anonymous_26)
FNDA:2,(anonymous_27)
FNDA:11,render
DA:1,1
DA:2,1
DA:3,1
DA:4,1
DA:5,28
DA:7,1
DA:8,5
DA:9,5
DA:18,6
DA:23,5
DA:27,8
DA:28,3
DA:29,2
DA:31,0
DA:33,0
DA:36,0
DA:37,0
DA:40,2
DA:41,0
DA:44,2
DA:45,1
DA:49,2
DA:51,1
DA:52,5
DA:59,11
DA:96,1
LF:26
LH:21
BRDA:5,0,0,2
BRDA:5,0,1,0
BRDA:5,1,0,2
BRDA:5,1,1,2
BRDA:5,2,0,0
BRDA:5,2,1,1
BRDA:5,3,0,0
BRDA:5,3,1,1
BRDA:5,4,0,1
BRDA:5,4,1,1
BRDA:5,5,0,0
BRDA:5,5,1,1
BRDA:5,6,0,1
BRDA:5,6,1,1
BRDA:5,6,2,0
BRDA:5,7,0,0
BRDA:5,7,1,1
BRDA:5,8,0,1
BRDA:5,8,1,1
BRDA:5,9,0,1
BRDA:5,9,1,1
BRDA:5,10,0,28
BRDA:5,10,1,0
BRDA:5,11,0,28
BRDA:5,11,1,0
BRDA:5,12,0,0
BRDA:5,12,1,28
BRDA:5,13,0,28
BRDA:5,13,1,28
BRDA:5,13,2,28
BRDA:5,14,0,1
BRDA:5,14,1,0
BRDA:5,15,0,0
BRDA:5,15,1,5
BRDA:5,16,0,1
BRDA:5,16,1,1
BRDA:5,17,0,1
BRDA:5,17,1,0
BRDA:5,18,0,1
BRDA:5,18,1,0
BRDA:5,19,0,0
BRDA:5,19,1,1
BRDA:5,20,0,0
BRDA:5,20,1,1
BRDA:5,21,0,1
BRDA:5,21,1,0
BRDA:5,22,0,1
BRDA:5,22,1,1
BRDA:5,23,0,1
BRDA:5,23,1,0
BRDA:5,24,0,1
BRDA:5,24,1,0
BRDA:5,25,0,5
BRDA:5,25,1,0
BRDA:5,26,0,5
BRDA:5,26,1,0
BRDA:5,27,0,5
BRDA:5,27,1,5
BRDA:5,27,2,0
BRDA:5,28,0,0
BRDA:5,28,1,0
BRDA:5,29,0,0
BRDA:5,29,1,1
BRDA:5,30,0,1
BRDA:5,30,1,1
BRDA:5,31,0,0
BRDA:5,31,1,1
BRDA:5,32,0,1
BRDA:5,32,1,0
BRDA:5,33,0,1
BRDA:5,33,1,0
BRDA:5,34,0,0
BRDA:5,34,1,0
BRDA:18,35,0,3
BRDA:18,35,1,3
BRDA:18,35,2,3
BRDA:27,36,0,3
BRDA:27,36,1,2
BRDA:27,36,2,1
BRDA:27,36,3,3
BRDA:27,36,4,3
BRDA:28,37,0,1
BRDA:28,37,1,2
BRDA:29,38,0,3
BRDA:29,38,1,3
BRDA:31,39,0,0
BRDA:31,39,1,0
BRDA:31,39,2,0
BRDA:31,39,3,0
BRDA:40,40,0,0
BRDA:40,40,1,2
BRDA:44,41,0,1
BRDA:44,41,1,1
BRDA:77,42,0,1
BRDA:77,42,1,10
BRDA:80,43,0,1
BRDA:80,43,1,10
BRDA:85,44,0,0
BRDA:85,44,1,11
BRF:99
BRH:64
end_of_record
TN:
SF:src\components\LogInScreen.js
FN:8,_interopRequireDefault
FN:8,_getRequireWildcardCache
FN:8,_getRequireWildcardCache
FN:8,_interopRequireWildcard
FN:8,_classCallCheck
FN:8,_defineProperties
FN:8,_createClass
FN:8,_inherits
FN:8,_setPrototypeOf
FN:8,_setPrototypeOf
FN:8,_createSuper
FN:8,_createSuperInternal
FN:8,_possibleConstructorReturn
FN:8,_assertThisInitialized
FN:8,_isNativeReflectConstruct
FN:8,(anonymous_15)
FN:8,_getPrototypeOf
FN:8,_getPrototypeOf
FN:10,(anonymous_18)
FN:11,LogInScreen
FN:37,_callee
FN:37,_callee$
FN:45,_callee2
FN:45,_callee2$
FN:53,_callee3
FN:53,_callee3$
FN:69,_callee5
FN:69,_callee5$
FN:73,_callee4
FN:73,_callee4$
FN:78,(anonymous_30)
FN:110,_callee6
FN:110,_callee6$
FN:121,(anonymous_33)
FN:127,(anonymous_34)
FN:133,_callee8
FN:133,_callee8$
FN:135,_callee7
FN:135,_callee7$
FN:143,(anonymous_39)
FN:145,componentDidMount
FN:145,componentDidMount$
FN:145,render
FNF:43
FNH:33
FNDA:4,_interopRequireDefault
FNDA:1,_getRequireWildcardCache
FNDA:0,_getRequireWildcardCache
FNDA:1,_interopRequireWildcard
FNDA:11,_classCallCheck
FNDA:1,_defineProperties
FNDA:1,_createClass
FNDA:1,_inherits
FNDA:1,_setPrototypeOf
FNDA:0,_setPrototypeOf
FNDA:1,_createSuper
FNDA:11,_createSuperInternal
FNDA:11,_possibleConstructorReturn
FNDA:0,_assertThisInitialized
FNDA:1,_isNativeReflectConstruct
FNDA:0,(anonymous_15)
FNDA:1,_getPrototypeOf
FNDA:0,_getPrototypeOf
FNDA:1,(anonymous_18)
FNDA:11,LogInScreen
FNDA:5,_callee
FNDA:10,_callee$
FNDA:5,_callee2
FNDA:10,_callee2$
FNDA:1,_callee3
FNDA:1,_callee3$
FNDA:5,_callee5
FNDA:9,_callee5$
FNDA:1,_callee4
FNDA:2,_callee4$
FNDA:3,(anonymous_30)
FNDA:1,_callee6
FNDA:3,_callee6$
FNDA:1,(anonymous_33)
FNDA:1,(anonymous_34)
FNDA:0,_callee8
FNDA:0,_callee8$
FNDA:0,_callee7
FNDA:0,_callee7$
FNDA:0,(anonymous_39)
FNDA:11,componentDidMount
FNDA:22,componentDidMount$
FNDA:28,render
DA:1,1
DA:2,1
DA:3,1
DA:4,1
DA:5,1
DA:6,1
DA:7,1
DA:8,28
DA:10,1
DA:11,11
DA:12,11
DA:37,10
DA:41,11
DA:45,10
DA:49,11
DA:53,1
DA:54,1
DA:55,1
DA:56,1
DA:57,1
DA:62,0
DA:65,11
DA:69,14
DA:70,5
DA:71,4
DA:73,2
DA:74,1
DA:76,1
DA:79,3
DA:80,0
DA:83,3
DA:84,1
DA:88,2
DA:89,1
DA:93,4
DA:96,1
DA:97,1
DA:101,1
DA:102,1
DA:105,11
DA:110,4
DA:113,1
DA:115,1
DA:117,11
DA:122,1
DA:123,1
DA:125,11
DA:128,1
DA:129,1
DA:131,11
DA:133,0
DA:134,0
DA:135,0
DA:137,0
DA:141,0
DA:144,0
DA:145,33
DA:149,28
DA:226,1
LF:59
LH:51
BRDA:8,0,0,2
BRDA:8,0,1,2
BRDA:8,1,0,4
BRDA:8,1,1,4
BRDA:8,2,0,0
BRDA:8,2,1,1
BRDA:8,3,0,0
BRDA:8,3,1,1
BRDA:8,4,0,1
BRDA:8,4,1,1
BRDA:8,5,0,0
BRDA:8,5,1,1
BRDA:8,6,0,1
BRDA:8,6,1,1
BRDA:8,6,2,0
BRDA:8,7,0,0
BRDA:8,7,1,1
BRDA:8,8,0,1
BRDA:8,8,1,1
BRDA:8,9,0,1
BRDA:8,9,1,1
BRDA:8,10,0,28
BRDA:8,10,1,0
BRDA:8,11,0,28
BRDA:8,11,1,0
BRDA:8,12,0,0
BRDA:8,12,1,28
BRDA:8,13,0,28
BRDA:8,13,1,28
BRDA:8,13,2,28
BRDA:8,14,0,1
BRDA:8,14,1,0
BRDA:8,15,0,0
BRDA:8,15,1,11
BRDA:8,16,0,2
BRDA:8,16,1,2
BRDA:8,17,0,2
BRDA:8,17,1,0
BRDA:8,18,0,1
BRDA:8,18,1,0
BRDA:8,19,0,0
BRDA:8,19,1,1
BRDA:8,20,0,0
BRDA:8,20,1,1
BRDA:8,21,0,1
BRDA:8,21,1,0
BRDA:8,22,0,1
BRDA:8,22,1,1
BRDA:8,23,0,1
BRDA:8,23,1,0
BRDA:8,24,0,1
BRDA:8,24,1,0
BRDA:8,25,0,11
BRDA:8,25,1,0
BRDA:8,26,0,11
BRDA:8,26,1,0
BRDA:8,27,0,11
BRDA:8,27,1,11
BRDA:8,27,2,0
BRDA:8,28,0,0
BRDA:8,28,1,0
BRDA:8,29,0,0
BRDA:8,29,1,1
BRDA:8,30,0,1
BRDA:8,30,1,1
BRDA:8,31,0,0
BRDA:8,31,1,1
BRDA:8,32,0,1
BRDA:8,32,1,0
BRDA:8,33,0,1
BRDA:8,33,1,0
BRDA:8,34,0,0
BRDA:8,34,1,0
BRDA:37,35,0,5
BRDA:37,35,1,5
BRDA:37,35,2,5
BRDA:45,36,0,5
BRDA:45,36,1,5
BRDA:45,36,2,5
BRDA:53,37,0,1
BRDA:53,37,1,1
BRDA:53,37,2,1
BRDA:56,38,0,1
BRDA:56,38,1,0
BRDA:69,39,0,5
BRDA:69,39,1,4
BRDA:69,39,2,1
BRDA:69,39,3,5
BRDA:69,39,4,5
BRDA:70,40,0,1
BRDA:70,40,1,4
BRDA:71,41,0,5
BRDA:71,41,1,4
BRDA:73,42,0,1
BRDA:73,42,1,1
BRDA:73,42,2,1
BRDA:73,42,3,1
BRDA:79,43,0,0
BRDA:79,43,1,3
BRDA:83,44,0,1
BRDA:83,44,1,2
BRDA:88,45,0,1
BRDA:88,45,1,1
BRDA:96,46,0,1
BRDA:96,46,1,0
BRDA:101,47,0,1
BRDA:101,47,1,0
BRDA:110,48,0,1
BRDA:110,48,1,1
BRDA:110,48,2,1
BRDA:110,48,3,0
BRDA:110,48,4,1
BRDA:110,48,5,1
BRDA:133,49,0,0
BRDA:133,49,1,0
BRDA:133,49,2,0
BRDA:135,50,0,0
BRDA:135,50,1,0
BRDA:135,50,2,0
BRDA:135,50,3,0
BRDA:145,51,0,11
BRDA:145,51,1,11
BRDA:145,51,2,0
BRDA:145,51,3,11
BRDA:145,51,4,11
BRDA:145,52,0,0
BRDA:145,52,1,11
BRDA:164,53,0,2
BRDA:164,53,1,26
BRDA:167,54,0,27
BRDA:167,54,1,1
BRDA:167,55,0,28
BRDA:167,55,1,1
BRDA:179,56,0,27
BRDA:179,56,1,1
BRDA:195,57,0,1
BRDA:195,57,1,27
BRDA:198,58,0,27
BRDA:198,58,1,1
BRDA:198,59,0,28
BRDA:198,59,1,1
BRF:141
BRH:99
end_of_record
TN:
SF:src\components\SignUpScreen.js
FN:6,_interopRequireDefault
FN:6,_getRequireWildcardCache
FN:6,_getRequireWildcardCache
FN:6,_interopRequireWildcard
FN:6,_classCallCheck
FN:6,_defineProperties
FN:6,_createClass
FN:6,_inherits
FN:6,_setPrototypeOf
FN:6,_setPrototypeOf
FN:6,_createSuper
FN:6,_createSuperInternal
FN:6,_possibleConstructorReturn
FN:6,_assertThisInitialized
FN:6,_isNativeReflectConstruct
FN:6,(anonymous_15)
FN:6,_getPrototypeOf
FN:6,_getPrototypeOf
FN:8,(anonymous_18)
FN:9,LogInScreen
FN:34,_callee
FN:34,_callee$
FN:46,_callee2
FN:46,_callee2$
FN:58,_callee3
FN:58,_callee3$
FN:67,_callee4
FN:67,_callee4$
FN:81,_callee5
FN:81,_callee5$
FN:90,_callee6
FN:90,_callee6$
FN:105,_callee7
FN:105,_callee7$
FN:112,_callee8
FN:112,_callee8$
FN:128,_callee9
FN:128,_callee9$
FN:144,_callee10
FN:144,_callee10$
FN:156,(anonymous_40)
FN:160,(anonymous_41)
FN:202,(anonymous_42)
FN:206,render
FNF:44
FNH:38
FNDA:3,_interopRequireDefault
FNDA:1,_getRequireWildcardCache
FNDA:0,_getRequireWildcardCache
FNDA:1,_interopRequireWildcard
FNDA:16,_classCallCheck
FNDA:1,_defineProperties
FNDA:1,_createClass
FNDA:1,_inherits
FNDA:1,_setPrototypeOf
FNDA:0,_setPrototypeOf
FNDA:1,_createSuper
FNDA:16,_createSuperInternal
FNDA:16,_possibleConstructorReturn
FNDA:0,_assertThisInitialized
FNDA:1,_isNativeReflectConstruct
FNDA:0,(anonymous_15)
FNDA:1,_getPrototypeOf
FNDA:0,_getPrototypeOf
FNDA:1,(anonymous_18)
FNDA:16,LogInScreen
FNDA:1,_callee
FNDA:2,_callee$
FNDA:1,_callee2
FNDA:2,_callee2$
FNDA:1,_callee3
FNDA:2,_callee3$
FNDA:3,_callee4
FNDA:3,_callee4$
FNDA:1,_callee5
FNDA:2,_callee5$
FNDA:3,_callee6
FNDA:3,_callee6$
FNDA:1,_callee7
FNDA:2,_callee7$
FNDA:1,_callee8
FNDA:1,_callee8$
FNDA:1,_callee9
FNDA:1,_callee9$
FNDA:3,_callee10
FNDA:3,_callee10$
FNDA:0,(anonymous_40)
FNDA:2,(anonymous_41)
FNDA:1,(anonymous_42)
FNDA:44,render
DA:1,1
DA:2,1
DA:3,1
DA:4,1
DA:5,1
DA:6,28
DA:8,1
DA:9,16
DA:10,16
DA:34,2
DA:40,1
DA:41,1
DA:43,16
DA:46,2
DA:52,1
DA:53,1
DA:55,16
DA:58,2
DA:64,16
DA:67,3
DA:68,3
DA:69,3
DA:70,2
DA:74,1
DA:78,16
DA:81,2
DA:87,16
DA:90,3
DA:91,3
DA:92,3
DA:93,2
DA:98,1
DA:102,16
DA:105,2
DA:108,16
DA:112,1
DA:113,1
DA:114,1
DA:116,1
DA:117,1
DA:121,0
DA:124,16
DA:128,1
DA:129,1
DA:130,1
DA:132,1
DA:133,1
DA:137,0
DA:140,16
DA:144,3
DA:145,3
DA:146,3
DA:155,2
DA:157,0
DA:158,0
DA:161,2
DA:162,0
DA:166,2
DA:167,1
DA:173,1
DA:174,1
DA:178,1
DA:179,1
DA:183,1
DA:184,1
DA:188,1
DA:189,1
DA:193,1
DA:194,1
DA:198,16
DA:203,1
DA:204,1
DA:206,16
DA:209,44
DA:350,1
LF:75
LH:70
BRDA:6,0,0,3
BRDA:6,0,1,0
BRDA:6,1,0,3
BRDA:6,1,1,3
BRDA:6,2,0,0
BRDA:6,2,1,1
BRDA:6,3,0,0
BRDA:6,3,1,1
BRDA:6,4,0,1
BRDA:6,4,1,1
BRDA:6,5,0,0
BRDA:6,5,1,1
BRDA:6,6,0,1
BRDA:6,6,1,1
BRDA:6,6,2,0
BRDA:6,7,0,0
BRDA:6,7,1,1
BRDA:6,8,0,1
BRDA:6,8,1,1
BRDA:6,9,0,1
BRDA:6,9,1,1
BRDA:6,10,0,28
BRDA:6,10,1,0
BRDA:6,11,0,28
BRDA:6,11,1,0
BRDA:6,12,0,0
BRDA:6,12,1,28
BRDA:6,13,0,28
BRDA:6,13,1,28
BRDA:6,13,2,28
BRDA:6,14,0,1
BRDA:6,14,1,0
BRDA:6,15,0,0
BRDA:6,15,1,16
BRDA:6,16,0,1
BRDA:6,16,1,1
BRDA:6,17,0,1
BRDA:6,17,1,0
BRDA:6,18,0,1
BRDA:6,18,1,0
BRDA:6,19,0,0
BRDA:6,19,1,1
BRDA:6,20,0,0
BRDA:6,20,1,1
BRDA:6,21,0,1
BRDA:6,21,1,0
BRDA:6,22,0,1
BRDA:6,22,1,1
BRDA:6,23,0,1
BRDA:6,23,1,0
BRDA:6,24,0,1
BRDA:6,24,1,0
BRDA:6,25,0,16
BRDA:6,25,1,0
BRDA:6,26,0,16
BRDA:6,26,1,0
BRDA:6,27,0,16
BRDA:6,27,1,16
BRDA:6,27,2,0
BRDA:6,28,0,0
BRDA:6,28,1,0
BRDA:6,29,0,0
BRDA:6,29,1,1
BRDA:6,30,0,1
BRDA:6,30,1,1
BRDA:6,31,0,0
BRDA:6,31,1,1
BRDA:6,32,0,1
BRDA:6,32,1,0
BRDA:6,33,0,1
BRDA:6,33,1,0
BRDA:6,34,0,0
BRDA:6,34,1,0
BRDA:34,35,0,1
BRDA:34,35,1,1
BRDA:34,35,2,1
BRDA:34,35,3,1
BRDA:41,36,0,1
BRDA:41,36,1,0
BRDA:46,37,0,1
BRDA:46,37,1,1
BRDA:46,37,2,1
BRDA:46,37,3,1
BRDA:53,38,0,1
BRDA:53,38,1,0
BRDA:58,39,0,1
BRDA:58,39,1,1
BRDA:58,39,2,1
BRDA:58,39,3,1
BRDA:67,40,0,3
BRDA:67,40,1,3
BRDA:67,40,2,3
BRDA:69,41,0,2
BRDA:69,41,1,1
BRDA:81,42,0,1
BRDA:81,42,1,1
BRDA:81,42,2,1
BRDA:81,42,3,1
BRDA:90,43,0,3
BRDA:90,43,1,3
BRDA:90,43,2,3
BRDA:92,44,0,2
BRDA:92,44,1,1
BRDA:105,45,0,1
BRDA:105,45,1,1
BRDA:105,45,2,1
BRDA:112,46,0,1
BRDA:112,46,1,1
BRDA:112,46,2,1
BRDA:116,47,0,1
BRDA:116,47,1,0
BRDA:128,48,0,1
BRDA:128,48,1,1
BRDA:128,48,2,1
BRDA:132,49,0,1
BRDA:132,49,1,0
BRDA:144,50,0,3
BRDA:144,50,1,3
BRDA:144,50,2,3
BRDA:146,51,0,2
BRDA:146,51,1,1
BRDA:146,52,0,3
BRDA:146,52,1,3
BRDA:146,52,2,3
BRDA:146,52,3,3
BRDA:146,52,4,3
BRDA:146,52,5,2
BRDA:146,52,6,2
BRDA:146,52,7,2
BRDA:146,52,8,2
BRDA:161,53,0,0
BRDA:161,53,1,2
BRDA:166,54,0,1
BRDA:166,54,1,1
BRDA:173,55,0,1
BRDA:173,55,1,0
BRDA:178,56,0,1
BRDA:178,56,1,0
BRDA:183,57,0,1
BRDA:183,57,1,0
BRDA:188,58,0,1
BRDA:188,58,1,0
BRDA:193,59,0,1
BRDA:193,59,1,0
BRDA:228,60,0,5
BRDA:228,60,1,39
BRDA:231,61,0,44
BRDA:231,61,1,0
BRDA:231,62,0,44
BRDA:231,62,1,0
BRDA:244,63,0,4
BRDA:244,63,1,40
BRDA:247,64,0,44
BRDA:247,64,1,0
BRDA:247,65,0,44
BRDA:247,65,1,0
BRDA:260,66,0,3
BRDA:260,66,1,41
BRDA:276,67,0,43
BRDA:276,67,1,1
BRDA:292,68,0,2
BRDA:292,68,1,42
BRDA:295,69,0,43
BRDA:295,69,1,1
BRDA:295,70,0,44
BRDA:295,70,1,1
BRDA:295,70,2,1
BRDA:308,71,0,43
BRDA:308,71,1,1
BRDA:324,72,0,1
BRDA:324,72,1,43
BRDA:327,73,0,43
BRDA:327,73,1,1
BRF:173
BRH:130
end_of_record
TN:
SF:src\components\DashboardComponents\BottomBar.js
FN:5,_interopRequireDefault
FN:5,_getRequireWildcardCache
FN:5,_getRequireWildcardCache
FN:5,_interopRequireWildcard
FN:5,_classCallCheck
FN:5,_defineProperties
FN:5,_createClass
FN:5,_inherits
FN:5,_setPrototypeOf
FN:5,_setPrototypeOf
FN:5,_createSuper
FN:5,_createSuperInternal
FN:5,_possibleConstructorReturn
FN:5,_assertThisInitialized
FN:5,_isNativeReflectConstruct
FN:5,(anonymous_15)
FN:5,_getPrototypeOf
FN:5,_getPrototypeOf
FN:7,(anonymous_18)
FN:7,Bottombar
FN:8,(anonymous_20)
FN:27,render
FN:62,mapDispatchToProps
FN:64,storeEditNotesDetails
FN:65,storeNoteKeyToUpdateNotes
FN:66,storeSelectedLabelKeys
FN:67,storelabelScreen
FNF:27
FNH:10
FNDA:2,_interopRequireDefault
FNDA:2,_getRequireWildcardCache
FNDA:0,_getRequireWildcardCache
FNDA:2,_interopRequireWildcard
FNDA:0,_classCallCheck
FNDA:2,_defineProperties
FNDA:2,_createClass
FNDA:2,_inherits
FNDA:2,_setPrototypeOf
FNDA:0,_setPrototypeOf
FNDA:2,_createSuper
FNDA:0,_createSuperInternal
FNDA:0,_possibleConstructorReturn
FNDA:0,_assertThisInitialized
FNDA:2,_isNativeReflectConstruct
FNDA:0,(anonymous_15)
FNDA:0,_getPrototypeOf
FNDA:0,_getPrototypeOf
FNDA:2,(anonymous_18)
FNDA:0,Bottombar
FNDA:0,(anonymous_20)
FNDA:0,render
FNDA:0,mapDispatchToProps
FNDA:0,storeEditNotesDetails
FNDA:0,storeNoteKeyToUpdateNotes
FNDA:0,storeSelectedLabelKeys
FNDA:0,storelabelScreen
DA:1,2
DA:2,2
DA:3,2
DA:4,2
DA:5,56
DA:7,2
DA:9,0
DA:10,0
DA:18,0
DA:19,0
DA:21,0
DA:23,0
DA:24,0
DA:25,0
DA:27,2
DA:30,0
DA:59,2
DA:62,2
DA:63,0
DA:64,0
DA:65,0
DA:66,0
DA:67,0
DA:71,2
LF:24
LH:10
BRDA:5,0,0,2
BRDA:5,0,1,0
BRDA:5,1,0,2
BRDA:5,1,1,2
BRDA:5,2,0,0
BRDA:5,2,1,2
BRDA:5,3,0,0
BRDA:5,3,1,2
BRDA:5,4,0,2
BRDA:5,4,1,2
BRDA:5,5,0,0
BRDA:5,5,1,2
BRDA:5,6,0,2
BRDA:5,6,1,2
BRDA:5,6,2,0
BRDA:5,7,0,0
BRDA:5,7,1,2
BRDA:5,8,0,2
BRDA:5,8,1,2
BRDA:5,9,0,2
BRDA:5,9,1,2
BRDA:5,10,0,56
BRDA:5,10,1,0
BRDA:5,11,0,56
BRDA:5,11,1,0
BRDA:5,12,0,0
BRDA:5,12,1,56
BRDA:5,13,0,56
BRDA:5,13,1,56
BRDA:5,13,2,56
BRDA:5,14,0,2
BRDA:5,14,1,0
BRDA:5,15,0,0
BRDA:5,15,1,0
BRDA:5,16,0,2
BRDA:5,16,1,2
BRDA:5,17,0,2
BRDA:5,17,1,0
BRDA:5,18,0,2
BRDA:5,18,1,0
BRDA:5,19,0,0
BRDA:5,19,1,2
BRDA:5,20,0,0
BRDA:5,20,1,2
BRDA:5,21,0,2
BRDA:5,21,1,0
BRDA:5,22,0,2
BRDA:5,22,1,2
BRDA:5,23,0,2
BRDA:5,23,1,0
BRDA:5,24,0,2
BRDA:5,24,1,0
BRDA:5,25,0,0
BRDA:5,25,1,0
BRDA:5,26,0,0
BRDA:5,26,1,0
BRDA:5,27,0,0
BRDA:5,27,1,0
BRDA:5,27,2,0
BRDA:5,28,0,0
BRDA:5,28,1,0
BRDA:5,29,0,0
BRDA:5,29,1,2
BRDA:5,30,0,2
BRDA:5,30,1,2
BRDA:5,31,0,0
BRDA:5,31,1,2
BRDA:5,32,0,2
BRDA:5,32,1,0
BRDA:5,33,0,0
BRDA:5,33,1,0
BRDA:5,34,0,0
BRDA:5,34,1,0
BRDA:18,35,0,0
BRDA:18,35,1,0
BRF:75
BRH:38
end_of_record
TN:
SF:src\components\DashboardComponents\DashBoardScreen.js
FN:9,_interopRequireDefault
FN:9,_getRequireWildcardCache
FN:9,_getRequireWildcardCache
FN:9,_interopRequireWildcard
FN:9,_classCallCheck
FN:9,_defineProperties
FN:9,_createClass
FN:9,_inherits
FN:9,_setPrototypeOf
FN:9,_setPrototypeOf
FN:9,_createSuper
FN:9,_createSuperInternal
FN:9,_possibleConstructorReturn
FN:9,_assertThisInitialized
FN:9,_isNativeReflectConstruct
FN:9,(anonymous_15)
FN:9,_getPrototypeOf
FN:9,_getPrototypeOf
FN:11,(anonymous_18)
FN:12,Dashboard
FN:23,_callee
FN:23,_callee$
FN:39,_callee4
FN:39,_callee4$
FN:41,_callee2
FN:41,_callee2$
FN:52,_callee3
FN:52,_callee3$
FN:62,(anonymous_28)
FN:70,_callee5
FN:70,_callee5$
FN:79,_callee6
FN:79,_callee6$
FN:88,(anonymous_33)
FN:91,(anonymous_34)
FN:92,(anonymous_35)
FN:96,_callee7
FN:96,_callee7$
FN:100,render
FNF:39
FNH:23
FNDA:6,_interopRequireDefault
FNDA:1,_getRequireWildcardCache
FNDA:0,_getRequireWildcardCache
FNDA:1,_interopRequireWildcard
FNDA:3,_classCallCheck
FNDA:1,_defineProperties
FNDA:1,_createClass
FNDA:1,_inherits
FNDA:1,_setPrototypeOf
FNDA:0,_setPrototypeOf
FNDA:1,_createSuper
FNDA:3,_createSuperInternal
FNDA:3,_possibleConstructorReturn
FNDA:0,_assertThisInitialized
FNDA:1,_isNativeReflectConstruct
FNDA:0,(anonymous_15)
FNDA:1,_getPrototypeOf
FNDA:0,_getPrototypeOf
FNDA:1,(anonymous_18)
FNDA:3,Dashboard
FNDA:3,_callee
FNDA:6,_callee$
FNDA:4,_callee4
FNDA:4,_callee4$
FNDA:0,_callee2
FNDA:0,_callee2$
FNDA:0,_callee3
FNDA:0,_callee3$
FNDA:1,(anonymous_28)
FNDA:0,_callee5
FNDA:0,_callee5$
FNDA:0,_callee6
FNDA:0,_callee6$
FNDA:0,(anonymous_33)
FNDA:0,(anonymous_34)
FNDA:0,(anonymous_35)
FNDA:1,_callee7
FNDA:2,_callee7$
FNDA:6,render
DA:1,1
DA:2,1
DA:3,1
DA:4,1
DA:5,1
DA:6,1
DA:7,1
DA:8,1
DA:9,28
DA:11,1
DA:12,3
DA:13,3
DA:23,6
DA:24,3
DA:25,0
DA:26,0
DA:28,0
DA:31,0
DA:33,3
DA:39,4
DA:41,0
DA:42,0
DA:44,0
DA:48,0
DA:52,0
DA:53,0
DA:58,3
DA:63,1
DA:64,1
DA:68,3
DA:70,0
DA:71,0
DA:75,3
DA:79,0
DA:80,0
DA:84,3
DA:89,0
DA:90,0
DA:91,0
DA:92,0
DA:94,3
DA:96,2
DA:100,3
DA:104,6
DA:155,1
LF:45
LH:27
BRDA:9,0,0,6
BRDA:9,0,1,0
BRDA:9,1,0,6
BRDA:9,1,1,6
BRDA:9,2,0,0
BRDA:9,2,1,1
BRDA:9,3,0,0
BRDA:9,3,1,1
BRDA:9,4,0,1
BRDA:9,4,1,1
BRDA:9,5,0,0
BRDA:9,5,1,1
BRDA:9,6,0,1
BRDA:9,6,1,1
BRDA:9,6,2,0
BRDA:9,7,0,0
BRDA:9,7,1,1
BRDA:9,8,0,1
BRDA:9,8,1,1
BRDA:9,9,0,1
BRDA:9,9,1,1
BRDA:9,10,0,28
BRDA:9,10,1,0
BRDA:9,11,0,28
BRDA:9,11,1,0
BRDA:9,12,0,0
BRDA:9,12,1,28
BRDA:9,13,0,28
BRDA:9,13,1,28
BRDA:9,13,2,28
BRDA:9,14,0,1
BRDA:9,14,1,0
BRDA:9,15,0,0
BRDA:9,15,1,3
BRDA:9,16,0,1
BRDA:9,16,1,1
BRDA:9,17,0,1
BRDA:9,17,1,0
BRDA:9,18,0,1
BRDA:9,18,1,0
BRDA:9,19,0,0
BRDA:9,19,1,1
BRDA:9,20,0,0
BRDA:9,20,1,1
BRDA:9,21,0,1
BRDA:9,21,1,0
BRDA:9,22,0,1
BRDA:9,22,1,1
BRDA:9,23,0,1
BRDA:9,23,1,0
BRDA:9,24,0,1
BRDA:9,24,1,0
BRDA:9,25,0,3
BRDA:9,25,1,0
BRDA:9,26,0,3
BRDA:9,26,1,0
BRDA:9,27,0,3
BRDA:9,27,1,3
BRDA:9,27,2,0
BRDA:9,28,0,0
BRDA:9,28,1,0
BRDA:9,29,0,0
BRDA:9,29,1,1
BRDA:9,30,0,1
BRDA:9,30,1,1
BRDA:9,31,0,0
BRDA:9,31,1,1
BRDA:9,32,0,1
BRDA:9,32,1,0
BRDA:9,33,0,1
BRDA:9,33,1,0
BRDA:9,34,0,0
BRDA:9,34,1,0
BRDA:23,35,0,3
BRDA:23,35,1,0
BRDA:23,35,2,0
BRDA:23,35,3,3
BRDA:24,36,0,0
BRDA:24,36,1,0
BRDA:25,37,0,0
BRDA:25,37,1,0
BRDA:28,38,0,0
BRDA:28,38,1,0
BRDA:39,39,0,4
BRDA:39,39,1,0
BRDA:39,39,2,0
BRDA:41,40,0,0
BRDA:41,40,1,0
BRDA:41,40,2,0
BRDA:41,40,3,0
BRDA:41,40,4,0
BRDA:41,41,0,0
BRDA:41,41,1,0
BRDA:52,42,0,0
BRDA:52,42,1,0
BRDA:52,42,2,0
BRDA:52,42,3,0
BRDA:52,43,0,0
BRDA:52,43,1,0
BRDA:70,44,0,0
BRDA:70,44,1,0
BRDA:70,44,2,0
BRDA:70,44,3,0
BRDA:79,45,0,0
BRDA:79,45,1,0
BRDA:79,45,2,0
BRDA:79,45,3,0
BRDA:96,46,0,1
BRDA:96,46,1,1
BRDA:96,46,2,1
BRDA:96,46,3,1
BRF:111
BRH:51
end_of_record
TN:
SF:src\components\DashboardComponents\NotesView.js
FN:15,_interopRequireDefault
FN:15,_getRequireWildcardCache
FN:15,_getRequireWildcardCache
FN:15,_interopRequireWildcard
FN:15,_classCallCheck
FN:15,_defineProperties
FN:15,_createClass
FN:15,_inherits
FN:15,_setPrototypeOf
FN:15,_setPrototypeOf
FN:15,_createSuper
FN:15,_createSuperInternal
FN:15,_possibleConstructorReturn
FN:15,_assertThisInitialized
FN:15,_isNativeReflectConstruct
FN:15,(anonymous_15)
FN:15,_getPrototypeOf
FN:15,_getPrototypeOf
FN:17,(anonymous_18)
FN:18,NotesView
FN:43,_callee4
FN:43,_callee4$
FN:50,_callee3
FN:50,_callee3$
FN:65,_callee
FN:65,_callee$
FN:75,_callee2
FN:75,_callee2$
FN:87,(anonymous_28)
FN:91,(anonymous_29)
FN:106,(anonymous_30)
FN:119,isPortrait
FN:119,(anonymous_32)
FN:119,render
FN:131,(anonymous_34)
FN:136,onPress
FN:150,(anonymous_36)
FN:182,mapStateToProps
FN:189,mapDispatchToProps
FN:191,storeUserId
FN:192,storeEditNotesDetails
FN:193,storeNoteKeyToUpdateNotes
FN:194,storeSelectedLabelKeys
FN:195,storelabelsAndLabelKeys
FNF:44
FNH:10
FNDA:10,_interopRequireDefault
FNDA:2,_getRequireWildcardCache
FNDA:0,_getRequireWildcardCache
FNDA:2,_interopRequireWildcard
FNDA:0,_classCallCheck
FNDA:2,_defineProperties
FNDA:2,_createClass
FNDA:2,_inherits
FNDA:2,_setPrototypeOf
FNDA:0,_setPrototypeOf
FNDA:2,_createSuper
FNDA:0,_createSuperInternal
FNDA:0,_possibleConstructorReturn
FNDA:0,_assertThisInitialized
FNDA:2,_isNativeReflectConstruct
FNDA:0,(anonymous_15)
FNDA:0,_getPrototypeOf
FNDA:0,_getPrototypeOf
FNDA:2,(anonymous_18)
FNDA:0,NotesView
FNDA:0,_callee4
FNDA:0,_callee4$
FNDA:0,_callee3
FNDA:0,_callee3$
FNDA:0,_callee
FNDA:0,_callee$
FNDA:0,_callee2
FNDA:0,_callee2$
FNDA:0,(anonymous_28)
FNDA:0,(anonymous_29)
FNDA:0,(anonymous_30)
FNDA:0,isPortrait
FNDA:0,(anonymous_32)
FNDA:0,render
FNDA:0,(anonymous_34)
FNDA:0,onPress
FNDA:0,(anonymous_36)
FNDA:0,mapStateToProps
FNDA:0,mapDispatchToProps
FNDA:0,storeUserId
FNDA:0,storeEditNotesDetails
FNDA:0,storeNoteKeyToUpdateNotes
FNDA:0,storeSelectedLabelKeys
FNDA:0,storelabelsAndLabelKeys
DA:1,2
DA:2,2
DA:3,2
DA:4,2
DA:5,2
DA:6,2
DA:7,2
DA:8,2
DA:13,2
DA:14,2
DA:15,56
DA:17,2
DA:18,0
DA:19,0
DA:43,0
DA:45,0
DA:46,0
DA:47,0
DA:50,0
DA:51,0
DA:52,0
DA:53,0
DA:54,0
DA:55,0
DA:56,0
DA:59,0
DA:61,0
DA:65,0
DA:66,0
DA:70,0
DA:74,0
DA:75,0
DA:76,0
DA:77,0
DA:78,0
DA:79,0
DA:80,0
DA:84,0
DA:87,0
DA:92,0
DA:99,0
DA:100,0
DA:101,0
DA:103,0
DA:104,0
DA:107,0
DA:114,0
DA:115,0
DA:116,0
DA:118,0
DA:119,2
DA:121,0
DA:122,0
DA:131,0
DA:137,0
DA:150,0
DA:179,2
DA:182,2
DA:183,0
DA:189,2
DA:190,0
DA:191,0
DA:192,0
DA:193,0
DA:194,0
DA:195,0
DA:199,2
LF:67
LH:17
BRDA:15,0,0,8
BRDA:15,0,1,2
BRDA:15,1,0,10
BRDA:15,1,1,10
BRDA:15,2,0,0
BRDA:15,2,1,2
BRDA:15,3,0,0
BRDA:15,3,1,2
BRDA:15,4,0,2
BRDA:15,4,1,2
BRDA:15,5,0,0
BRDA:15,5,1,2
BRDA:15,6,0,2
BRDA:15,6,1,2
BRDA:15,6,2,0
BRDA:15,7,0,0
BRDA:15,7,1,2
BRDA:15,8,0,2
BRDA:15,8,1,2
BRDA:15,9,0,2
BRDA:15,9,1,2
BRDA:15,10,0,56
BRDA:15,10,1,0
BRDA:15,11,0,56
BRDA:15,11,1,0
BRDA:15,12,0,0
BRDA:15,12,1,56
BRDA:15,13,0,56
BRDA:15,13,1,56
BRDA:15,13,2,56
BRDA:15,14,0,2
BRDA:15,14,1,0
BRDA:15,15,0,0
BRDA:15,15,1,0
BRDA:15,16,0,2
BRDA:15,16,1,2
BRDA:15,17,0,2
BRDA:15,17,1,0
BRDA:15,18,0,2
BRDA:15,18,1,0
BRDA:15,19,0,0
BRDA:15,19,1,2
BRDA:15,20,0,0
BRDA:15,20,1,2
BRDA:15,21,0,2
BRDA:15,21,1,0
BRDA:15,22,0,2
BRDA:15,22,1,2
BRDA:15,23,0,2
BRDA:15,23,1,0
BRDA:15,24,0,2
BRDA:15,24,1,0
BRDA:15,25,0,0
BRDA:15,25,1,0
BRDA:15,26,0,0
BRDA:15,26,1,0
BRDA:15,27,0,0
BRDA:15,27,1,0
BRDA:15,27,2,0
BRDA:15,28,0,0
BRDA:15,28,1,0
BRDA:15,29,0,0
BRDA:15,29,1,2
BRDA:15,30,0,2
BRDA:15,30,1,2
BRDA:15,31,0,0
BRDA:15,31,1,2
BRDA:15,32,0,2
BRDA:15,32,1,0
BRDA:15,33,0,0
BRDA:15,33,1,0
BRDA:15,34,0,0
BRDA:15,34,1,0
BRDA:43,35,0,0
BRDA:43,35,1,0
BRDA:43,35,2,0
BRDA:43,35,3,0
BRDA:43,35,4,0
BRDA:50,36,0,0
BRDA:50,36,1,0
BRDA:50,36,2,0
BRDA:50,36,3,0
BRDA:50,36,4,0
BRDA:51,37,0,0
BRDA:51,37,1,0
BRDA:54,38,0,0
BRDA:54,38,1,0
BRDA:55,39,0,0
BRDA:55,39,1,0
BRDA:65,40,0,0
BRDA:65,40,1,0
BRDA:65,40,2,0
BRDA:66,41,0,0
BRDA:66,41,1,0
BRDA:66,42,0,0
BRDA:66,42,1,0
BRDA:75,43,0,0
BRDA:75,43,1,0
BRDA:75,43,2,0
BRDA:75,43,3,0
BRDA:75,44,0,0
BRDA:75,44,1,0
BRDA:119,45,0,0
BRDA:119,45,1,0
BRDA:119,46,0,0
BRDA:119,46,1,0
BRDA:124,47,0,0
BRDA:124,47,1,0
BRDA:130,48,0,0
BRDA:130,48,1,0
BRDA:133,49,0,0
BRDA:133,49,1,0
BRDA:133,50,0,0
BRDA:133,50,1,0
BRDA:135,51,0,0
BRDA:135,51,1,0
BRDA:137,52,0,0
BRDA:137,52,1,0
BRDA:149,53,0,0
BRDA:149,53,1,0
BRDA:151,54,0,0
BRDA:151,54,1,0
BRDA:171,55,0,0
BRDA:171,55,1,0
BRF:124
BRH:39
end_of_record
TN:
SF:src\components\DashboardComponents\Profile.js
FN:11,_interopRequireDefault
FN:11,_getRequireWildcardCache
FN:11,_getRequireWildcardCache
FN:11,_interopRequireWildcard
FN:11,_classCallCheck
FN:11,_defineProperties
FN:11,_createClass
FN:11,_inherits
FN:11,_setPrototypeOf
FN:11,_setPrototypeOf
FN:11,_createSuper
FN:11,_createSuperInternal
FN:11,_possibleConstructorReturn
FN:11,_assertThisInitialized
FN:11,_isNativeReflectConstruct
FN:11,(anonymous_15)
FN:11,_getPrototypeOf
FN:11,_getPrototypeOf
FN:19,(anonymous_18)
FN:20,App
FN:29,_callee
FN:29,_callee$
FN:31,(anonymous_22)
FN:38,_callee2
FN:38,_callee2$
FN:45,_callee3
FN:45,_callee3$
FN:57,(anonymous_27)
FN:64,_callee5
FN:64,_callee5$
FN:67,(anonymous_30)
FN:72,_callee4
FN:72,_callee4$
FN:84,_callee8
FN:84,_callee8$
FN:91,_callee7
FN:91,_callee7$
FN:94,(anonymous_37)
FN:99,_callee6
FN:99,_callee6$
FN:111,(anonymous_40)
FN:112,_callee9
FN:112,_callee9$
FN:119,(anonymous_43)
FN:122,(anonymous_44)
FN:126,(anonymous_45)
FN:130,(anonymous_46)
FN:134,(anonymous_47)
FN:138,render
FN:160,onPress
FN:177,ref
FN:193,onPress
FN:201,onPress
FN:209,onPress
FNF:54
FNH:10
FNDA:7,_interopRequireDefault
FNDA:1,_getRequireWildcardCache
FNDA:0,_getRequireWildcardCache
FNDA:1,_interopRequireWildcard
FNDA:0,_classCallCheck
FNDA:1,_defineProperties
FNDA:1,_createClass
FNDA:1,_inherits
FNDA:1,_setPrototypeOf
FNDA:0,_setPrototypeOf
FNDA:1,_createSuper
FNDA:0,_createSuperInternal
FNDA:0,_possibleConstructorReturn
FNDA:0,_assertThisInitialized
FNDA:1,_isNativeReflectConstruct
FNDA:0,(anonymous_15)
FNDA:0,_getPrototypeOf
FNDA:0,_getPrototypeOf
FNDA:1,(anonymous_18)
FNDA:0,App
FNDA:0,_callee
FNDA:0,_callee$
FNDA:0,(anonymous_22)
FNDA:0,_callee2
FNDA:0,_callee2$
FNDA:0,_callee3
FNDA:0,_callee3$
FNDA:0,(anonymous_27)
FNDA:0,_callee5
FNDA:0,_callee5$
FNDA:0,(anonymous_30)
FNDA:0,_callee4
FNDA:0,_callee4$
FNDA:0,_callee8
FNDA:0,_callee8$
FNDA:0,_callee7
FNDA:0,_callee7$
FNDA:0,(anonymous_37)
FNDA:0,_callee6
FNDA:0,_callee6$
FNDA:0,(anonymous_40)
FNDA:0,_callee9
FNDA:0,_callee9$
FNDA:0,(anonymous_43)
FNDA:0,(anonymous_44)
FNDA:0,(anonymous_45)
FNDA:0,(anonymous_46)
FNDA:0,(anonymous_47)
FNDA:0,render
FNDA:0,onPress
FNDA:0,ref
FNDA:0,onPress
FNDA:0,onPress
FNDA:0,onPress
DA:1,1
DA:2,1
DA:3,1
DA:4,1
DA:5,1
DA:6,1
DA:7,1
DA:8,1
DA:9,1
DA:10,1
DA:11,28
DA:13,1
DA:14,1
DA:15,1
DA:16,1
DA:17,1
DA:19,1
DA:20,0
DA:21,0
DA:29,0
DA:32,0
DA:35,0
DA:38,0
DA:42,0
DA:45,0
DA:46,0
DA:49,0
DA:51,0
DA:53,0
DA:58,0
DA:59,0
DA:64,0
DA:65,0
DA:68,0
DA:72,0
DA:73,0
DA:78,0
DA:82,0
DA:84,0
DA:85,0
DA:86,0
DA:91,0
DA:92,0
DA:95,0
DA:99,0
DA:100,0
DA:105,0
DA:111,0
DA:112,0
DA:113,0
DA:114,0
DA:116,0
DA:117,0
DA:118,0
DA:120,0
DA:123,0
DA:124,0
DA:127,0
DA:128,0
DA:131,0
DA:132,0
DA:135,0
DA:136,0
DA:138,1
DA:140,0
DA:141,0
DA:161,0
DA:162,0
DA:178,0
DA:194,0
DA:195,0
DA:202,0
DA:203,0
DA:210,0
DA:211,0
DA:222,1
LF:76
LH:19
BRDA:11,0,0,4
BRDA:11,0,1,3
BRDA:11,1,0,7
BRDA:11,1,1,7
BRDA:11,2,0,0
BRDA:11,2,1,1
BRDA:11,3,0,0
BRDA:11,3,1,1
BRDA:11,4,0,1
BRDA:11,4,1,1
BRDA:11,5,0,0
BRDA:11,5,1,1
BRDA:11,6,0,1
BRDA:11,6,1,1
BRDA:11,6,2,0
BRDA:11,7,0,0
BRDA:11,7,1,1
BRDA:11,8,0,1
BRDA:11,8,1,1
BRDA:11,9,0,1
BRDA:11,9,1,1
BRDA:11,10,0,28
BRDA:11,10,1,0
BRDA:11,11,0,28
BRDA:11,11,1,0
BRDA:11,12,0,0
BRDA:11,12,1,28
BRDA:11,13,0,28
BRDA:11,13,1,28
BRDA:11,13,2,28
BRDA:11,14,0,1
BRDA:11,14,1,0
BRDA:11,15,0,0
BRDA:11,15,1,0
BRDA:11,16,0,1
BRDA:11,16,1,1
BRDA:11,17,0,1
BRDA:11,17,1,0
BRDA:11,18,0,1
BRDA:11,18,1,0
BRDA:11,19,0,0
BRDA:11,19,1,1
BRDA:11,20,0,0
BRDA:11,20,1,1
BRDA:11,21,0,1
BRDA:11,21,1,0
BRDA:11,22,0,1
BRDA:11,22,1,1
BRDA:11,23,0,1
BRDA:11,23,1,0
BRDA:11,24,0,1
BRDA:11,24,1,0
BRDA:11,25,0,0
BRDA:11,25,1,0
BRDA:11,26,0,0
BRDA:11,26,1,0
BRDA:11,27,0,0
BRDA:11,27,1,0
BRDA:11,27,2,0
BRDA:11,28,0,0
BRDA:11,28,1,0
BRDA:11,29,0,0
BRDA:11,29,1,1
BRDA:11,30,0,1
BRDA:11,30,1,1
BRDA:11,31,0,0
BRDA:11,31,1,1
BRDA:11,32,0,1
BRDA:11,32,1,0
BRDA:11,33,0,0
BRDA:11,33,1,0
BRDA:11,34,0,0
BRDA:11,34,1,0
BRDA:29,35,0,0
BRDA:29,35,1,0
BRDA:29,35,2,0
BRDA:38,36,0,0
BRDA:38,36,1,0
BRDA:38,36,2,0
BRDA:38,36,3,0
BRDA:42,37,0,0
BRDA:42,37,1,0
BRDA:45,38,0,0
BRDA:45,38,1,0
BRDA:45,38,2,0
BRDA:45,38,3,0
BRDA:45,38,4,0
BRDA:45,38,5,0
BRDA:64,39,0,0
BRDA:64,39,1,0
BRDA:64,39,2,0
BRDA:64,40,0,0
BRDA:64,40,1,0
BRDA:72,41,0,0
BRDA:72,41,1,0
BRDA:72,41,2,0
BRDA:72,41,3,0
BRDA:72,42,0,0
BRDA:72,42,1,0
BRDA:84,43,0,0
BRDA:84,43,1,0
BRDA:84,43,2,0
BRDA:91,44,0,0
BRDA:91,44,1,0
BRDA:91,44,2,0
BRDA:91,45,0,0
BRDA:91,45,1,0
BRDA:99,46,0,0
BRDA:99,46,1,0
BRDA:99,46,2,0
BRDA:99,46,3,0
BRDA:99,47,0,0
BRDA:99,47,1,0
BRDA:111,48,0,0
BRDA:111,48,1,0
BRDA:111,49,0,0
BRDA:111,49,1,0
BRDA:112,50,0,0
BRDA:112,50,1,0
BRDA:112,50,2,0
BRDA:112,50,3,0
BRDA:143,51,0,0
BRDA:143,51,1,0
BRDA:147,52,0,0
BRDA:147,52,1,0
BRDA:150,53,0,0
BRDA:150,53,1,0
BRDA:153,54,0,0
BRDA:153,54,1,0
BRF:129
BRH:39
end_of_record
TN:
SF:src\components\DashboardComponents\ToolBar.js
FN:5,_interopRequireDefault
FN:5,_getRequireWildcardCache
FN:5,_getRequireWildcardCache
FN:5,_interopRequireWildcard
FN:5,_classCallCheck
FN:5,_defineProperties
FN:5,_createClass
FN:5,_inherits
FN:5,_setPrototypeOf
FN:5,_setPrototypeOf
FN:5,_createSuper
FN:5,_createSuperInternal
FN:5,_possibleConstructorReturn
FN:5,_assertThisInitialized
FN:5,_isNativeReflectConstruct
FN:5,(anonymous_15)
FN:5,_getPrototypeOf
FN:5,_getPrototypeOf
FN:7,(anonymous_18)
FN:8,ToolBar
FN:17,_callee3
FN:17,_callee3$
FN:19,_callee
FN:19,_callee$
FN:30,_callee2
FN:30,_callee2$
FN:40,(anonymous_26)
FN:54,(anonymous_27)
FN:60,(anonymous_28)
FN:62,render
FNF:30
FNH:19
FNDA:4,_interopRequireDefault
FNDA:2,_getRequireWildcardCache
FNDA:0,_getRequireWildcardCache
FNDA:2,_interopRequireWildcard
FNDA:2,_classCallCheck
FNDA:2,_defineProperties
FNDA:2,_createClass
FNDA:2,_inherits
FNDA:2,_setPrototypeOf
FNDA:0,_setPrototypeOf
FNDA:2,_createSuper
FNDA:2,_createSuperInternal
FNDA:2,_possibleConstructorReturn
FNDA:0,_assertThisInitialized
FNDA:2,_isNativeReflectConstruct
FNDA:0,(anonymous_15)
FNDA:1,_getPrototypeOf
FNDA:0,_getPrototypeOf
FNDA:2,(anonymous_18)
FNDA:2,ToolBar
FNDA:2,_callee3
FNDA:2,_callee3$
FNDA:0,_callee
FNDA:0,_callee$
FNDA:0,_callee2
FNDA:0,_callee2$
FNDA:1,(anonymous_26)
FNDA:0,(anonymous_27)
FNDA:0,(anonymous_28)
FNDA:4,render
DA:1,2
DA:2,2
DA:3,2
DA:4,2
DA:5,56
DA:7,2
DA:8,2
DA:9,2
DA:17,2
DA:19,0
DA:20,0
DA:22,0
DA:26,0
DA:30,0
DA:31,0
DA:36,2
DA:41,1
DA:42,1
DA:43,0
DA:47,1
DA:52,2
DA:55,0
DA:56,0
DA:58,2
DA:61,0
DA:62,2
DA:65,4
DA:93,2
LF:28
LH:18
BRDA:5,0,0,4
BRDA:5,0,1,0
BRDA:5,1,0,4
BRDA:5,1,1,4
BRDA:5,2,0,0
BRDA:5,2,1,2
BRDA:5,3,0,0
BRDA:5,3,1,2
BRDA:5,4,0,2
BRDA:5,4,1,2
BRDA:5,5,0,0
BRDA:5,5,1,2
BRDA:5,6,0,2
BRDA:5,6,1,2
BRDA:5,6,2,0
BRDA:5,7,0,0
BRDA:5,7,1,2
BRDA:5,8,0,2
BRDA:5,8,1,2
BRDA:5,9,0,2
BRDA:5,9,1,2
BRDA:5,10,0,56
BRDA:5,10,1,0
BRDA:5,11,0,56
BRDA:5,11,1,0
BRDA:5,12,0,0
BRDA:5,12,1,56
BRDA:5,13,0,56
BRDA:5,13,1,56
BRDA:5,13,2,56
BRDA:5,14,0,2
BRDA:5,14,1,0
BRDA:5,15,0,0
BRDA:5,15,1,2
BRDA:5,16,0,2
BRDA:5,16,1,2
BRDA:5,17,0,2
BRDA:5,17,1,0
BRDA:5,18,0,2
BRDA:5,18,1,0
BRDA:5,19,0,0
BRDA:5,19,1,2
BRDA:5,20,0,0
BRDA:5,20,1,2
BRDA:5,21,0,2
BRDA:5,21,1,0
BRDA:5,22,0,2
BRDA:5,22,1,2
BRDA:5,23,0,2
BRDA:5,23,1,0
BRDA:5,24,0,2
BRDA:5,24,1,0
BRDA:5,25,0,2
BRDA:5,25,1,0
BRDA:5,26,0,2
BRDA:5,26,1,0
BRDA:5,27,0,2
BRDA:5,27,1,2
BRDA:5,27,2,0
BRDA:5,28,0,0
BRDA:5,28,1,0
BRDA:5,29,0,0
BRDA:5,29,1,2
BRDA:5,30,0,2
BRDA:5,30,1,2
BRDA:5,31,0,0
BRDA:5,31,1,2
BRDA:5,32,0,2
BRDA:5,32,1,0
BRDA:5,33,0,1
BRDA:5,33,1,0
BRDA:5,34,0,0
BRDA:5,34,1,0
BRDA:17,35,0,2
BRDA:17,35,1,0
BRDA:17,35,2,0
BRDA:19,36,0,0
BRDA:19,36,1,0
BRDA:19,36,2,0
BRDA:19,36,3,0
BRDA:19,36,4,0
BRDA:19,37,0,0
BRDA:19,37,1,0
BRDA:30,38,0,0
BRDA:30,38,1,0
BRDA:30,38,2,0
BRDA:30,38,3,0
BRDA:30,39,0,0
BRDA:30,39,1,0
BRDA:42,40,0,0
BRDA:42,40,1,1
BRDA:78,41,0,0
BRDA:78,41,1,4
BRDA:86,42,0,4
BRDA:86,42,1,0
BRF:95
BRH:48
end_of_record
TN:
SF:src\components\Drawer\DrawerContent.js
FN:8,_interopRequireDefault
FN:8,_getRequireWildcardCache
FN:8,_getRequireWildcardCache
FN:8,_interopRequireWildcard
FN:8,_classCallCheck
FN:8,_defineProperties
FN:8,_createClass
FN:8,_inherits
FN:8,_setPrototypeOf
FN:8,_setPrototypeOf
FN:8,_createSuper
FN:8,_createSuperInternal
FN:8,_possibleConstructorReturn
FN:8,_assertThisInitialized
FN:8,_isNativeReflectConstruct
FN:8,(anonymous_15)
FN:8,_getPrototypeOf
FN:8,_getPrototypeOf
FN:10,(anonymous_18)
FN:11,DrawerContent
FN:15,_callee
FN:15,_callee$
FN:23,(anonymous_22)
FN:30,(anonymous_23)
FN:37,(anonymous_24)
FN:44,(anonymous_25)
FN:51,(anonymous_26)
FN:54,render
FN:63,(anonymous_28)
FN:64,onPress
FN:77,mapStateToProps
FN:83,mapDispatchToProps
FN:85,storelabelAndKey
FNF:33
FNH:10
FNDA:1,_interopRequireDefault
FNDA:1,_getRequireWildcardCache
FNDA:0,_getRequireWildcardCache
FNDA:1,_interopRequireWildcard
FNDA:0,_classCallCheck
FNDA:1,_defineProperties
FNDA:1,_createClass
FNDA:1,_inherits
FNDA:1,_setPrototypeOf
FNDA:0,_setPrototypeOf
FNDA:1,_createSuper
FNDA:0,_createSuperInternal
FNDA:0,_possibleConstructorReturn
FNDA:0,_assertThisInitialized
FNDA:1,_isNativeReflectConstruct
FNDA:0,(anonymous_15)
FNDA:0,_getPrototypeOf
FNDA:0,_getPrototypeOf
FNDA:1,(anonymous_18)
FNDA:0,DrawerContent
FNDA:0,_callee
FNDA:0,_callee$
FNDA:0,(anonymous_22)
FNDA:0,(anonymous_23)
FNDA:0,(anonymous_24)
FNDA:0,(anonymous_25)
FNDA:0,(anonymous_26)
FNDA:0,render
FNDA:0,(anonymous_28)
FNDA:0,onPress
FNDA:0,mapStateToProps
FNDA:0,mapDispatchToProps
FNDA:0,storelabelAndKey
DA:1,1
DA:2,1
DA:3,1
DA:4,1
DA:5,1
DA:6,1
DA:7,1
DA:8,28
DA:10,1
DA:11,0
DA:12,0
DA:15,0
DA:16,0
DA:17,0
DA:18,0
DA:19,0
DA:20,0
DA:24,0
DA:25,0
DA:26,0
DA:28,0
DA:31,0
DA:32,0
DA:33,0
DA:35,0
DA:38,0
DA:39,0
DA:40,0
DA:42,0
DA:45,0
DA:46,0
DA:47,0
DA:49,0
DA:52,0
DA:53,0
DA:54,1
DA:56,0
DA:57,0
DA:63,0
DA:64,0
DA:74,1
DA:77,1
DA:78,0
DA:83,1
DA:84,0
DA:85,0
DA:89,1
LF:47
LH:14
BRDA:8,0,0,1
BRDA:8,0,1,0
BRDA:8,1,0,1
BRDA:8,1,1,1
BRDA:8,2,0,0
BRDA:8,2,1,1
BRDA:8,3,0,0
BRDA:8,3,1,1
BRDA:8,4,0,1
BRDA:8,4,1,1
BRDA:8,5,0,0
BRDA:8,5,1,1
BRDA:8,6,0,1
BRDA:8,6,1,1
BRDA:8,6,2,0
BRDA:8,7,0,0
BRDA:8,7,1,1
BRDA:8,8,0,1
BRDA:8,8,1,1
BRDA:8,9,0,1
BRDA:8,9,1,1
BRDA:8,10,0,28
BRDA:8,10,1,0
BRDA:8,11,0,28
BRDA:8,11,1,0
BRDA:8,12,0,0
BRDA:8,12,1,28
BRDA:8,13,0,28
BRDA:8,13,1,28
BRDA:8,13,2,28
BRDA:8,14,0,1
BRDA:8,14,1,0
BRDA:8,15,0,0
BRDA:8,15,1,0
BRDA:8,16,0,1
BRDA:8,16,1,1
BRDA:8,17,0,1
BRDA:8,17,1,0
BRDA:8,18,0,1
BRDA:8,18,1,0
BRDA:8,19,0,0
BRDA:8,19,1,1
BRDA:8,20,0,0
BRDA:8,20,1,1
BRDA:8,21,0,1
BRDA:8,21,1,0
BRDA:8,22,0,1
BRDA:8,22,1,1
BRDA:8,23,0,1
BRDA:8,23,1,0
BRDA:8,24,0,1
BRDA:8,24,1,0
BRDA:8,25,0,0
BRDA:8,25,1,0
BRDA:8,26,0,0
BRDA:8,26,1,0
BRDA:8,27,0,0
BRDA:8,27,1,0
BRDA:8,27,2,0
BRDA:8,28,0,0
BRDA:8,28,1,0
BRDA:8,29,0,0
BRDA:8,29,1,1
BRDA:8,30,0,1
BRDA:8,30,1,1
BRDA:8,31,0,0
BRDA:8,31,1,1
BRDA:8,32,0,1
BRDA:8,32,1,0
BRDA:8,33,0,0
BRDA:8,33,1,0
BRDA:8,34,0,0
BRDA:8,34,1,0
BRDA:15,35,0,0
BRDA:15,35,1,0
BRDA:15,35,2,0
BRF:76
BRH:38
end_of_record
TN:
SF:src\redux\actions\CreateNewLabelAction.js
FN:14,storeUserID
FN:21,storeLabelContent
FN:28,storeNoteKeys
FN:35,storeLabels
FN:42,storeDailogStatus
FN:49,storeDeleteKey
FN:56,storeSelectedLabelKeys
FN:63,storeNotesArchivedStatus
FN:70,storeEditNotesDetails
FN:77,storeNoteKeyToUpdateNotes
FN:84,storelabelsAndLabelKeys
FN:91,storelabelAndKey
FN:98,storelabelScreen
FNF:13
FNH:0
FNDA:0,storeUserID
FNDA:0,storeLabelContent
FNDA:0,storeNoteKeys
FNDA:0,storeLabels
FNDA:0,storeDailogStatus
FNDA:0,storeDeleteKey
FNDA:0,storeSelectedLabelKeys
FNDA:0,storeNotesArchivedStatus
FNDA:0,storeEditNotesDetails
FNDA:0,storeNoteKeyToUpdateNotes
FNDA:0,storelabelsAndLabelKeys
FNDA:0,storelabelAndKey
FNDA:0,storelabelScreen
DA:1,5
DA:14,5
DA:15,0
DA:19,5
DA:21,5
DA:22,0
DA:26,5
DA:28,5
DA:29,0
DA:33,5
DA:35,5
DA:36,0
DA:40,5
DA:42,5
DA:43,0
DA:47,5
DA:49,5
DA:50,0
DA:54,5
DA:56,5
DA:57,0
DA:61,5
DA:63,5
DA:64,0
DA:68,5
DA:70,5
DA:71,0
DA:75,5
DA:77,5
DA:78,0
DA:82,5
DA:84,5
DA:85,0
DA:89,5
DA:91,5
DA:92,0
DA:96,5
DA:98,5
DA:99,0
DA:103,5
LF:40
LH:27
BRF:0
BRH:0
end_of_record
TN:
SF:src\redux\actions\CreateNewLabelType.js
FNF:0
FNH:0
DA:1,5
DA:2,5
DA:3,5
DA:4,5
DA:5,5
DA:6,5
DA:7,5
DA:8,5
DA:9,5
DA:10,5
DA:12,5
DA:13,5
DA:14,5
LF:13
LH:13
BRF:0
BRH:0
end_of_record
TN:
SF:src\styles\AddNewNotesStyles.js
FNF:0
FNH:0
DA:1,1
DA:3,1
DA:30,1
LF:3
LH:3
BRF:0
BRH:0
end_of_record
TN:
SF:src\styles\DashBoardScreenStyles.js
FNF:0
FNH:0
DA:1,4
DA:3,4
DA:67,4
LF:3
LH:3
BRF:0
BRH:0
end_of_record
TN:
SF:src\styles\DrawContentStyle.js
FNF:0
FNH:0
DA:1,1
DA:3,1
DA:15,1
LF:3
LH:3
BRF:0
BRH:0
end_of_record
TN:
SF:src\styles\ForgotPasswordScreenStyles.js
FN:2,_interopRequireDefault
FNF:1
FNH:1
FNDA:1,_interopRequireDefault
DA:1,1
DA:2,1
DA:4,1
DA:84,1
LF:4
LH:4
BRDA:2,0,0,0
BRDA:2,0,1,1
BRDA:2,1,0,1
BRDA:2,1,1,1
BRF:4
BRH:3
end_of_record
TN:
SF:src\styles\LogInPageStyles.js
FN:2,_interopRequireDefault
FNF:1
FNH:1
FNDA:1,_interopRequireDefault
DA:1,1
DA:2,1
DA:4,1
DA:113,1
LF:4
LH:4
BRDA:2,0,0,0
BRDA:2,0,1,1
BRDA:2,1,0,1
BRDA:2,1,1,1
BRF:4
BRH:3
end_of_record
TN:
SF:src\styles\NoteViewStyles.js
FN:2,_interopRequireDefault
FNF:1
FNH:1
FNDA:2,_interopRequireDefault
DA:1,2
DA:2,2
DA:4,2
DA:38,2
LF:4
LH:4
BRDA:2,0,0,0
BRDA:2,0,1,2
BRDA:2,1,0,2
BRDA:2,1,1,2
BRF:4
BRH:3
end_of_record
TN:
SF:src\styles\ProfileStyles.js
FNF:0
FNH:0
DA:1,1
DA:3,1
DA:82,1
LF:3
LH:3
BRF:0
BRH:0
end_of_record
TN:
SF:src\styles\SignUpStyles.js
FN:2,_interopRequireDefault
FNF:1
FNH:1
FNDA:1,_interopRequireDefault
DA:1,1
DA:2,1
DA:4,1
DA:90,1
LF:4
LH:4
BRDA:2,0,0,0
BRDA:2,0,1,1
BRDA:2,1,0,1
BRDA:2,1,1,1
BRF:4
BRH:3
end_of_record
